---------------------------------------------------------------
[ 2019-06-09T08:17:16+08:00 ] 47.100.53.146 GET blog_api.xukai.ink/
[运行时间：0.160403s] [吞吐率：6.23req/s] [内存消耗：165.72kb] [文件加载：28]
[ info ] [ LANG ] C:\wamp64\www\blog\thinkphp\lang\zh-cn.php
[ info ] [ LOG ] INIT File
---------------------------------------------------------------
[ 2019-06-09T11:24:16+08:00 ] 223.104.10.32 POST blog_api.xukai.ink/cate/get_cs
[运行时间：0.015998s] [吞吐率：62.51req/s] [内存消耗：468.92kb] [文件加载：35]
[ info ] [ LANG ] C:\wamp64\www\blog\thinkphp\lang\zh-cn.php
[ info ] [ ROUTE ] array (
  'type' => 'module',
  'module' => 
  array (
    0 => 'index',
    1 => 'category',
    2 => 'getCategory_s',
  ),
  'convert' => false,
)
[ info ] [ HEADER ] array (
  'host' => 'blog_api.xukai.ink',
  'connection' => 'keep-alive',
  'content-length' => '0',
  'accept' => '*/*',
  'origin' => 'http://blog.xukai.ink',
  'user-agent' => 'Mozilla/5.0 (Linux; Android 8.1.0; Mi Note 3 Build/OPM1.171019.019; wv) AppleWebKit/537.36 (KHTML, like Gecko) Version/4.0 Chrome/66.0.3359.126 MQQBrowser/6.2 TBS/044704 Mobile Safari/537.36 V1_AND_SQ_7.9.9_1010_YYB_D QQ/7.9.9.3965 NetType/4G WebP/0.3.0 Pixel/1080 StatusBarHeight/66',
  'referer' => 'http://blog.xukai.ink/',
  'accept-encoding' => 'gzip, deflate',
  'accept-language' => 'zh-CN,en-US;q=0.9',
  'x-requested-with' => 'com.tencent.mobileqq',
)
[ info ] [ PARAM ] array (
)
[ info ] [ DB ] INIT mysql
[ info ] [ RUN ] app\index\controller\Category->getCategory_s[ C:\wamp64\www\blog\application\index\controller\Category.php ]
[ info ] [ LOG ] INIT File
[ sql ] [ DB ] CONNECT:[ UseTime:0.000904s ] mysql:host=127.0.0.1;dbname=blog;charset=utf8
[ sql ] [ SQL ] SHOW COLUMNS FROM `b_category` [ RunTime:0.001095s ]
[ sql ] [ SQL ] SELECT * FROM `b_category` WHERE  `pid` = 0 [ RunTime:0.000428s ]
[ sql ] [ SQL ] SELECT * FROM `b_category` WHERE  `pid` > 0 [ RunTime:0.000384s ]
---------------------------------------------------------------
[ 2019-06-09T11:24:16+08:00 ] 223.104.10.32 POST blog_api.xukai.ink/user/isLogin
[运行时间：0.014814s] [吞吐率：67.50req/s] [内存消耗：185.34kb] [文件加载：26]
[ info ] [ LANG ] C:\wamp64\www\blog\thinkphp\lang\zh-cn.php
[ info ] [ ROUTE ] array (
  'type' => 'module',
  'module' => 
  array (
    0 => 'index',
    1 => 'user',
    2 => 'isLogin',
  ),
  'convert' => false,
)
[ info ] [ HEADER ] array (
  'host' => 'blog_api.xukai.ink',
  'connection' => 'keep-alive',
  'content-length' => '0',
  'accept' => '*/*',
  'origin' => 'http://blog.xukai.ink',
  'user-agent' => 'Mozilla/5.0 (Linux; Android 8.1.0; Mi Note 3 Build/OPM1.171019.019; wv) AppleWebKit/537.36 (KHTML, like Gecko) Version/4.0 Chrome/66.0.3359.126 MQQBrowser/6.2 TBS/044704 Mobile Safari/537.36 V1_AND_SQ_7.9.9_1010_YYB_D QQ/7.9.9.3965 NetType/4G WebP/0.3.0 Pixel/1080 StatusBarHeight/66',
  'referer' => 'http://blog.xukai.ink/',
  'accept-encoding' => 'gzip, deflate',
  'accept-language' => 'zh-CN,en-US;q=0.9',
  'x-requested-with' => 'com.tencent.mobileqq',
)
[ info ] [ PARAM ] array (
)
[ info ] [ RUN ] app\index\controller\User->isLogin[ C:\wamp64\www\blog\application\index\controller\User.php ]
[ info ] [ LOG ] INIT File
---------------------------------------------------------------
[ 2019-06-09T11:24:16+08:00 ] 223.104.10.32 POST blog_api.xukai.ink/category/get_guidang
[运行时间：0.036665s] [吞吐率：27.27req/s] [内存消耗：402.78kb] [文件加载：36]
[ info ] [ LANG ] C:\wamp64\www\blog\thinkphp\lang\zh-cn.php
[ info ] [ ROUTE ] array (
  'type' => 'module',
  'module' => 
  array (
    0 => 'index',
    1 => 'article',
    2 => 'get_guidang',
  ),
  'convert' => false,
)
[ info ] [ HEADER ] array (
  'host' => 'blog_api.xukai.ink',
  'connection' => 'keep-alive',
  'content-length' => '0',
  'accept' => '*/*',
  'origin' => 'http://blog.xukai.ink',
  'user-agent' => 'Mozilla/5.0 (Linux; Android 8.1.0; Mi Note 3 Build/OPM1.171019.019; wv) AppleWebKit/537.36 (KHTML, like Gecko) Version/4.0 Chrome/66.0.3359.126 MQQBrowser/6.2 TBS/044704 Mobile Safari/537.36 V1_AND_SQ_7.9.9_1010_YYB_D QQ/7.9.9.3965 NetType/4G WebP/0.3.0 Pixel/1080 StatusBarHeight/66',
  'referer' => 'http://blog.xukai.ink/',
  'accept-encoding' => 'gzip, deflate',
  'accept-language' => 'zh-CN,en-US;q=0.9',
  'x-requested-with' => 'com.tencent.mobileqq',
)
[ info ] [ PARAM ] array (
)
[ info ] [ DB ] INIT mysql
[ info ] [ RUN ] app\index\controller\Article->get_guidang[ C:\wamp64\www\blog\application\index\controller\Article.php ]
[ info ] [ LOG ] INIT File
[ sql ] [ DB ] CONNECT:[ UseTime:0.005274s ] mysql:host=127.0.0.1;dbname=blog;charset=utf8
[ sql ] [ SQL ] SHOW COLUMNS FROM `b_article` [ RunTime:0.001858s ]
[ sql ] [ SQL ] SELECT `guidang` FROM `b_article` WHERE  `status` = 1 GROUP BY `guidang` [ RunTime:0.001152s ]
---------------------------------------------------------------
[ 2019-06-09T11:24:16+08:00 ] 223.104.10.32 POST blog_api.xukai.ink/article/get_list
[运行时间：0.035441s] [吞吐率：28.22req/s] [内存消耗：429.21kb] [文件加载：38]
[ info ] [ LANG ] C:\wamp64\www\blog\thinkphp\lang\zh-cn.php
[ info ] [ ROUTE ] array (
  'type' => 'module',
  'module' => 
  array (
    0 => 'index',
    1 => 'article',
    2 => 'get_list',
  ),
  'convert' => false,
)
[ info ] [ HEADER ] array (
  'host' => 'blog_api.xukai.ink',
  'connection' => 'keep-alive',
  'content-length' => '0',
  'accept' => '*/*',
  'origin' => 'http://blog.xukai.ink',
  'user-agent' => 'Mozilla/5.0 (Linux; Android 8.1.0; Mi Note 3 Build/OPM1.171019.019; wv) AppleWebKit/537.36 (KHTML, like Gecko) Version/4.0 Chrome/66.0.3359.126 MQQBrowser/6.2 TBS/044704 Mobile Safari/537.36 V1_AND_SQ_7.9.9_1010_YYB_D QQ/7.9.9.3965 NetType/4G WebP/0.3.0 Pixel/1080 StatusBarHeight/66',
  'referer' => 'http://blog.xukai.ink/',
  'accept-encoding' => 'gzip, deflate',
  'accept-language' => 'zh-CN,en-US;q=0.9',
  'x-requested-with' => 'com.tencent.mobileqq',
)
[ info ] [ PARAM ] array (
)
[ info ] [ DB ] INIT mysql
[ info ] [ RUN ] app\index\controller\Article->get_list[ C:\wamp64\www\blog\application\index\controller\Article.php ]
[ info ] [ LOG ] INIT File
[ sql ] [ DB ] CONNECT:[ UseTime:0.007206s ] mysql:host=127.0.0.1;dbname=blog;charset=utf8
[ sql ] [ SQL ] SHOW COLUMNS FROM `b_tag` [ RunTime:0.002069s ]
[ sql ] [ SQL ] SELECT * FROM `b_tag` WHERE  (  id>=1 ) [ RunTime:0.001249s ]
[ sql ] [ SQL ] SHOW COLUMNS FROM `common` [ RunTime:0.003758s ]
[ sql ] [ SQL ] SELECT article_id, count(article_id) as num FROM `common` GROUP BY `article_id` [ RunTime:0.000441s ]
[ sql ] [ SQL ] SHOW COLUMNS FROM `b_article` [ RunTime:0.000842s ]
[ sql ] [ SQL ] SELECT `id`,`title`,`u_name`,`hit`,`c_id`,`c_title`,`t_id`,`c_time` FROM `b_article` WHERE  `status` = 1 ORDER BY `c_time` DESC [ RunTime:0.000835s ]
---------------------------------------------------------------
[ 2019-06-09T11:24:35+08:00 ] 223.104.10.32 POST blog_api.xukai.ink/user/login
[运行时间：0.014669s] [吞吐率：68.17req/s] [内存消耗：407.84kb] [文件加载：35]
[ info ] [ LANG ] C:\wamp64\www\blog\thinkphp\lang\zh-cn.php
[ info ] [ ROUTE ] array (
  'type' => 'module',
  'module' => 
  array (
    0 => 'index',
    1 => 'User',
    2 => 'login',
  ),
  'convert' => false,
)
[ info ] [ HEADER ] array (
  'host' => 'blog_api.xukai.ink',
  'connection' => 'keep-alive',
  'content-length' => '20',
  'accept' => '*/*',
  'origin' => 'http://blog.xukai.ink',
  'user-agent' => 'Mozilla/5.0 (Linux; Android 8.1.0; Mi Note 3 Build/OPM1.171019.019; wv) AppleWebKit/537.36 (KHTML, like Gecko) Version/4.0 Chrome/66.0.3359.126 MQQBrowser/6.2 TBS/044704 Mobile Safari/537.36 V1_AND_SQ_7.9.9_1010_YYB_D QQ/7.9.9.3965 NetType/4G WebP/0.3.0 Pixel/1080 StatusBarHeight/66',
  'content-type' => 'application/x-www-form-urlencoded; charset=UTF-8',
  'referer' => 'http://blog.xukai.ink/',
  'accept-encoding' => 'gzip, deflate',
  'accept-language' => 'zh-CN,en-US;q=0.9',
  'x-requested-with' => 'com.tencent.mobileqq',
)
[ info ] [ PARAM ] array (
  'name' => 'xk',
  'password' => '123',
)
[ info ] [ RUN ] app\index\controller\User->login[ C:\wamp64\www\blog\application\index\controller\User.php ]
[ info ] [ DB ] INIT mysql
[ info ] [ LOG ] INIT File
[ sql ] [ DB ] CONNECT:[ UseTime:0.000905s ] mysql:host=127.0.0.1;dbname=blog;charset=utf8
[ sql ] [ SQL ] SHOW COLUMNS FROM `b_user` [ RunTime:0.001383s ]
[ sql ] [ SQL ] SELECT * FROM `b_user` WHERE  `name` = 'xk' LIMIT 1 [ RunTime:0.000430s ]
---------------------------------------------------------------
[ 2019-06-09T11:24:37+08:00 ] 223.104.10.32 POST blog_api.xukai.ink/index/location
[运行时间：0.288223s] [吞吐率：3.47req/s] [内存消耗：183.76kb] [文件加载：25]
[ info ] [ LANG ] C:\wamp64\www\blog\thinkphp\lang\zh-cn.php
[ info ] [ ROUTE ] array (
  'type' => 'module',
  'module' => 
  array (
    0 => 'index',
    1 => 'index',
    2 => 'getLocation',
  ),
  'convert' => false,
)
[ info ] [ HEADER ] array (
  'host' => 'blog_api.xukai.ink',
  'connection' => 'keep-alive',
  'content-length' => '0',
  'accept' => '*/*',
  'origin' => 'http://blog.xukai.ink',
  'user-agent' => 'Mozilla/5.0 (Linux; Android 8.1.0; Mi Note 3 Build/OPM1.171019.019; wv) AppleWebKit/537.36 (KHTML, like Gecko) Version/4.0 Chrome/66.0.3359.126 MQQBrowser/6.2 TBS/044704 Mobile Safari/537.36 V1_AND_SQ_7.9.9_1010_YYB_D QQ/7.9.9.3965 NetType/4G WebP/0.3.0 Pixel/1080 StatusBarHeight/66',
  'referer' => 'http://blog.xukai.ink/admin/admin.html',
  'accept-encoding' => 'gzip, deflate',
  'accept-language' => 'zh-CN,en-US;q=0.9',
  'x-requested-with' => 'com.tencent.mobileqq',
)
[ info ] [ PARAM ] array (
)
[ info ] [ RUN ] app\index\controller\Index->getLocation[ C:\wamp64\www\blog\application\index\controller\Index.php ]
[ info ] [ LOG ] INIT File
---------------------------------------------------------------
[ 2019-06-09T11:24:38+08:00 ] 223.104.10.32 POST blog_api.xukai.ink/weather
[运行时间：0.105268s] [吞吐率：9.50req/s] [内存消耗：183.23kb] [文件加载：25]
[ info ] [ LANG ] C:\wamp64\www\blog\thinkphp\lang\zh-cn.php
[ info ] [ ROUTE ] array (
  'type' => 'module',
  'module' => 
  array (
    0 => 'index',
    1 => 'index',
    2 => 'getWeater',
  ),
  'convert' => false,
)
[ info ] [ HEADER ] array (
  'host' => 'blog_api.xukai.ink',
  'connection' => 'keep-alive',
  'content-length' => '45',
  'accept' => '*/*',
  'origin' => 'http://blog.xukai.ink',
  'user-agent' => 'Mozilla/5.0 (Linux; Android 8.1.0; Mi Note 3 Build/OPM1.171019.019; wv) AppleWebKit/537.36 (KHTML, like Gecko) Version/4.0 Chrome/66.0.3359.126 MQQBrowser/6.2 TBS/044704 Mobile Safari/537.36 V1_AND_SQ_7.9.9_1010_YYB_D QQ/7.9.9.3965 NetType/4G WebP/0.3.0 Pixel/1080 StatusBarHeight/66',
  'content-type' => 'application/x-www-form-urlencoded; charset=UTF-8',
  'referer' => 'http://blog.xukai.ink/admin/admin.html',
  'accept-encoding' => 'gzip, deflate',
  'accept-language' => 'zh-CN,en-US;q=0.9',
  'x-requested-with' => 'com.tencent.mobileqq',
)
[ info ] [ PARAM ] array (
  'lat' => '27.823457297444143',
  'lng' => '114.92727986672726',
)
[ info ] [ RUN ] app\index\controller\Index->getWeater[ C:\wamp64\www\blog\application\index\controller\Index.php ]
[ info ] [ LOG ] INIT File
---------------------------------------------------------------
[ 2019-06-09T11:24:52+08:00 ] 223.104.10.32 POST blog_api.xukai.ink/article/list
[运行时间：0.011536s] [吞吐率：86.69req/s] [内存消耗：406.57kb] [文件加载：35]
[ info ] [ LANG ] C:\wamp64\www\blog\thinkphp\lang\zh-cn.php
[ info ] [ ROUTE ] array (
  'type' => 'module',
  'module' => 
  array (
    0 => 'index',
    1 => 'article',
    2 => 'list',
  ),
  'convert' => false,
)
[ info ] [ HEADER ] array (
  'host' => 'blog_api.xukai.ink',
  'connection' => 'keep-alive',
  'content-length' => '0',
  'accept' => '*/*',
  'origin' => 'http://blog.xukai.ink',
  'user-agent' => 'Mozilla/5.0 (Linux; Android 8.1.0; Mi Note 3 Build/OPM1.171019.019; wv) AppleWebKit/537.36 (KHTML, like Gecko) Version/4.0 Chrome/66.0.3359.126 MQQBrowser/6.2 TBS/044704 Mobile Safari/537.36 V1_AND_SQ_7.9.9_1010_YYB_D QQ/7.9.9.3965 NetType/4G WebP/0.3.0 Pixel/1080 StatusBarHeight/66',
  'referer' => 'http://blog.xukai.ink/admin/article.html',
  'accept-encoding' => 'gzip, deflate',
  'accept-language' => 'zh-CN,en-US;q=0.9',
  'x-requested-with' => 'com.tencent.mobileqq',
)
[ info ] [ PARAM ] array (
)
[ info ] [ DB ] INIT mysql
[ info ] [ RUN ] app\index\controller\Article->list[ C:\wamp64\www\blog\application\index\controller\Article.php ]
[ info ] [ LOG ] INIT File
[ sql ] [ DB ] CONNECT:[ UseTime:0.000855s ] mysql:host=127.0.0.1;dbname=blog;charset=utf8
[ sql ] [ SQL ] SHOW COLUMNS FROM `b_article` [ RunTime:0.001130s ]
[ sql ] [ SQL ] SELECT `id`,`title`,`c_title`,`c_time`,`hit` FROM `b_article` WHERE  `status` = 1 [ RunTime:0.000579s ]
---------------------------------------------------------------
[ 2019-06-09T11:25:02+08:00 ] 223.104.10.32 POST blog_api.xukai.ink/cate/get_d
[运行时间：0.009394s] [吞吐率：106.45req/s] [内存消耗：467.60kb] [文件加载：35]
[ info ] [ LANG ] C:\wamp64\www\blog\thinkphp\lang\zh-cn.php
[ info ] [ ROUTE ] array (
  'type' => 'module',
  'module' => 
  array (
    0 => 'index',
    1 => 'category',
    2 => 'getCategory_d',
  ),
  'convert' => false,
)
[ info ] [ HEADER ] array (
  'host' => 'blog_api.xukai.ink',
  'connection' => 'keep-alive',
  'content-length' => '0',
  'accept' => '*/*',
  'origin' => 'http://blog.xukai.ink',
  'user-agent' => 'Mozilla/5.0 (Linux; Android 8.1.0; Mi Note 3 Build/OPM1.171019.019; wv) AppleWebKit/537.36 (KHTML, like Gecko) Version/4.0 Chrome/66.0.3359.126 MQQBrowser/6.2 TBS/044704 Mobile Safari/537.36 V1_AND_SQ_7.9.9_1010_YYB_D QQ/7.9.9.3965 NetType/4G WebP/0.3.0 Pixel/1080 StatusBarHeight/66',
  'referer' => 'http://blog.xukai.ink/admin/article_edit.html',
  'accept-encoding' => 'gzip, deflate',
  'accept-language' => 'zh-CN,en-US;q=0.9',
  'x-requested-with' => 'com.tencent.mobileqq',
)
[ info ] [ PARAM ] array (
)
[ info ] [ DB ] INIT mysql
[ info ] [ RUN ] app\index\controller\Category->getCategory_d[ C:\wamp64\www\blog\application\index\controller\Category.php ]
[ info ] [ LOG ] INIT File
[ sql ] [ DB ] CONNECT:[ UseTime:0.000927s ] mysql:host=127.0.0.1;dbname=blog;charset=utf8
[ sql ] [ SQL ] SHOW COLUMNS FROM `b_category` [ RunTime:0.001078s ]
[ sql ] [ SQL ] SELECT * FROM `b_category` WHERE  `pid` > 0 [ RunTime:0.000424s ]
---------------------------------------------------------------
[ 2019-06-09T11:25:02+08:00 ] 223.104.10.32 GET blog_api.xukai.ink/tag/get
[运行时间：0.008082s] [吞吐率：123.73req/s] [内存消耗：397.40kb] [文件加载：35]
[ info ] [ LANG ] C:\wamp64\www\blog\thinkphp\lang\zh-cn.php
[ info ] [ ROUTE ] array (
  'type' => 'module',
  'module' => 
  array (
    0 => 'index',
    1 => 'Tag',
    2 => 'get',
  ),
  'convert' => false,
)
[ info ] [ HEADER ] array (
  'host' => 'blog_api.xukai.ink',
  'connection' => 'keep-alive',
  'accept' => '*/*',
  'origin' => 'http://blog.xukai.ink',
  'user-agent' => 'Mozilla/5.0 (Linux; Android 8.1.0; Mi Note 3 Build/OPM1.171019.019; wv) AppleWebKit/537.36 (KHTML, like Gecko) Version/4.0 Chrome/66.0.3359.126 MQQBrowser/6.2 TBS/044704 Mobile Safari/537.36 V1_AND_SQ_7.9.9_1010_YYB_D QQ/7.9.9.3965 NetType/4G WebP/0.3.0 Pixel/1080 StatusBarHeight/66',
  'referer' => 'http://blog.xukai.ink/admin/article_edit.html',
  'accept-encoding' => 'gzip, deflate',
  'accept-language' => 'zh-CN,en-US;q=0.9',
  'x-requested-with' => 'com.tencent.mobileqq',
)
[ info ] [ PARAM ] array (
)
[ info ] [ DB ] INIT mysql
[ info ] [ RUN ] app\index\controller\Tag->get[ C:\wamp64\www\blog\application\index\controller\Tag.php ]
[ info ] [ LOG ] INIT File
[ sql ] [ DB ] CONNECT:[ UseTime:0.000852s ] mysql:host=127.0.0.1;dbname=blog;charset=utf8
[ sql ] [ SQL ] SHOW COLUMNS FROM `b_tag` [ RunTime:0.001027s ]
[ sql ] [ SQL ] SELECT * FROM `b_tag` WHERE  (  id>=1 ) [ RunTime:0.000476s ]
---------------------------------------------------------------
[ 2019-06-09T11:25:03+08:00 ] 223.104.10.32 POST blog_api.xukai.ink/article/getOne
[运行时间：0.008807s] [吞吐率：113.55req/s] [内存消耗：404.13kb] [文件加载：35]
[ info ] [ LANG ] C:\wamp64\www\blog\thinkphp\lang\zh-cn.php
[ info ] [ ROUTE ] array (
  'type' => 'module',
  'module' => 
  array (
    0 => 'index',
    1 => 'article',
    2 => 'getOne',
  ),
  'convert' => false,
)
[ info ] [ HEADER ] array (
  'host' => 'blog_api.xukai.ink',
  'connection' => 'keep-alive',
  'content-length' => '4',
  'accept' => '*/*',
  'origin' => 'http://blog.xukai.ink',
  'user-agent' => 'Mozilla/5.0 (Linux; Android 8.1.0; Mi Note 3 Build/OPM1.171019.019; wv) AppleWebKit/537.36 (KHTML, like Gecko) Version/4.0 Chrome/66.0.3359.126 MQQBrowser/6.2 TBS/044704 Mobile Safari/537.36 V1_AND_SQ_7.9.9_1010_YYB_D QQ/7.9.9.3965 NetType/4G WebP/0.3.0 Pixel/1080 StatusBarHeight/66',
  'content-type' => 'application/x-www-form-urlencoded; charset=UTF-8',
  'referer' => 'http://blog.xukai.ink/admin/article_edit.html',
  'accept-encoding' => 'gzip, deflate',
  'accept-language' => 'zh-CN,en-US;q=0.9',
  'x-requested-with' => 'com.tencent.mobileqq',
)
[ info ] [ PARAM ] array (
  'id' => '9',
)
[ info ] [ DB ] INIT mysql
[ info ] [ RUN ] app\index\controller\Article->getOne[ C:\wamp64\www\blog\application\index\controller\Article.php ]
[ info ] [ LOG ] INIT File
[ sql ] [ DB ] CONNECT:[ UseTime:0.000859s ] mysql:host=127.0.0.1;dbname=blog;charset=utf8
[ sql ] [ SQL ] SHOW COLUMNS FROM `b_article` [ RunTime:0.001163s ]
[ sql ] [ SQL ] SELECT * FROM `b_article` WHERE  `id` = 9 LIMIT 1 [ RunTime:0.000564s ]
---------------------------------------------------------------
[ 2019-06-09T11:25:15+08:00 ] 223.104.10.32 POST blog_api.xukai.ink/cate/get_cs
[运行时间：0.009739s] [吞吐率：102.68req/s] [内存消耗：468.92kb] [文件加载：35]
[ info ] [ LANG ] C:\wamp64\www\blog\thinkphp\lang\zh-cn.php
[ info ] [ ROUTE ] array (
  'type' => 'module',
  'module' => 
  array (
    0 => 'index',
    1 => 'category',
    2 => 'getCategory_s',
  ),
  'convert' => false,
)
[ info ] [ HEADER ] array (
  'host' => 'blog_api.xukai.ink',
  'connection' => 'keep-alive',
  'content-length' => '0',
  'accept' => '*/*',
  'origin' => 'http://blog.xukai.ink',
  'user-agent' => 'Mozilla/5.0 (Linux; Android 8.1.0; Mi Note 3 Build/OPM1.171019.019; wv) AppleWebKit/537.36 (KHTML, like Gecko) Version/4.0 Chrome/66.0.3359.126 MQQBrowser/6.2 TBS/044704 Mobile Safari/537.36 V1_AND_SQ_7.9.9_1010_YYB_D QQ/7.9.9.3965 NetType/4G WebP/0.3.0 Pixel/1080 StatusBarHeight/66',
  'referer' => 'http://blog.xukai.ink/',
  'accept-encoding' => 'gzip, deflate',
  'accept-language' => 'zh-CN,en-US;q=0.9',
  'x-requested-with' => 'com.tencent.mobileqq',
)
[ info ] [ PARAM ] array (
)
[ info ] [ DB ] INIT mysql
[ info ] [ RUN ] app\index\controller\Category->getCategory_s[ C:\wamp64\www\blog\application\index\controller\Category.php ]
[ info ] [ LOG ] INIT File
[ sql ] [ DB ] CONNECT:[ UseTime:0.000971s ] mysql:host=127.0.0.1;dbname=blog;charset=utf8
[ sql ] [ SQL ] SHOW COLUMNS FROM `b_category` [ RunTime:0.000980s ]
[ sql ] [ SQL ] SELECT * FROM `b_category` WHERE  `pid` = 0 [ RunTime:0.000424s ]
[ sql ] [ SQL ] SELECT * FROM `b_category` WHERE  `pid` > 0 [ RunTime:0.000524s ]
---------------------------------------------------------------
[ 2019-06-09T11:25:15+08:00 ] 223.104.10.32 POST blog_api.xukai.ink/category/get_guidang
[运行时间：0.007643s] [吞吐率：130.84req/s] [内存消耗：402.78kb] [文件加载：36]
[ info ] [ LANG ] C:\wamp64\www\blog\thinkphp\lang\zh-cn.php
[ info ] [ ROUTE ] array (
  'type' => 'module',
  'module' => 
  array (
    0 => 'index',
    1 => 'article',
    2 => 'get_guidang',
  ),
  'convert' => false,
)
[ info ] [ HEADER ] array (
  'host' => 'blog_api.xukai.ink',
  'connection' => 'keep-alive',
  'content-length' => '0',
  'accept' => '*/*',
  'origin' => 'http://blog.xukai.ink',
  'user-agent' => 'Mozilla/5.0 (Linux; Android 8.1.0; Mi Note 3 Build/OPM1.171019.019; wv) AppleWebKit/537.36 (KHTML, like Gecko) Version/4.0 Chrome/66.0.3359.126 MQQBrowser/6.2 TBS/044704 Mobile Safari/537.36 V1_AND_SQ_7.9.9_1010_YYB_D QQ/7.9.9.3965 NetType/4G WebP/0.3.0 Pixel/1080 StatusBarHeight/66',
  'referer' => 'http://blog.xukai.ink/',
  'accept-encoding' => 'gzip, deflate',
  'accept-language' => 'zh-CN,en-US;q=0.9',
  'x-requested-with' => 'com.tencent.mobileqq',
)
[ info ] [ PARAM ] array (
)
[ info ] [ DB ] INIT mysql
[ info ] [ RUN ] app\index\controller\Article->get_guidang[ C:\wamp64\www\blog\application\index\controller\Article.php ]
[ info ] [ LOG ] INIT File
[ sql ] [ DB ] CONNECT:[ UseTime:0.000641s ] mysql:host=127.0.0.1;dbname=blog;charset=utf8
[ sql ] [ SQL ] SHOW COLUMNS FROM `b_article` [ RunTime:0.000952s ]
[ sql ] [ SQL ] SELECT `guidang` FROM `b_article` WHERE  `status` = 1 GROUP BY `guidang` [ RunTime:0.000581s ]
---------------------------------------------------------------
[ 2019-06-09T11:25:15+08:00 ] 223.104.10.32 POST blog_api.xukai.ink/article/get_list
[运行时间：0.013660s] [吞吐率：73.21req/s] [内存消耗：429.21kb] [文件加载：38]
[ info ] [ LANG ] C:\wamp64\www\blog\thinkphp\lang\zh-cn.php
[ info ] [ ROUTE ] array (
  'type' => 'module',
  'module' => 
  array (
    0 => 'index',
    1 => 'article',
    2 => 'get_list',
  ),
  'convert' => false,
)
[ info ] [ HEADER ] array (
  'host' => 'blog_api.xukai.ink',
  'connection' => 'keep-alive',
  'content-length' => '0',
  'accept' => '*/*',
  'origin' => 'http://blog.xukai.ink',
  'user-agent' => 'Mozilla/5.0 (Linux; Android 8.1.0; Mi Note 3 Build/OPM1.171019.019; wv) AppleWebKit/537.36 (KHTML, like Gecko) Version/4.0 Chrome/66.0.3359.126 MQQBrowser/6.2 TBS/044704 Mobile Safari/537.36 V1_AND_SQ_7.9.9_1010_YYB_D QQ/7.9.9.3965 NetType/4G WebP/0.3.0 Pixel/1080 StatusBarHeight/66',
  'referer' => 'http://blog.xukai.ink/',
  'accept-encoding' => 'gzip, deflate',
  'accept-language' => 'zh-CN,en-US;q=0.9',
  'x-requested-with' => 'com.tencent.mobileqq',
)
[ info ] [ PARAM ] array (
)
[ info ] [ DB ] INIT mysql
[ info ] [ RUN ] app\index\controller\Article->get_list[ C:\wamp64\www\blog\application\index\controller\Article.php ]
[ info ] [ LOG ] INIT File
[ sql ] [ DB ] CONNECT:[ UseTime:0.000655s ] mysql:host=127.0.0.1;dbname=blog;charset=utf8
[ sql ] [ SQL ] SHOW COLUMNS FROM `b_tag` [ RunTime:0.000899s ]
[ sql ] [ SQL ] SELECT * FROM `b_tag` WHERE  (  id>=1 ) [ RunTime:0.000468s ]
[ sql ] [ SQL ] SHOW COLUMNS FROM `common` [ RunTime:0.000832s ]
[ sql ] [ SQL ] SELECT article_id, count(article_id) as num FROM `common` GROUP BY `article_id` [ RunTime:0.000427s ]
[ sql ] [ SQL ] SHOW COLUMNS FROM `b_article` [ RunTime:0.000819s ]
[ sql ] [ SQL ] SELECT `id`,`title`,`u_name`,`hit`,`c_id`,`c_title`,`t_id`,`c_time` FROM `b_article` WHERE  `status` = 1 ORDER BY `c_time` DESC [ RunTime:0.000812s ]
---------------------------------------------------------------
[ 2019-06-09T11:25:15+08:00 ] 223.104.10.32 POST blog_api.xukai.ink/user/isLogin
[运行时间：0.007985s] [吞吐率：125.23req/s] [内存消耗：191.11kb] [文件加载：24]
[ info ] [ LANG ] C:\wamp64\www\blog\thinkphp\lang\zh-cn.php
[ info ] [ ROUTE ] array (
  'type' => 'module',
  'module' => 
  array (
    0 => 'index',
    1 => 'user',
    2 => 'isLogin',
  ),
  'convert' => false,
)
[ info ] [ HEADER ] array (
  'host' => 'blog_api.xukai.ink',
  'connection' => 'keep-alive',
  'content-length' => '8',
  'accept' => '*/*',
  'origin' => 'http://blog.xukai.ink',
  'user-agent' => 'Mozilla/5.0 (Linux; Android 8.1.0; Mi Note 3 Build/OPM1.171019.019; wv) AppleWebKit/537.36 (KHTML, like Gecko) Version/4.0 Chrome/66.0.3359.126 MQQBrowser/6.2 TBS/044704 Mobile Safari/537.36 V1_AND_SQ_7.9.9_1010_YYB_D QQ/7.9.9.3965 NetType/4G WebP/0.3.0 Pixel/1080 StatusBarHeight/66',
  'content-type' => 'application/x-www-form-urlencoded; charset=UTF-8',
  'referer' => 'http://blog.xukai.ink/',
  'accept-encoding' => 'gzip, deflate',
  'accept-language' => 'zh-CN,en-US;q=0.9',
  'x-requested-with' => 'com.tencent.mobileqq',
)
[ info ] [ PARAM ] array (
  'userId' => '1',
)
[ info ] [ RUN ] app\index\controller\User->isLogin[ C:\wamp64\www\blog\application\index\controller\User.php ]
[ info ] [ LOG ] INIT File
---------------------------------------------------------------
[ 2019-06-09T11:25:17+08:00 ] 223.104.10.32 POST blog_api.xukai.ink/index/location
[运行时间：0.340557s] [吞吐率：2.94req/s] [内存消耗：183.76kb] [文件加载：25]
[ info ] [ LANG ] C:\wamp64\www\blog\thinkphp\lang\zh-cn.php
[ info ] [ ROUTE ] array (
  'type' => 'module',
  'module' => 
  array (
    0 => 'index',
    1 => 'index',
    2 => 'getLocation',
  ),
  'convert' => false,
)
[ info ] [ HEADER ] array (
  'host' => 'blog_api.xukai.ink',
  'connection' => 'keep-alive',
  'content-length' => '0',
  'accept' => '*/*',
  'origin' => 'http://blog.xukai.ink',
  'user-agent' => 'Mozilla/5.0 (Linux; Android 8.1.0; Mi Note 3 Build/OPM1.171019.019; wv) AppleWebKit/537.36 (KHTML, like Gecko) Version/4.0 Chrome/66.0.3359.126 MQQBrowser/6.2 TBS/044704 Mobile Safari/537.36 V1_AND_SQ_7.9.9_1010_YYB_D QQ/7.9.9.3965 NetType/4G WebP/0.3.0 Pixel/1080 StatusBarHeight/66',
  'referer' => 'http://blog.xukai.ink/admin/admin.html',
  'accept-encoding' => 'gzip, deflate',
  'accept-language' => 'zh-CN,en-US;q=0.9',
  'x-requested-with' => 'com.tencent.mobileqq',
)
[ info ] [ PARAM ] array (
)
[ info ] [ RUN ] app\index\controller\Index->getLocation[ C:\wamp64\www\blog\application\index\controller\Index.php ]
[ info ] [ LOG ] INIT File
---------------------------------------------------------------
[ 2019-06-09T11:25:17+08:00 ] 223.104.10.32 POST blog_api.xukai.ink/weather
[运行时间：0.051483s] [吞吐率：19.42req/s] [内存消耗：183.23kb] [文件加载：25]
[ info ] [ LANG ] C:\wamp64\www\blog\thinkphp\lang\zh-cn.php
[ info ] [ ROUTE ] array (
  'type' => 'module',
  'module' => 
  array (
    0 => 'index',
    1 => 'index',
    2 => 'getWeater',
  ),
  'convert' => false,
)
[ info ] [ HEADER ] array (
  'host' => 'blog_api.xukai.ink',
  'connection' => 'keep-alive',
  'content-length' => '45',
  'accept' => '*/*',
  'origin' => 'http://blog.xukai.ink',
  'user-agent' => 'Mozilla/5.0 (Linux; Android 8.1.0; Mi Note 3 Build/OPM1.171019.019; wv) AppleWebKit/537.36 (KHTML, like Gecko) Version/4.0 Chrome/66.0.3359.126 MQQBrowser/6.2 TBS/044704 Mobile Safari/537.36 V1_AND_SQ_7.9.9_1010_YYB_D QQ/7.9.9.3965 NetType/4G WebP/0.3.0 Pixel/1080 StatusBarHeight/66',
  'content-type' => 'application/x-www-form-urlencoded; charset=UTF-8',
  'referer' => 'http://blog.xukai.ink/admin/admin.html',
  'accept-encoding' => 'gzip, deflate',
  'accept-language' => 'zh-CN,en-US;q=0.9',
  'x-requested-with' => 'com.tencent.mobileqq',
)
[ info ] [ PARAM ] array (
  'lat' => '27.823457297444143',
  'lng' => '114.92727986672726',
)
[ info ] [ RUN ] app\index\controller\Index->getWeater[ C:\wamp64\www\blog\application\index\controller\Index.php ]
[ info ] [ LOG ] INIT File
---------------------------------------------------------------
[ 2019-06-09T11:25:21+08:00 ] 223.104.10.32 POST blog_api.xukai.ink/cate/get_cs
[运行时间：0.011362s] [吞吐率：88.01req/s] [内存消耗：468.95kb] [文件加载：35]
[ info ] [ LANG ] C:\wamp64\www\blog\thinkphp\lang\zh-cn.php
[ info ] [ ROUTE ] array (
  'type' => 'module',
  'module' => 
  array (
    0 => 'index',
    1 => 'category',
    2 => 'getCategory_s',
  ),
  'convert' => false,
)
[ info ] [ HEADER ] array (
  'host' => 'blog_api.xukai.ink',
  'connection' => 'keep-alive',
  'content-length' => '0',
  'accept' => '*/*',
  'origin' => 'http://blog.xukai.ink',
  'user-agent' => 'Mozilla/5.0 (Linux; Android 8.1.0; Mi Note 3 Build/OPM1.171019.019; wv) AppleWebKit/537.36 (KHTML, like Gecko) Version/4.0 Chrome/66.0.3359.126 MQQBrowser/6.2 TBS/044704 Mobile Safari/537.36 V1_AND_SQ_7.9.9_1010_YYB_D QQ/7.9.9.3965 NetType/4G WebP/0.3.0 Pixel/1080 StatusBarHeight/66',
  'referer' => 'http://blog.xukai.ink/admin/category.html',
  'accept-encoding' => 'gzip, deflate',
  'accept-language' => 'zh-CN,en-US;q=0.9',
  'x-requested-with' => 'com.tencent.mobileqq',
)
[ info ] [ PARAM ] array (
)
[ info ] [ DB ] INIT mysql
[ info ] [ RUN ] app\index\controller\Category->getCategory_s[ C:\wamp64\www\blog\application\index\controller\Category.php ]
[ info ] [ LOG ] INIT File
[ sql ] [ DB ] CONNECT:[ UseTime:0.000931s ] mysql:host=127.0.0.1;dbname=blog;charset=utf8
[ sql ] [ SQL ] SHOW COLUMNS FROM `b_category` [ RunTime:0.001078s ]
[ sql ] [ SQL ] SELECT * FROM `b_category` WHERE  `pid` = 0 [ RunTime:0.000455s ]
[ sql ] [ SQL ] SELECT * FROM `b_category` WHERE  `pid` > 0 [ RunTime:0.000410s ]
---------------------------------------------------------------
[ 2019-06-09T11:25:21+08:00 ] 223.104.10.32 POST blog_api.xukai.ink/cate/get_c
[运行时间：0.007740s] [吞吐率：129.20req/s] [内存消耗：467.04kb] [文件加载：35]
[ info ] [ LANG ] C:\wamp64\www\blog\thinkphp\lang\zh-cn.php
[ info ] [ ROUTE ] array (
  'type' => 'module',
  'module' => 
  array (
    0 => 'index',
    1 => 'category',
    2 => 'getCategory',
  ),
  'convert' => false,
)
[ info ] [ HEADER ] array (
  'host' => 'blog_api.xukai.ink',
  'connection' => 'keep-alive',
  'content-length' => '0',
  'accept' => '*/*',
  'origin' => 'http://blog.xukai.ink',
  'user-agent' => 'Mozilla/5.0 (Linux; Android 8.1.0; Mi Note 3 Build/OPM1.171019.019; wv) AppleWebKit/537.36 (KHTML, like Gecko) Version/4.0 Chrome/66.0.3359.126 MQQBrowser/6.2 TBS/044704 Mobile Safari/537.36 V1_AND_SQ_7.9.9_1010_YYB_D QQ/7.9.9.3965 NetType/4G WebP/0.3.0 Pixel/1080 StatusBarHeight/66',
  'referer' => 'http://blog.xukai.ink/admin/category.html',
  'accept-encoding' => 'gzip, deflate',
  'accept-language' => 'zh-CN,en-US;q=0.9',
  'x-requested-with' => 'com.tencent.mobileqq',
)
[ info ] [ PARAM ] array (
)
[ info ] [ DB ] INIT mysql
[ info ] [ RUN ] app\index\controller\Category->getCategory[ C:\wamp64\www\blog\application\index\controller\Category.php ]
[ info ] [ LOG ] INIT File
[ sql ] [ DB ] CONNECT:[ UseTime:0.000904s ] mysql:host=127.0.0.1;dbname=blog;charset=utf8
[ sql ] [ SQL ] SHOW COLUMNS FROM `b_category` [ RunTime:0.001165s ]
[ sql ] [ SQL ] SELECT * FROM `b_category` WHERE  `pid` = 0 [ RunTime:0.000443s ]
---------------------------------------------------------------
[ 2019-06-09T11:25:40+08:00 ] 223.104.10.32 POST blog_api.xukai.ink/cate/add
[运行时间：0.008681s] [吞吐率：115.20req/s] [内存消耗：368.19kb] [文件加载：34]
[ info ] [ LANG ] C:\wamp64\www\blog\thinkphp\lang\zh-cn.php
[ info ] [ ROUTE ] array (
  'type' => 'module',
  'module' => 
  array (
    0 => 'index',
    1 => 'category',
    2 => 'addCategory',
  ),
  'convert' => false,
)
[ info ] [ HEADER ] array (
  'host' => 'blog_api.xukai.ink',
  'connection' => 'keep-alive',
  'content-length' => '32',
  'accept' => '*/*',
  'origin' => 'http://blog.xukai.ink',
  'user-agent' => 'Mozilla/5.0 (Linux; Android 8.1.0; Mi Note 3 Build/OPM1.171019.019; wv) AppleWebKit/537.36 (KHTML, like Gecko) Version/4.0 Chrome/66.0.3359.126 MQQBrowser/6.2 TBS/044704 Mobile Safari/537.36 V1_AND_SQ_7.9.9_1010_YYB_D QQ/7.9.9.3965 NetType/4G WebP/0.3.0 Pixel/1080 StatusBarHeight/66',
  'content-type' => 'application/x-www-form-urlencoded; charset=UTF-8',
  'referer' => 'http://blog.xukai.ink/admin/category.html',
  'accept-encoding' => 'gzip, deflate',
  'accept-language' => 'zh-CN,en-US;q=0.9',
  'x-requested-with' => 'com.tencent.mobileqq',
)
[ info ] [ PARAM ] array (
  'name' => '哈哈哈',
)
[ info ] [ DB ] INIT mysql
[ info ] [ RUN ] app\index\controller\Category->addCategory[ C:\wamp64\www\blog\application\index\controller\Category.php ]
[ info ] [ LOG ] INIT File
[ sql ] [ DB ] CONNECT:[ UseTime:0.000893s ] mysql:host=127.0.0.1;dbname=blog;charset=utf8
[ sql ] [ SQL ] SHOW COLUMNS FROM `b_category` [ RunTime:0.001020s ]
[ sql ] [ SQL ] SELECT * FROM `b_category` WHERE  `name` = '哈哈哈' LIMIT 1 [ RunTime:0.000435s ]
[ sql ] [ SQL ] INSERT INTO `b_category` (`pid` , `name`) VALUES (0 , '哈哈哈') [ RunTime:0.000526s ]
---------------------------------------------------------------
[ 2019-06-09T11:25:40+08:00 ] 223.104.10.32 POST blog_api.xukai.ink/cate/get_cs
[运行时间：0.008540s] [吞吐率：117.10req/s] [内存消耗：468.95kb] [文件加载：35]
[ info ] [ LANG ] C:\wamp64\www\blog\thinkphp\lang\zh-cn.php
[ info ] [ ROUTE ] array (
  'type' => 'module',
  'module' => 
  array (
    0 => 'index',
    1 => 'category',
    2 => 'getCategory_s',
  ),
  'convert' => false,
)
[ info ] [ HEADER ] array (
  'host' => 'blog_api.xukai.ink',
  'connection' => 'keep-alive',
  'content-length' => '0',
  'accept' => '*/*',
  'origin' => 'http://blog.xukai.ink',
  'user-agent' => 'Mozilla/5.0 (Linux; Android 8.1.0; Mi Note 3 Build/OPM1.171019.019; wv) AppleWebKit/537.36 (KHTML, like Gecko) Version/4.0 Chrome/66.0.3359.126 MQQBrowser/6.2 TBS/044704 Mobile Safari/537.36 V1_AND_SQ_7.9.9_1010_YYB_D QQ/7.9.9.3965 NetType/4G WebP/0.3.0 Pixel/1080 StatusBarHeight/66',
  'referer' => 'http://blog.xukai.ink/admin/category.html',
  'accept-encoding' => 'gzip, deflate',
  'accept-language' => 'zh-CN,en-US;q=0.9',
  'x-requested-with' => 'com.tencent.mobileqq',
)
[ info ] [ PARAM ] array (
)
[ info ] [ DB ] INIT mysql
[ info ] [ RUN ] app\index\controller\Category->getCategory_s[ C:\wamp64\www\blog\application\index\controller\Category.php ]
[ info ] [ LOG ] INIT File
[ sql ] [ DB ] CONNECT:[ UseTime:0.000926s ] mysql:host=127.0.0.1;dbname=blog;charset=utf8
[ sql ] [ SQL ] SHOW COLUMNS FROM `b_category` [ RunTime:0.001060s ]
[ sql ] [ SQL ] SELECT * FROM `b_category` WHERE  `pid` = 0 [ RunTime:0.000427s ]
[ sql ] [ SQL ] SELECT * FROM `b_category` WHERE  `pid` > 0 [ RunTime:0.000405s ]
---------------------------------------------------------------
[ 2019-06-09T11:25:40+08:00 ] 223.104.10.32 POST blog_api.xukai.ink/cate/get_c
[运行时间：0.007616s] [吞吐率：131.30req/s] [内存消耗：467.16kb] [文件加载：35]
[ info ] [ LANG ] C:\wamp64\www\blog\thinkphp\lang\zh-cn.php
[ info ] [ ROUTE ] array (
  'type' => 'module',
  'module' => 
  array (
    0 => 'index',
    1 => 'category',
    2 => 'getCategory',
  ),
  'convert' => false,
)
[ info ] [ HEADER ] array (
  'host' => 'blog_api.xukai.ink',
  'connection' => 'keep-alive',
  'content-length' => '0',
  'accept' => '*/*',
  'origin' => 'http://blog.xukai.ink',
  'user-agent' => 'Mozilla/5.0 (Linux; Android 8.1.0; Mi Note 3 Build/OPM1.171019.019; wv) AppleWebKit/537.36 (KHTML, like Gecko) Version/4.0 Chrome/66.0.3359.126 MQQBrowser/6.2 TBS/044704 Mobile Safari/537.36 V1_AND_SQ_7.9.9_1010_YYB_D QQ/7.9.9.3965 NetType/4G WebP/0.3.0 Pixel/1080 StatusBarHeight/66',
  'referer' => 'http://blog.xukai.ink/admin/category.html',
  'accept-encoding' => 'gzip, deflate',
  'accept-language' => 'zh-CN,en-US;q=0.9',
  'x-requested-with' => 'com.tencent.mobileqq',
)
[ info ] [ PARAM ] array (
)
[ info ] [ DB ] INIT mysql
[ info ] [ RUN ] app\index\controller\Category->getCategory[ C:\wamp64\www\blog\application\index\controller\Category.php ]
[ info ] [ LOG ] INIT File
[ sql ] [ DB ] CONNECT:[ UseTime:0.000958s ] mysql:host=127.0.0.1;dbname=blog;charset=utf8
[ sql ] [ SQL ] SHOW COLUMNS FROM `b_category` [ RunTime:0.001071s ]
[ sql ] [ SQL ] SELECT * FROM `b_category` WHERE  `pid` = 0 [ RunTime:0.000428s ]
---------------------------------------------------------------
[ 2019-06-09T11:25:52+08:00 ] 223.104.10.32 POST blog_api.xukai.ink/index/location
[运行时间：0.336980s] [吞吐率：2.97req/s] [内存消耗：183.76kb] [文件加载：25]
[ info ] [ LANG ] C:\wamp64\www\blog\thinkphp\lang\zh-cn.php
[ info ] [ ROUTE ] array (
  'type' => 'module',
  'module' => 
  array (
    0 => 'index',
    1 => 'index',
    2 => 'getLocation',
  ),
  'convert' => false,
)
[ info ] [ HEADER ] array (
  'host' => 'blog_api.xukai.ink',
  'connection' => 'keep-alive',
  'content-length' => '0',
  'accept' => '*/*',
  'origin' => 'http://blog.xukai.ink',
  'user-agent' => 'Mozilla/5.0 (Linux; Android 8.1.0; Mi Note 3 Build/OPM1.171019.019; wv) AppleWebKit/537.36 (KHTML, like Gecko) Version/4.0 Chrome/66.0.3359.126 MQQBrowser/6.2 TBS/044704 Mobile Safari/537.36 V1_AND_SQ_7.9.9_1010_YYB_D QQ/7.9.9.3965 NetType/4G WebP/0.3.0 Pixel/1080 StatusBarHeight/66',
  'referer' => 'http://blog.xukai.ink/admin/admin.html',
  'accept-encoding' => 'gzip, deflate',
  'accept-language' => 'zh-CN,en-US;q=0.9',
  'x-requested-with' => 'com.tencent.mobileqq',
)
[ info ] [ PARAM ] array (
)
[ info ] [ RUN ] app\index\controller\Index->getLocation[ C:\wamp64\www\blog\application\index\controller\Index.php ]
[ info ] [ LOG ] INIT File
---------------------------------------------------------------
[ 2019-06-09T11:25:53+08:00 ] 223.104.10.32 POST blog_api.xukai.ink/weather
[运行时间：0.052820s] [吞吐率：18.93req/s] [内存消耗：183.23kb] [文件加载：25]
[ info ] [ LANG ] C:\wamp64\www\blog\thinkphp\lang\zh-cn.php
[ info ] [ ROUTE ] array (
  'type' => 'module',
  'module' => 
  array (
    0 => 'index',
    1 => 'index',
    2 => 'getWeater',
  ),
  'convert' => false,
)
[ info ] [ HEADER ] array (
  'host' => 'blog_api.xukai.ink',
  'connection' => 'keep-alive',
  'content-length' => '45',
  'accept' => '*/*',
  'origin' => 'http://blog.xukai.ink',
  'user-agent' => 'Mozilla/5.0 (Linux; Android 8.1.0; Mi Note 3 Build/OPM1.171019.019; wv) AppleWebKit/537.36 (KHTML, like Gecko) Version/4.0 Chrome/66.0.3359.126 MQQBrowser/6.2 TBS/044704 Mobile Safari/537.36 V1_AND_SQ_7.9.9_1010_YYB_D QQ/7.9.9.3965 NetType/4G WebP/0.3.0 Pixel/1080 StatusBarHeight/66',
  'content-type' => 'application/x-www-form-urlencoded; charset=UTF-8',
  'referer' => 'http://blog.xukai.ink/admin/admin.html',
  'accept-encoding' => 'gzip, deflate',
  'accept-language' => 'zh-CN,en-US;q=0.9',
  'x-requested-with' => 'com.tencent.mobileqq',
)
[ info ] [ PARAM ] array (
  'lat' => '27.823457297444143',
  'lng' => '114.92727986672726',
)
[ info ] [ RUN ] app\index\controller\Index->getWeater[ C:\wamp64\www\blog\application\index\controller\Index.php ]
[ info ] [ LOG ] INIT File
---------------------------------------------------------------
[ 2019-06-09T11:25:55+08:00 ] 223.104.10.32 POST blog_api.xukai.ink/article/list
[运行时间：0.009528s] [吞吐率：104.95req/s] [内存消耗：406.57kb] [文件加载：35]
[ info ] [ LANG ] C:\wamp64\www\blog\thinkphp\lang\zh-cn.php
[ info ] [ ROUTE ] array (
  'type' => 'module',
  'module' => 
  array (
    0 => 'index',
    1 => 'article',
    2 => 'list',
  ),
  'convert' => false,
)
[ info ] [ HEADER ] array (
  'host' => 'blog_api.xukai.ink',
  'connection' => 'keep-alive',
  'content-length' => '0',
  'accept' => '*/*',
  'origin' => 'http://blog.xukai.ink',
  'user-agent' => 'Mozilla/5.0 (Linux; Android 8.1.0; Mi Note 3 Build/OPM1.171019.019; wv) AppleWebKit/537.36 (KHTML, like Gecko) Version/4.0 Chrome/66.0.3359.126 MQQBrowser/6.2 TBS/044704 Mobile Safari/537.36 V1_AND_SQ_7.9.9_1010_YYB_D QQ/7.9.9.3965 NetType/4G WebP/0.3.0 Pixel/1080 StatusBarHeight/66',
  'referer' => 'http://blog.xukai.ink/admin/article.html',
  'accept-encoding' => 'gzip, deflate',
  'accept-language' => 'zh-CN,en-US;q=0.9',
  'x-requested-with' => 'com.tencent.mobileqq',
)
[ info ] [ PARAM ] array (
)
[ info ] [ DB ] INIT mysql
[ info ] [ RUN ] app\index\controller\Article->list[ C:\wamp64\www\blog\application\index\controller\Article.php ]
[ info ] [ LOG ] INIT File
[ sql ] [ DB ] CONNECT:[ UseTime:0.000930s ] mysql:host=127.0.0.1;dbname=blog;charset=utf8
[ sql ] [ SQL ] SHOW COLUMNS FROM `b_article` [ RunTime:0.001113s ]
[ sql ] [ SQL ] SELECT `id`,`title`,`c_title`,`c_time`,`hit` FROM `b_article` WHERE  `status` = 1 [ RunTime:0.000636s ]
