---------------------------------------------------------------
[ 2019-06-12T08:45:13+08:00 ] 39.176.195.191 POST blog_api.xukai.ink/cate/get_cs
[运行时间：0.015327s] [吞吐率：65.24req/s] [内存消耗：467.98kb] [文件加载：35]
[ info ] [ LANG ] C:\wamp64\www\blog\thinkphp\lang\zh-cn.php
[ info ] [ ROUTE ] array (
  'type' => 'module',
  'module' => 
  array (
    0 => 'index',
    1 => 'category',
    2 => 'getCategory_s',
  ),
  'convert' => false,
)
[ info ] [ HEADER ] array (
  'host' => 'blog_api.xukai.ink',
  'connection' => 'keep-alive',
  'content-length' => '0',
  'accept' => '*/*',
  'origin' => 'http://blog.xukai.ink',
  'user-agent' => 'Mozilla/5.0 (Windows NT 10.0; WOW64) AppleWebKit/537.36 (KHTML, like Gecko) Chrome/72.0.3626.121 Safari/537.36',
  'referer' => 'http://blog.xukai.ink/',
  'accept-encoding' => 'gzip, deflate',
  'accept-language' => 'zh-CN,zh;q=0.9,en;q=0.8',
)
[ info ] [ PARAM ] array (
)
[ info ] [ DB ] INIT mysql
[ info ] [ RUN ] app\index\controller\Category->getCategory_s[ C:\wamp64\www\blog\application\index\controller\Category.php ]
[ info ] [ LOG ] INIT File
[ sql ] [ DB ] CONNECT:[ UseTime:0.000986s ] mysql:host=127.0.0.1;dbname=blog;charset=utf8
[ sql ] [ SQL ] SHOW COLUMNS FROM `b_category` [ RunTime:0.001012s ]
[ sql ] [ SQL ] SELECT * FROM `b_category` WHERE  `pid` = 0 [ RunTime:0.000458s ]
[ sql ] [ SQL ] SELECT * FROM `b_category` WHERE  `pid` > 0 [ RunTime:0.000397s ]
---------------------------------------------------------------
[ 2019-06-12T08:45:13+08:00 ] 39.176.195.191 POST blog_api.xukai.ink/article/get_list
[运行时间：0.017011s] [吞吐率：58.79req/s] [内存消耗：428.96kb] [文件加载：38]
[ info ] [ LANG ] C:\wamp64\www\blog\thinkphp\lang\zh-cn.php
[ info ] [ ROUTE ] array (
  'type' => 'module',
  'module' => 
  array (
    0 => 'index',
    1 => 'article',
    2 => 'get_list',
  ),
  'convert' => false,
)
[ info ] [ HEADER ] array (
  'host' => 'blog_api.xukai.ink',
  'connection' => 'keep-alive',
  'content-length' => '0',
  'accept' => '*/*',
  'origin' => 'http://blog.xukai.ink',
  'user-agent' => 'Mozilla/5.0 (Windows NT 10.0; WOW64) AppleWebKit/537.36 (KHTML, like Gecko) Chrome/72.0.3626.121 Safari/537.36',
  'referer' => 'http://blog.xukai.ink/',
  'accept-encoding' => 'gzip, deflate',
  'accept-language' => 'zh-CN,zh;q=0.9,en;q=0.8',
)
[ info ] [ PARAM ] array (
)
[ info ] [ DB ] INIT mysql
[ info ] [ RUN ] app\index\controller\Article->get_list[ C:\wamp64\www\blog\application\index\controller\Article.php ]
[ info ] [ LOG ] INIT File
[ sql ] [ DB ] CONNECT:[ UseTime:0.003909s ] mysql:host=127.0.0.1;dbname=blog;charset=utf8
[ sql ] [ SQL ] SHOW COLUMNS FROM `b_tag` [ RunTime:0.000986s ]
[ sql ] [ SQL ] SELECT * FROM `b_tag` WHERE  (  id>=1 ) [ RunTime:0.000482s ]
[ sql ] [ SQL ] SHOW COLUMNS FROM `common` [ RunTime:0.000813s ]
[ sql ] [ SQL ] SELECT article_id, count(article_id) as num FROM `common` GROUP BY `article_id` [ RunTime:0.000478s ]
[ sql ] [ SQL ] SHOW COLUMNS FROM `b_article` [ RunTime:0.000828s ]
[ sql ] [ SQL ] SELECT `id`,`title`,`u_name`,`hit`,`c_id`,`c_title`,`t_id`,`c_time` FROM `b_article` WHERE  `status` = 1 ORDER BY `c_time` DESC [ RunTime:0.000818s ]
---------------------------------------------------------------
[ 2019-06-12T08:45:13+08:00 ] 39.176.195.191 POST blog_api.xukai.ink/category/get_guidang
[运行时间：0.013085s] [吞吐率：76.42req/s] [内存消耗：401.78kb] [文件加载：36]
[ info ] [ LANG ] C:\wamp64\www\blog\thinkphp\lang\zh-cn.php
[ info ] [ ROUTE ] array (
  'type' => 'module',
  'module' => 
  array (
    0 => 'index',
    1 => 'article',
    2 => 'get_guidang',
  ),
  'convert' => false,
)
[ info ] [ HEADER ] array (
  'host' => 'blog_api.xukai.ink',
  'connection' => 'keep-alive',
  'content-length' => '0',
  'accept' => '*/*',
  'origin' => 'http://blog.xukai.ink',
  'user-agent' => 'Mozilla/5.0 (Windows NT 10.0; WOW64) AppleWebKit/537.36 (KHTML, like Gecko) Chrome/72.0.3626.121 Safari/537.36',
  'referer' => 'http://blog.xukai.ink/',
  'accept-encoding' => 'gzip, deflate',
  'accept-language' => 'zh-CN,zh;q=0.9,en;q=0.8',
)
[ info ] [ PARAM ] array (
)
[ info ] [ DB ] INIT mysql
[ info ] [ RUN ] app\index\controller\Article->get_guidang[ C:\wamp64\www\blog\application\index\controller\Article.php ]
[ info ] [ LOG ] INIT File
[ sql ] [ DB ] CONNECT:[ UseTime:0.001128s ] mysql:host=127.0.0.1;dbname=blog;charset=utf8
[ sql ] [ SQL ] SHOW COLUMNS FROM `b_article` [ RunTime:0.001092s ]
[ sql ] [ SQL ] SELECT `guidang` FROM `b_article` WHERE  `status` = 1 GROUP BY `guidang` [ RunTime:0.000661s ]
---------------------------------------------------------------
[ 2019-06-12T08:45:13+08:00 ] 39.176.195.191 POST blog_api.xukai.ink/user/isLogin
[运行时间：0.011840s] [吞吐率：84.46req/s] [内存消耗：184.22kb] [文件加载：26]
[ info ] [ LANG ] C:\wamp64\www\blog\thinkphp\lang\zh-cn.php
[ info ] [ ROUTE ] array (
  'type' => 'module',
  'module' => 
  array (
    0 => 'index',
    1 => 'user',
    2 => 'isLogin',
  ),
  'convert' => false,
)
[ info ] [ HEADER ] array (
  'host' => 'blog_api.xukai.ink',
  'connection' => 'keep-alive',
  'content-length' => '0',
  'accept' => '*/*',
  'origin' => 'http://blog.xukai.ink',
  'user-agent' => 'Mozilla/5.0 (Windows NT 10.0; WOW64) AppleWebKit/537.36 (KHTML, like Gecko) Chrome/72.0.3626.121 Safari/537.36',
  'referer' => 'http://blog.xukai.ink/',
  'accept-encoding' => 'gzip, deflate',
  'accept-language' => 'zh-CN,zh;q=0.9,en;q=0.8',
)
[ info ] [ PARAM ] array (
)
[ info ] [ RUN ] app\index\controller\User->isLogin[ C:\wamp64\www\blog\application\index\controller\User.php ]
[ info ] [ LOG ] INIT File
---------------------------------------------------------------
[ 2019-06-12T08:45:27+08:00 ] 39.176.195.191 POST blog_api.xukai.ink/user/login
[运行时间：0.010615s] [吞吐率：94.21req/s] [内存消耗：407.09kb] [文件加载：35]
[ info ] [ LANG ] C:\wamp64\www\blog\thinkphp\lang\zh-cn.php
[ info ] [ ROUTE ] array (
  'type' => 'module',
  'module' => 
  array (
    0 => 'index',
    1 => 'User',
    2 => 'login',
  ),
  'convert' => false,
)
[ info ] [ HEADER ] array (
  'host' => 'blog_api.xukai.ink',
  'connection' => 'keep-alive',
  'content-length' => '20',
  'accept' => '*/*',
  'origin' => 'http://blog.xukai.ink',
  'user-agent' => 'Mozilla/5.0 (Windows NT 10.0; WOW64) AppleWebKit/537.36 (KHTML, like Gecko) Chrome/72.0.3626.121 Safari/537.36',
  'content-type' => 'application/x-www-form-urlencoded; charset=UTF-8',
  'referer' => 'http://blog.xukai.ink/',
  'accept-encoding' => 'gzip, deflate',
  'accept-language' => 'zh-CN,zh;q=0.9,en;q=0.8',
)
[ info ] [ PARAM ] array (
  'name' => 'xk',
  'password' => '123',
)
[ info ] [ RUN ] app\index\controller\User->login[ C:\wamp64\www\blog\application\index\controller\User.php ]
[ info ] [ DB ] INIT mysql
[ info ] [ LOG ] INIT File
[ sql ] [ DB ] CONNECT:[ UseTime:0.000925s ] mysql:host=127.0.0.1;dbname=blog;charset=utf8
[ sql ] [ SQL ] SHOW COLUMNS FROM `b_user` [ RunTime:0.001056s ]
[ sql ] [ SQL ] SELECT * FROM `b_user` WHERE  `name` = 'xk' LIMIT 1 [ RunTime:0.000812s ]
---------------------------------------------------------------
[ 2019-06-12T08:45:29+08:00 ] 39.176.195.191 POST blog_api.xukai.ink/index/location
[运行时间：0.334641s] [吞吐率：2.99req/s] [内存消耗：182.63kb] [文件加载：25]
[ info ] [ LANG ] C:\wamp64\www\blog\thinkphp\lang\zh-cn.php
[ info ] [ ROUTE ] array (
  'type' => 'module',
  'module' => 
  array (
    0 => 'index',
    1 => 'index',
    2 => 'getLocation',
  ),
  'convert' => false,
)
[ info ] [ HEADER ] array (
  'host' => 'blog_api.xukai.ink',
  'connection' => 'keep-alive',
  'content-length' => '0',
  'accept' => '*/*',
  'origin' => 'http://blog.xukai.ink',
  'user-agent' => 'Mozilla/5.0 (Windows NT 10.0; WOW64) AppleWebKit/537.36 (KHTML, like Gecko) Chrome/72.0.3626.121 Safari/537.36',
  'referer' => 'http://blog.xukai.ink/admin/admin.html',
  'accept-encoding' => 'gzip, deflate',
  'accept-language' => 'zh-CN,zh;q=0.9,en;q=0.8',
)
[ info ] [ PARAM ] array (
)
[ info ] [ RUN ] app\index\controller\Index->getLocation[ C:\wamp64\www\blog\application\index\controller\Index.php ]
[ info ] [ LOG ] INIT File
---------------------------------------------------------------
[ 2019-06-12T08:45:29+08:00 ] 39.176.195.191 POST blog_api.xukai.ink/weather
[运行时间：0.125230s] [吞吐率：7.99req/s] [内存消耗：182.61kb] [文件加载：25]
[ info ] [ LANG ] C:\wamp64\www\blog\thinkphp\lang\zh-cn.php
[ info ] [ ROUTE ] array (
  'type' => 'module',
  'module' => 
  array (
    0 => 'index',
    1 => 'index',
    2 => 'getWeater',
  ),
  'convert' => false,
)
[ info ] [ HEADER ] array (
  'host' => 'blog_api.xukai.ink',
  'connection' => 'keep-alive',
  'content-length' => '45',
  'accept' => '*/*',
  'origin' => 'http://blog.xukai.ink',
  'user-agent' => 'Mozilla/5.0 (Windows NT 10.0; WOW64) AppleWebKit/537.36 (KHTML, like Gecko) Chrome/72.0.3626.121 Safari/537.36',
  'content-type' => 'application/x-www-form-urlencoded; charset=UTF-8',
  'referer' => 'http://blog.xukai.ink/admin/admin.html',
  'accept-encoding' => 'gzip, deflate',
  'accept-language' => 'zh-CN,zh;q=0.9,en;q=0.8',
)
[ info ] [ PARAM ] array (
  'lat' => '27.823457297444143',
  'lng' => '114.92727986672726',
)
[ info ] [ RUN ] app\index\controller\Index->getWeater[ C:\wamp64\www\blog\application\index\controller\Index.php ]
[ info ] [ LOG ] INIT File
---------------------------------------------------------------
[ 2019-06-12T08:46:22+08:00 ] 39.176.195.191 POST blog_api.xukai.ink/index/location
[运行时间：0.308271s] [吞吐率：3.24req/s] [内存消耗：182.63kb] [文件加载：25]
[ info ] [ LANG ] C:\wamp64\www\blog\thinkphp\lang\zh-cn.php
[ info ] [ ROUTE ] array (
  'type' => 'module',
  'module' => 
  array (
    0 => 'index',
    1 => 'index',
    2 => 'getLocation',
  ),
  'convert' => false,
)
[ info ] [ HEADER ] array (
  'host' => 'blog_api.xukai.ink',
  'connection' => 'keep-alive',
  'content-length' => '0',
  'accept' => '*/*',
  'origin' => 'http://blog.xukai.ink',
  'user-agent' => 'Mozilla/5.0 (Windows NT 10.0; WOW64) AppleWebKit/537.36 (KHTML, like Gecko) Chrome/72.0.3626.121 Safari/537.36',
  'referer' => 'http://blog.xukai.ink/admin/admin.html',
  'accept-encoding' => 'gzip, deflate',
  'accept-language' => 'zh-CN,zh;q=0.9,en;q=0.8',
)
[ info ] [ PARAM ] array (
)
[ info ] [ RUN ] app\index\controller\Index->getLocation[ C:\wamp64\www\blog\application\index\controller\Index.php ]
[ info ] [ LOG ] INIT File
---------------------------------------------------------------
[ 2019-06-12T08:46:23+08:00 ] 39.176.195.191 POST blog_api.xukai.ink/weather
[运行时间：0.070501s] [吞吐率：14.18req/s] [内存消耗：182.61kb] [文件加载：25]
[ info ] [ LANG ] C:\wamp64\www\blog\thinkphp\lang\zh-cn.php
[ info ] [ ROUTE ] array (
  'type' => 'module',
  'module' => 
  array (
    0 => 'index',
    1 => 'index',
    2 => 'getWeater',
  ),
  'convert' => false,
)
[ info ] [ HEADER ] array (
  'host' => 'blog_api.xukai.ink',
  'connection' => 'keep-alive',
  'content-length' => '45',
  'accept' => '*/*',
  'origin' => 'http://blog.xukai.ink',
  'user-agent' => 'Mozilla/5.0 (Windows NT 10.0; WOW64) AppleWebKit/537.36 (KHTML, like Gecko) Chrome/72.0.3626.121 Safari/537.36',
  'content-type' => 'application/x-www-form-urlencoded; charset=UTF-8',
  'referer' => 'http://blog.xukai.ink/admin/admin.html',
  'accept-encoding' => 'gzip, deflate',
  'accept-language' => 'zh-CN,zh;q=0.9,en;q=0.8',
)
[ info ] [ PARAM ] array (
  'lat' => '27.823457297444143',
  'lng' => '114.92727986672726',
)
[ info ] [ RUN ] app\index\controller\Index->getWeater[ C:\wamp64\www\blog\application\index\controller\Index.php ]
[ info ] [ LOG ] INIT File
---------------------------------------------------------------
[ 2019-06-12T10:10:02+08:00 ] 59.53.222.95 POST blog_api.xukai.ink/cate/get_cs
[运行时间：0.017702s] [吞吐率：56.49req/s] [内存消耗：468.01kb] [文件加载：35]
[ info ] [ LANG ] C:\wamp64\www\blog\thinkphp\lang\zh-cn.php
[ info ] [ ROUTE ] array (
  'type' => 'module',
  'module' => 
  array (
    0 => 'index',
    1 => 'category',
    2 => 'getCategory_s',
  ),
  'convert' => false,
)
[ info ] [ HEADER ] array (
  'host' => 'blog_api.xukai.ink',
  'connection' => 'keep-alive',
  'content-length' => '0',
  'accept' => '*/*',
  'origin' => 'http://blog.xukai.ink',
  'user-agent' => 'Mozilla/5.0 (Windows NT 10.0; Win64; x64) AppleWebKit/537.36 (KHTML, like Gecko) Chrome/74.0.3729.169 Safari/537.36',
  'referer' => 'http://blog.xukai.ink/',
  'accept-encoding' => 'gzip, deflate',
  'accept-language' => 'en-US,en;q=0.9,zh-CN;q=0.8,zh;q=0.7',
)
[ info ] [ PARAM ] array (
)
[ info ] [ DB ] INIT mysql
[ info ] [ RUN ] app\index\controller\Category->getCategory_s[ C:\wamp64\www\blog\application\index\controller\Category.php ]
[ info ] [ LOG ] INIT File
[ sql ] [ DB ] CONNECT:[ UseTime:0.002607s ] mysql:host=127.0.0.1;dbname=blog;charset=utf8
[ sql ] [ SQL ] SHOW COLUMNS FROM `b_category` [ RunTime:0.001146s ]
[ sql ] [ SQL ] SELECT * FROM `b_category` WHERE  `pid` = 0 [ RunTime:0.000632s ]
[ sql ] [ SQL ] SELECT * FROM `b_category` WHERE  `pid` > 0 [ RunTime:0.000452s ]
---------------------------------------------------------------
[ 2019-06-12T10:10:02+08:00 ] 59.53.222.95 POST blog_api.xukai.ink/article/get_list
[运行时间：0.017630s] [吞吐率：56.72req/s] [内存消耗：428.98kb] [文件加载：38]
[ info ] [ LANG ] C:\wamp64\www\blog\thinkphp\lang\zh-cn.php
[ info ] [ ROUTE ] array (
  'type' => 'module',
  'module' => 
  array (
    0 => 'index',
    1 => 'article',
    2 => 'get_list',
  ),
  'convert' => false,
)
[ info ] [ HEADER ] array (
  'host' => 'blog_api.xukai.ink',
  'connection' => 'keep-alive',
  'content-length' => '0',
  'accept' => '*/*',
  'origin' => 'http://blog.xukai.ink',
  'user-agent' => 'Mozilla/5.0 (Windows NT 10.0; Win64; x64) AppleWebKit/537.36 (KHTML, like Gecko) Chrome/74.0.3729.169 Safari/537.36',
  'referer' => 'http://blog.xukai.ink/',
  'accept-encoding' => 'gzip, deflate',
  'accept-language' => 'en-US,en;q=0.9,zh-CN;q=0.8,zh;q=0.7',
)
[ info ] [ PARAM ] array (
)
[ info ] [ DB ] INIT mysql
[ info ] [ RUN ] app\index\controller\Article->get_list[ C:\wamp64\www\blog\application\index\controller\Article.php ]
[ info ] [ LOG ] INIT File
[ sql ] [ DB ] CONNECT:[ UseTime:0.000631s ] mysql:host=127.0.0.1;dbname=blog;charset=utf8
[ sql ] [ SQL ] SHOW COLUMNS FROM `b_tag` [ RunTime:0.000872s ]
[ sql ] [ SQL ] SELECT * FROM `b_tag` WHERE  (  id>=1 ) [ RunTime:0.000422s ]
[ sql ] [ SQL ] SHOW COLUMNS FROM `common` [ RunTime:0.000835s ]
[ sql ] [ SQL ] SELECT article_id, count(article_id) as num FROM `common` GROUP BY `article_id` [ RunTime:0.000501s ]
[ sql ] [ SQL ] SHOW COLUMNS FROM `b_article` [ RunTime:0.000871s ]
[ sql ] [ SQL ] SELECT `id`,`title`,`u_name`,`hit`,`c_id`,`c_title`,`t_id`,`c_time` FROM `b_article` WHERE  `status` = 1 ORDER BY `c_time` DESC [ RunTime:0.000853s ]
---------------------------------------------------------------
[ 2019-06-12T10:10:02+08:00 ] 59.53.222.95 POST blog_api.xukai.ink/user/isLogin
[运行时间：0.012742s] [吞吐率：78.48req/s] [内存消耗：184.23kb] [文件加载：26]
[ info ] [ LANG ] C:\wamp64\www\blog\thinkphp\lang\zh-cn.php
[ info ] [ ROUTE ] array (
  'type' => 'module',
  'module' => 
  array (
    0 => 'index',
    1 => 'user',
    2 => 'isLogin',
  ),
  'convert' => false,
)
[ info ] [ HEADER ] array (
  'host' => 'blog_api.xukai.ink',
  'connection' => 'keep-alive',
  'content-length' => '0',
  'accept' => '*/*',
  'origin' => 'http://blog.xukai.ink',
  'user-agent' => 'Mozilla/5.0 (Windows NT 10.0; Win64; x64) AppleWebKit/537.36 (KHTML, like Gecko) Chrome/74.0.3729.169 Safari/537.36',
  'referer' => 'http://blog.xukai.ink/',
  'accept-encoding' => 'gzip, deflate',
  'accept-language' => 'en-US,en;q=0.9,zh-CN;q=0.8,zh;q=0.7',
)
[ info ] [ PARAM ] array (
)
[ info ] [ RUN ] app\index\controller\User->isLogin[ C:\wamp64\www\blog\application\index\controller\User.php ]
[ info ] [ LOG ] INIT File
---------------------------------------------------------------
[ 2019-06-12T10:10:02+08:00 ] 59.53.222.95 POST blog_api.xukai.ink/category/get_guidang
[运行时间：0.032794s] [吞吐率：30.49req/s] [内存消耗：401.80kb] [文件加载：36]
[ info ] [ LANG ] C:\wamp64\www\blog\thinkphp\lang\zh-cn.php
[ info ] [ ROUTE ] array (
  'type' => 'module',
  'module' => 
  array (
    0 => 'index',
    1 => 'article',
    2 => 'get_guidang',
  ),
  'convert' => false,
)
[ info ] [ HEADER ] array (
  'host' => 'blog_api.xukai.ink',
  'connection' => 'keep-alive',
  'content-length' => '0',
  'accept' => '*/*',
  'origin' => 'http://blog.xukai.ink',
  'user-agent' => 'Mozilla/5.0 (Windows NT 10.0; Win64; x64) AppleWebKit/537.36 (KHTML, like Gecko) Chrome/74.0.3729.169 Safari/537.36',
  'referer' => 'http://blog.xukai.ink/',
  'accept-encoding' => 'gzip, deflate',
  'accept-language' => 'en-US,en;q=0.9,zh-CN;q=0.8,zh;q=0.7',
)
[ info ] [ PARAM ] array (
)
[ info ] [ DB ] INIT mysql
[ info ] [ RUN ] app\index\controller\Article->get_guidang[ C:\wamp64\www\blog\application\index\controller\Article.php ]
[ info ] [ LOG ] INIT File
[ sql ] [ DB ] CONNECT:[ UseTime:0.001216s ] mysql:host=127.0.0.1;dbname=blog;charset=utf8
[ sql ] [ SQL ] SHOW COLUMNS FROM `b_article` [ RunTime:0.001750s ]
[ sql ] [ SQL ] SELECT `guidang` FROM `b_article` WHERE  `status` = 1 GROUP BY `guidang` [ RunTime:0.000660s ]
---------------------------------------------------------------
[ 2019-06-12T10:10:04+08:00 ] 59.53.222.95 POST blog_api.xukai.ink/cate/get_cs
[运行时间：0.021797s] [吞吐率：45.88req/s] [内存消耗：468.02kb] [文件加载：35]
[ info ] [ LANG ] C:\wamp64\www\blog\thinkphp\lang\zh-cn.php
[ info ] [ ROUTE ] array (
  'type' => 'module',
  'module' => 
  array (
    0 => 'index',
    1 => 'category',
    2 => 'getCategory_s',
  ),
  'convert' => false,
)
[ info ] [ HEADER ] array (
  'host' => 'blog_api.xukai.ink',
  'connection' => 'keep-alive',
  'content-length' => '0',
  'accept' => '*/*',
  'origin' => 'http://blog.xukai.ink',
  'user-agent' => 'Mozilla/5.0 (Windows NT 10.0; Win64; x64) AppleWebKit/537.36 (KHTML, like Gecko) Chrome/74.0.3729.169 Safari/537.36',
  'referer' => 'http://blog.xukai.ink/detail.html',
  'accept-encoding' => 'gzip, deflate',
  'accept-language' => 'en-US,en;q=0.9,zh-CN;q=0.8,zh;q=0.7',
)
[ info ] [ PARAM ] array (
)
[ info ] [ DB ] INIT mysql
[ info ] [ RUN ] app\index\controller\Category->getCategory_s[ C:\wamp64\www\blog\application\index\controller\Category.php ]
[ info ] [ LOG ] INIT File
[ sql ] [ DB ] CONNECT:[ UseTime:0.009302s ] mysql:host=127.0.0.1;dbname=blog;charset=utf8
[ sql ] [ SQL ] SHOW COLUMNS FROM `b_category` [ RunTime:0.002205s ]
[ sql ] [ SQL ] SELECT * FROM `b_category` WHERE  `pid` = 0 [ RunTime:0.001214s ]
[ sql ] [ SQL ] SELECT * FROM `b_category` WHERE  `pid` > 0 [ RunTime:0.000638s ]
---------------------------------------------------------------
[ 2019-06-12T10:10:04+08:00 ] 59.53.222.95 POST blog_api.xukai.ink/article/get_detail
[运行时间：0.022180s] [吞吐率：45.09req/s] [内存消耗：455.74kb] [文件加载：41]
[ info ] [ LANG ] C:\wamp64\www\blog\thinkphp\lang\zh-cn.php
[ info ] [ ROUTE ] array (
  'type' => 'module',
  'module' => 
  array (
    0 => 'index',
    1 => 'article',
    2 => 'get_detail',
  ),
  'convert' => false,
)
[ info ] [ HEADER ] array (
  'host' => 'blog_api.xukai.ink',
  'connection' => 'keep-alive',
  'content-length' => '5',
  'accept' => '*/*',
  'origin' => 'http://blog.xukai.ink',
  'user-agent' => 'Mozilla/5.0 (Windows NT 10.0; Win64; x64) AppleWebKit/537.36 (KHTML, like Gecko) Chrome/74.0.3729.169 Safari/537.36',
  'content-type' => 'application/x-www-form-urlencoded; charset=UTF-8',
  'referer' => 'http://blog.xukai.ink/detail.html',
  'accept-encoding' => 'gzip, deflate',
  'accept-language' => 'en-US,en;q=0.9,zh-CN;q=0.8,zh;q=0.7',
)
[ info ] [ PARAM ] array (
  'id' => '30',
)
[ info ] [ DB ] INIT mysql
[ info ] [ RUN ] app\index\controller\Article->get_detail[ C:\wamp64\www\blog\application\index\controller\Article.php ]
[ info ] [ CACHE ] INIT File
[ info ] [ LOG ] INIT File
[ sql ] [ DB ] CONNECT:[ UseTime:0.001732s ] mysql:host=127.0.0.1;dbname=blog;charset=utf8
[ sql ] [ SQL ] SHOW COLUMNS FROM `b_tag` [ RunTime:0.002023s ]
[ sql ] [ SQL ] SELECT * FROM `b_tag` WHERE  (  id>=1 ) [ RunTime:0.002698s ]
[ sql ] [ SQL ] SHOW COLUMNS FROM `b_article` [ RunTime:0.004998s ]
[ sql ] [ SQL ] SELECT * FROM `b_article` WHERE  `id` = 30 LIMIT 1 [ RunTime:0.000533s ]
[ sql ] [ SQL ] UPDATE `b_article`  SET `hit`=`hit`+1  WHERE  `id` = 30 [ RunTime:0.000537s ]
---------------------------------------------------------------
[ 2019-06-12T10:10:04+08:00 ] 59.53.222.95 POST blog_api.xukai.ink/common/get
[运行时间：0.008952s] [吞吐率：111.71req/s] [内存消耗：465.27kb] [文件加载：37]
[ info ] [ LANG ] C:\wamp64\www\blog\thinkphp\lang\zh-cn.php
[ info ] [ ROUTE ] array (
  'type' => 'module',
  'module' => 
  array (
    0 => 'index',
    1 => 'commons',
    2 => 'get',
  ),
  'convert' => false,
)
[ info ] [ HEADER ] array (
  'host' => 'blog_api.xukai.ink',
  'connection' => 'keep-alive',
  'content-length' => '13',
  'accept' => '*/*',
  'origin' => 'http://blog.xukai.ink',
  'user-agent' => 'Mozilla/5.0 (Windows NT 10.0; Win64; x64) AppleWebKit/537.36 (KHTML, like Gecko) Chrome/74.0.3729.169 Safari/537.36',
  'content-type' => 'application/x-www-form-urlencoded; charset=UTF-8',
  'referer' => 'http://blog.xukai.ink/detail.html',
  'accept-encoding' => 'gzip, deflate',
  'accept-language' => 'en-US,en;q=0.9,zh-CN;q=0.8,zh;q=0.7',
)
[ info ] [ PARAM ] array (
  'article_id' => '30',
)
[ info ] [ RUN ] app\index\controller\Commons->get[ C:\wamp64\www\blog\application\index\controller\Commons.php ]
[ info ] [ DB ] INIT mysql
[ info ] [ LOG ] INIT File
[ sql ] [ DB ] CONNECT:[ UseTime:0.001036s ] mysql:host=127.0.0.1;dbname=blog;charset=utf8
[ sql ] [ SQL ] SHOW COLUMNS FROM `common` [ RunTime:0.001035s ]
[ sql ] [ SQL ] SELECT * FROM `common` WHERE  `article_id` = 30 [ RunTime:0.000568s ]
---------------------------------------------------------------
[ 2019-06-12T10:11:40+08:00 ] 59.53.222.95 POST blog_api.xukai.ink/category/get_guidang
[运行时间：0.019030s] [吞吐率：52.55req/s] [内存消耗：401.81kb] [文件加载：36]
[ info ] [ LANG ] C:\wamp64\www\blog\thinkphp\lang\zh-cn.php
[ info ] [ ROUTE ] array (
  'type' => 'module',
  'module' => 
  array (
    0 => 'index',
    1 => 'article',
    2 => 'get_guidang',
  ),
  'convert' => false,
)
[ info ] [ HEADER ] array (
  'host' => 'blog_api.xukai.ink',
  'connection' => 'keep-alive',
  'content-length' => '0',
  'accept' => '*/*',
  'origin' => 'http://blog.xukai.ink',
  'user-agent' => 'Mozilla/5.0 (Windows NT 10.0; Win64; x64) AppleWebKit/537.36 (KHTML, like Gecko) Chrome/74.0.3729.169 Safari/537.36',
  'referer' => 'http://blog.xukai.ink/index.html',
  'accept-encoding' => 'gzip, deflate',
  'accept-language' => 'en-US,en;q=0.9,zh-CN;q=0.8,zh;q=0.7',
)
[ info ] [ PARAM ] array (
)
[ info ] [ DB ] INIT mysql
[ info ] [ RUN ] app\index\controller\Article->get_guidang[ C:\wamp64\www\blog\application\index\controller\Article.php ]
[ info ] [ LOG ] INIT File
[ sql ] [ DB ] CONNECT:[ UseTime:0.001363s ] mysql:host=127.0.0.1;dbname=blog;charset=utf8
[ sql ] [ SQL ] SHOW COLUMNS FROM `b_article` [ RunTime:0.004217s ]
[ sql ] [ SQL ] SELECT `guidang` FROM `b_article` WHERE  `status` = 1 GROUP BY `guidang` [ RunTime:0.002485s ]
---------------------------------------------------------------
[ 2019-06-12T10:11:40+08:00 ] 59.53.222.95 POST blog_api.xukai.ink/cate/get_cs
[运行时间：0.022472s] [吞吐率：44.50req/s] [内存消耗：468.02kb] [文件加载：35]
[ info ] [ LANG ] C:\wamp64\www\blog\thinkphp\lang\zh-cn.php
[ info ] [ ROUTE ] array (
  'type' => 'module',
  'module' => 
  array (
    0 => 'index',
    1 => 'category',
    2 => 'getCategory_s',
  ),
  'convert' => false,
)
[ info ] [ HEADER ] array (
  'host' => 'blog_api.xukai.ink',
  'connection' => 'keep-alive',
  'content-length' => '0',
  'accept' => '*/*',
  'origin' => 'http://blog.xukai.ink',
  'user-agent' => 'Mozilla/5.0 (Windows NT 10.0; Win64; x64) AppleWebKit/537.36 (KHTML, like Gecko) Chrome/74.0.3729.169 Safari/537.36',
  'referer' => 'http://blog.xukai.ink/index.html',
  'accept-encoding' => 'gzip, deflate',
  'accept-language' => 'en-US,en;q=0.9,zh-CN;q=0.8,zh;q=0.7',
)
[ info ] [ PARAM ] array (
)
[ info ] [ DB ] INIT mysql
[ info ] [ RUN ] app\index\controller\Category->getCategory_s[ C:\wamp64\www\blog\application\index\controller\Category.php ]
[ info ] [ LOG ] INIT File
[ sql ] [ DB ] CONNECT:[ UseTime:0.000882s ] mysql:host=127.0.0.1;dbname=blog;charset=utf8
[ sql ] [ SQL ] SHOW COLUMNS FROM `b_category` [ RunTime:0.001407s ]
[ sql ] [ SQL ] SELECT * FROM `b_category` WHERE  `pid` = 0 [ RunTime:0.000870s ]
[ sql ] [ SQL ] SELECT * FROM `b_category` WHERE  `pid` > 0 [ RunTime:0.000463s ]
---------------------------------------------------------------
[ 2019-06-12T10:11:40+08:00 ] 59.53.222.95 POST blog_api.xukai.ink/article/get_list
[运行时间：0.012686s] [吞吐率：78.83req/s] [内存消耗：428.99kb] [文件加载：38]
[ info ] [ LANG ] C:\wamp64\www\blog\thinkphp\lang\zh-cn.php
[ info ] [ ROUTE ] array (
  'type' => 'module',
  'module' => 
  array (
    0 => 'index',
    1 => 'article',
    2 => 'get_list',
  ),
  'convert' => false,
)
[ info ] [ HEADER ] array (
  'host' => 'blog_api.xukai.ink',
  'connection' => 'keep-alive',
  'content-length' => '0',
  'accept' => '*/*',
  'origin' => 'http://blog.xukai.ink',
  'user-agent' => 'Mozilla/5.0 (Windows NT 10.0; Win64; x64) AppleWebKit/537.36 (KHTML, like Gecko) Chrome/74.0.3729.169 Safari/537.36',
  'referer' => 'http://blog.xukai.ink/index.html',
  'accept-encoding' => 'gzip, deflate',
  'accept-language' => 'en-US,en;q=0.9,zh-CN;q=0.8,zh;q=0.7',
)
[ info ] [ PARAM ] array (
)
[ info ] [ DB ] INIT mysql
[ info ] [ RUN ] app\index\controller\Article->get_list[ C:\wamp64\www\blog\application\index\controller\Article.php ]
[ info ] [ LOG ] INIT File
[ sql ] [ DB ] CONNECT:[ UseTime:0.000618s ] mysql:host=127.0.0.1;dbname=blog;charset=utf8
[ sql ] [ SQL ] SHOW COLUMNS FROM `b_tag` [ RunTime:0.000981s ]
[ sql ] [ SQL ] SELECT * FROM `b_tag` WHERE  (  id>=1 ) [ RunTime:0.000481s ]
[ sql ] [ SQL ] SHOW COLUMNS FROM `common` [ RunTime:0.000885s ]
[ sql ] [ SQL ] SELECT article_id, count(article_id) as num FROM `common` GROUP BY `article_id` [ RunTime:0.000482s ]
[ sql ] [ SQL ] SHOW COLUMNS FROM `b_article` [ RunTime:0.000877s ]
[ sql ] [ SQL ] SELECT `id`,`title`,`u_name`,`hit`,`c_id`,`c_title`,`t_id`,`c_time` FROM `b_article` WHERE  `status` = 1 ORDER BY `c_time` DESC [ RunTime:0.000876s ]
---------------------------------------------------------------
[ 2019-06-12T10:11:40+08:00 ] 59.53.222.95 POST blog_api.xukai.ink/user/isLogin
[运行时间：0.004092s] [吞吐率：244.38req/s] [内存消耗：184.25kb] [文件加载：26]
[ info ] [ LANG ] C:\wamp64\www\blog\thinkphp\lang\zh-cn.php
[ info ] [ ROUTE ] array (
  'type' => 'module',
  'module' => 
  array (
    0 => 'index',
    1 => 'user',
    2 => 'isLogin',
  ),
  'convert' => false,
)
[ info ] [ HEADER ] array (
  'host' => 'blog_api.xukai.ink',
  'connection' => 'keep-alive',
  'content-length' => '0',
  'accept' => '*/*',
  'origin' => 'http://blog.xukai.ink',
  'user-agent' => 'Mozilla/5.0 (Windows NT 10.0; Win64; x64) AppleWebKit/537.36 (KHTML, like Gecko) Chrome/74.0.3729.169 Safari/537.36',
  'referer' => 'http://blog.xukai.ink/index.html',
  'accept-encoding' => 'gzip, deflate',
  'accept-language' => 'en-US,en;q=0.9,zh-CN;q=0.8,zh;q=0.7',
)
[ info ] [ PARAM ] array (
)
[ info ] [ RUN ] app\index\controller\User->isLogin[ C:\wamp64\www\blog\application\index\controller\User.php ]
[ info ] [ LOG ] INIT File
---------------------------------------------------------------
[ 2019-06-12T10:11:42+08:00 ] 59.53.222.95 POST blog_api.xukai.ink/user/login
[运行时间：0.008242s] [吞吐率：121.33req/s] [内存消耗：407.38kb] [文件加载：35]
[ info ] [ LANG ] C:\wamp64\www\blog\thinkphp\lang\zh-cn.php
[ info ] [ ROUTE ] array (
  'type' => 'module',
  'module' => 
  array (
    0 => 'index',
    1 => 'User',
    2 => 'login',
  ),
  'convert' => false,
)
[ info ] [ HEADER ] array (
  'host' => 'blog_api.xukai.ink',
  'connection' => 'keep-alive',
  'content-length' => '20',
  'accept' => '*/*',
  'origin' => 'http://blog.xukai.ink',
  'user-agent' => 'Mozilla/5.0 (Windows NT 10.0; Win64; x64) AppleWebKit/537.36 (KHTML, like Gecko) Chrome/74.0.3729.169 Safari/537.36',
  'content-type' => 'application/x-www-form-urlencoded; charset=UTF-8',
  'referer' => 'http://blog.xukai.ink/index.html',
  'accept-encoding' => 'gzip, deflate',
  'accept-language' => 'en-US,en;q=0.9,zh-CN;q=0.8,zh;q=0.7',
)
[ info ] [ PARAM ] array (
  'name' => 'xk',
  'password' => '123',
)
[ info ] [ RUN ] app\index\controller\User->login[ C:\wamp64\www\blog\application\index\controller\User.php ]
[ info ] [ DB ] INIT mysql
[ info ] [ LOG ] INIT File
[ sql ] [ DB ] CONNECT:[ UseTime:0.000952s ] mysql:host=127.0.0.1;dbname=blog;charset=utf8
[ sql ] [ SQL ] SHOW COLUMNS FROM `b_user` [ RunTime:0.001221s ]
[ sql ] [ SQL ] SELECT * FROM `b_user` WHERE  `name` = 'xk' LIMIT 1 [ RunTime:0.000439s ]
---------------------------------------------------------------
[ 2019-06-12T10:11:43+08:00 ] 59.53.222.95 POST blog_api.xukai.ink/index/location
[运行时间：0.343169s] [吞吐率：2.91req/s] [内存消耗：182.77kb] [文件加载：25]
[ info ] [ LANG ] C:\wamp64\www\blog\thinkphp\lang\zh-cn.php
[ info ] [ ROUTE ] array (
  'type' => 'module',
  'module' => 
  array (
    0 => 'index',
    1 => 'index',
    2 => 'getLocation',
  ),
  'convert' => false,
)
[ info ] [ HEADER ] array (
  'host' => 'blog_api.xukai.ink',
  'connection' => 'keep-alive',
  'content-length' => '0',
  'accept' => '*/*',
  'origin' => 'http://blog.xukai.ink',
  'user-agent' => 'Mozilla/5.0 (Windows NT 10.0; Win64; x64) AppleWebKit/537.36 (KHTML, like Gecko) Chrome/74.0.3729.169 Safari/537.36',
  'referer' => 'http://blog.xukai.ink/admin/admin.html',
  'accept-encoding' => 'gzip, deflate',
  'accept-language' => 'en-US,en;q=0.9,zh-CN;q=0.8,zh;q=0.7',
)
[ info ] [ PARAM ] array (
)
[ info ] [ RUN ] app\index\controller\Index->getLocation[ C:\wamp64\www\blog\application\index\controller\Index.php ]
[ info ] [ LOG ] INIT File
---------------------------------------------------------------
[ 2019-06-12T10:11:43+08:00 ] 59.53.222.95 POST blog_api.xukai.ink/weather
[运行时间：0.123654s] [吞吐率：8.09req/s] [内存消耗：182.63kb] [文件加载：25]
[ info ] [ LANG ] C:\wamp64\www\blog\thinkphp\lang\zh-cn.php
[ info ] [ ROUTE ] array (
  'type' => 'module',
  'module' => 
  array (
    0 => 'index',
    1 => 'index',
    2 => 'getWeater',
  ),
  'convert' => false,
)
[ info ] [ HEADER ] array (
  'host' => 'blog_api.xukai.ink',
  'connection' => 'keep-alive',
  'content-length' => '44',
  'accept' => '*/*',
  'origin' => 'http://blog.xukai.ink',
  'user-agent' => 'Mozilla/5.0 (Windows NT 10.0; Win64; x64) AppleWebKit/537.36 (KHTML, like Gecko) Chrome/74.0.3729.169 Safari/537.36',
  'content-type' => 'application/x-www-form-urlencoded; charset=UTF-8',
  'referer' => 'http://blog.xukai.ink/admin/admin.html',
  'accept-encoding' => 'gzip, deflate',
  'accept-language' => 'en-US,en;q=0.9,zh-CN;q=0.8,zh;q=0.7',
)
[ info ] [ PARAM ] array (
  'lat' => '28.68945529506072',
  'lng' => '115.86458944231661',
)
[ info ] [ RUN ] app\index\controller\Index->getWeater[ C:\wamp64\www\blog\application\index\controller\Index.php ]
[ info ] [ LOG ] INIT File
---------------------------------------------------------------
[ 2019-06-12T10:11:44+08:00 ] 59.53.222.95 POST blog_api.xukai.ink/article/list
[运行时间：0.010117s] [吞吐率：98.85req/s] [内存消耗：406.02kb] [文件加载：35]
[ info ] [ LANG ] C:\wamp64\www\blog\thinkphp\lang\zh-cn.php
[ info ] [ ROUTE ] array (
  'type' => 'module',
  'module' => 
  array (
    0 => 'index',
    1 => 'article',
    2 => 'list',
  ),
  'convert' => false,
)
[ info ] [ HEADER ] array (
  'host' => 'blog_api.xukai.ink',
  'connection' => 'keep-alive',
  'content-length' => '0',
  'accept' => '*/*',
  'origin' => 'http://blog.xukai.ink',
  'user-agent' => 'Mozilla/5.0 (Windows NT 10.0; Win64; x64) AppleWebKit/537.36 (KHTML, like Gecko) Chrome/74.0.3729.169 Safari/537.36',
  'referer' => 'http://blog.xukai.ink/admin/article.html',
  'accept-encoding' => 'gzip, deflate',
  'accept-language' => 'en-US,en;q=0.9,zh-CN;q=0.8,zh;q=0.7',
)
[ info ] [ PARAM ] array (
)
[ info ] [ DB ] INIT mysql
[ info ] [ RUN ] app\index\controller\Article->list[ C:\wamp64\www\blog\application\index\controller\Article.php ]
[ info ] [ LOG ] INIT File
[ sql ] [ DB ] CONNECT:[ UseTime:0.002289s ] mysql:host=127.0.0.1;dbname=blog;charset=utf8
[ sql ] [ SQL ] SHOW COLUMNS FROM `b_article` [ RunTime:0.001043s ]
[ sql ] [ SQL ] SELECT `id`,`title`,`c_title`,`c_time`,`hit` FROM `b_article` WHERE  `status` = 1 [ RunTime:0.000886s ]
---------------------------------------------------------------
[ 2019-06-12T10:11:46+08:00 ] 59.53.222.95 POST blog_api.xukai.ink/cate/get_d
[运行时间：0.008139s] [吞吐率：122.87req/s] [内存消耗：466.69kb] [文件加载：35]
[ info ] [ LANG ] C:\wamp64\www\blog\thinkphp\lang\zh-cn.php
[ info ] [ ROUTE ] array (
  'type' => 'module',
  'module' => 
  array (
    0 => 'index',
    1 => 'category',
    2 => 'getCategory_d',
  ),
  'convert' => false,
)
[ info ] [ HEADER ] array (
  'host' => 'blog_api.xukai.ink',
  'connection' => 'keep-alive',
  'content-length' => '0',
  'accept' => '*/*',
  'origin' => 'http://blog.xukai.ink',
  'user-agent' => 'Mozilla/5.0 (Windows NT 10.0; Win64; x64) AppleWebKit/537.36 (KHTML, like Gecko) Chrome/74.0.3729.169 Safari/537.36',
  'referer' => 'http://blog.xukai.ink/admin/article_edit.html',
  'accept-encoding' => 'gzip, deflate',
  'accept-language' => 'en-US,en;q=0.9,zh-CN;q=0.8,zh;q=0.7',
)
[ info ] [ PARAM ] array (
)
[ info ] [ DB ] INIT mysql
[ info ] [ RUN ] app\index\controller\Category->getCategory_d[ C:\wamp64\www\blog\application\index\controller\Category.php ]
[ info ] [ LOG ] INIT File
[ sql ] [ DB ] CONNECT:[ UseTime:0.000824s ] mysql:host=127.0.0.1;dbname=blog;charset=utf8
[ sql ] [ SQL ] SHOW COLUMNS FROM `b_category` [ RunTime:0.001147s ]
[ sql ] [ SQL ] SELECT * FROM `b_category` WHERE  `pid` > 0 [ RunTime:0.000431s ]
---------------------------------------------------------------
[ 2019-06-12T10:11:46+08:00 ] 59.53.222.95 GET blog_api.xukai.ink/tag/get
[运行时间：0.007458s] [吞吐率：134.08req/s] [内存消耗：395.98kb] [文件加载：35]
[ info ] [ LANG ] C:\wamp64\www\blog\thinkphp\lang\zh-cn.php
[ info ] [ ROUTE ] array (
  'type' => 'module',
  'module' => 
  array (
    0 => 'index',
    1 => 'Tag',
    2 => 'get',
  ),
  'convert' => false,
)
[ info ] [ HEADER ] array (
  'host' => 'blog_api.xukai.ink',
  'connection' => 'keep-alive',
  'accept' => '*/*',
  'origin' => 'http://blog.xukai.ink',
  'user-agent' => 'Mozilla/5.0 (Windows NT 10.0; Win64; x64) AppleWebKit/537.36 (KHTML, like Gecko) Chrome/74.0.3729.169 Safari/537.36',
  'referer' => 'http://blog.xukai.ink/admin/article_edit.html',
  'accept-encoding' => 'gzip, deflate',
  'accept-language' => 'en-US,en;q=0.9,zh-CN;q=0.8,zh;q=0.7',
)
[ info ] [ PARAM ] array (
)
[ info ] [ DB ] INIT mysql
[ info ] [ RUN ] app\index\controller\Tag->get[ C:\wamp64\www\blog\application\index\controller\Tag.php ]
[ info ] [ LOG ] INIT File
[ sql ] [ DB ] CONNECT:[ UseTime:0.000872s ] mysql:host=127.0.0.1;dbname=blog;charset=utf8
[ sql ] [ SQL ] SHOW COLUMNS FROM `b_tag` [ RunTime:0.000910s ]
[ sql ] [ SQL ] SELECT * FROM `b_tag` WHERE  (  id>=1 ) [ RunTime:0.000390s ]
---------------------------------------------------------------
[ 2019-06-12T10:11:46+08:00 ] 59.53.222.95 POST blog_api.xukai.ink/article/getOne
[运行时间：0.008776s] [吞吐率：113.94req/s] [内存消耗：410.99kb] [文件加载：35]
[ info ] [ LANG ] C:\wamp64\www\blog\thinkphp\lang\zh-cn.php
[ info ] [ ROUTE ] array (
  'type' => 'module',
  'module' => 
  array (
    0 => 'index',
    1 => 'article',
    2 => 'getOne',
  ),
  'convert' => false,
)
[ info ] [ HEADER ] array (
  'host' => 'blog_api.xukai.ink',
  'connection' => 'keep-alive',
  'content-length' => '5',
  'accept' => '*/*',
  'origin' => 'http://blog.xukai.ink',
  'user-agent' => 'Mozilla/5.0 (Windows NT 10.0; Win64; x64) AppleWebKit/537.36 (KHTML, like Gecko) Chrome/74.0.3729.169 Safari/537.36',
  'content-type' => 'application/x-www-form-urlencoded; charset=UTF-8',
  'referer' => 'http://blog.xukai.ink/admin/article_edit.html',
  'accept-encoding' => 'gzip, deflate',
  'accept-language' => 'en-US,en;q=0.9,zh-CN;q=0.8,zh;q=0.7',
)
[ info ] [ PARAM ] array (
  'id' => '30',
)
[ info ] [ DB ] INIT mysql
[ info ] [ RUN ] app\index\controller\Article->getOne[ C:\wamp64\www\blog\application\index\controller\Article.php ]
[ info ] [ LOG ] INIT File
[ sql ] [ DB ] CONNECT:[ UseTime:0.001142s ] mysql:host=127.0.0.1;dbname=blog;charset=utf8
[ sql ] [ SQL ] SHOW COLUMNS FROM `b_article` [ RunTime:0.001061s ]
[ sql ] [ SQL ] SELECT * FROM `b_article` WHERE  `id` = 30 LIMIT 1 [ RunTime:0.000592s ]
---------------------------------------------------------------
[ 2019-06-12T10:13:47+08:00 ] 59.53.222.95 POST blog_api.xukai.ink/article/edit
[运行时间：0.018525s] [吞吐率：53.98req/s] [内存消耗：499.94kb] [文件加载：38]
[ info ] [ LANG ] C:\wamp64\www\blog\thinkphp\lang\zh-cn.php
[ info ] [ ROUTE ] array (
  'type' => 'module',
  'module' => 
  array (
    0 => 'index',
    1 => 'article',
    2 => 'edit',
  ),
  'convert' => false,
)
[ info ] [ HEADER ] array (
  'host' => 'blog_api.xukai.ink',
  'connection' => 'keep-alive',
  'content-length' => '9413',
  'accept' => '*/*',
  'origin' => 'http://blog.xukai.ink',
  'user-agent' => 'Mozilla/5.0 (Windows NT 10.0; Win64; x64) AppleWebKit/537.36 (KHTML, like Gecko) Chrome/74.0.3729.169 Safari/537.36',
  'content-type' => 'application/x-www-form-urlencoded; charset=UTF-8',
  'referer' => 'http://blog.xukai.ink/admin/article_edit.html',
  'accept-encoding' => 'gzip, deflate',
  'accept-language' => 'en-US,en;q=0.9,zh-CN;q=0.8,zh;q=0.7',
)
[ info ] [ PARAM ] array (
  'title' => 'linux一些命令',
  'content' => '<p>本实验均在centos7上完成<br/></p><p><br/></p><ol class=" list-paddingleft-2" style="list-style-type: decimal;"><li><p>修改ip地址&nbsp;&nbsp;&nbsp;&nbsp;<span style="background-color: rgb(255, 255, 255); color: rgb(73, 73, 73); font-family: Arial, Helvetica, sans-serif;">/etc/sysconfig/network-scripts/ifcfg-ens</span></p><p><span style="background-color: rgb(255, 255, 255); color: rgb(73, 73, 73); font-family: Arial, Helvetica, sans-serif;">&nbsp;&nbsp;</span><span style="background-color: rgb(255, 255, 255); color: rgb(73, 73, 73); font-family: Arial, Helvetica, sans-serif;">如果要启动动态ip则需要把BOOTPROTO=dhcp&nbsp; &nbsp;onboot=yes</span></p><p><span style="background-color: rgb(255, 255, 255); color: rgb(73, 73, 73); font-family: Arial, Helvetica, sans-serif;">&nbsp; 静态ip也是一样打开上面的配置文件，将bootProto修改成static，onboot改成yes</span></p><p><span style="background-color: rgb(255, 255, 255); color: rgb(73, 73, 73); font-family: Arial, Helvetica, sans-serif;">&nbsp; 再加入IPADDR=192.168.238.1&nbsp; &nbsp; GATEWAY&nbsp; &nbsp; NETMASK</span></p><p><span style="background-color: rgb(255, 255, 255); color: rgb(73, 73, 73); font-family: Arial, Helvetica, sans-serif;">&nbsp; 然后重启网络服务&nbsp;&nbsp;</span><span style="background-color: rgb(250, 250, 252); color: rgb(51, 51, 51); font-size: 14px; text-align: justify;">service network restart</span></p></li><li><p style="text-align: justify; "><span style="color:#333333"><span style="font-size: 14px; background-color: rgb(250, 250, 252);">光盘yum源配置</span></span></p><p style="text-align: justify; "><span style="color:#333333"><span style="font-size: 14px; background-color: rgb(250, 250, 252);">1.挂载光盘<br/>&nbsp; 使用df -h查看磁盘空间，没有相关挂载点，mkdir&nbsp; /mnt/rom 创建空目录，作为光盘挂载点，mount -o loop /dev/cdrom /mnt/rom 挂载到指定路径，<br/>&nbsp;2.让网络yum源失效<br/>&nbsp; &nbsp;备份/etc/yum.repose.d下面的所有文件，&nbsp; cp -r /etc/yum.repose.d/&nbsp; /home/data<br/>&nbsp; &nbsp;cd /etc/yum.repose.d/<br/>&nbsp; &nbsp;mv Centos-Base.repo CentOs-Base.repo.bak<br/>&nbsp; &nbsp;mv <span style="color: rgb(102, 102, 102); font-family: 宋体, Arial; background-color: rgb(255, 255, 255);">CentOS-Debuginfo.repo CentOS-Debuginfo.repo.bak</span></span></span></p></li><li><p style="text-align: justify; "><span style="color:#666666;font-family:宋体, Arial"><span style="font-size: 14px; background-color: rgb(255, 255, 255);">修改光盘yum文件<br/>vim /etc/yum.repose.d/CentOs-Media.repo<br/>修改内容<br/>[c7-media]<br/>&nbsp; 注释掉这三个地址<br/>&nbsp;#baseurl=<a href="http://file:///media/CentOs">file:///media/CentO</a>S/<br/>&nbsp;#<a href="http://file:///media/cdrom/">file:///media/cdrom/</a><br/>&nbsp;#<a href="http://file:///media/cdrecorder/">file:///media/cdrecorder/</a><br/>baseurl=<a href="http://file:///mnt/rom/">file:///mnt/rom/</a>&nbsp; &nbsp;修改成自己挂载的光盘地址<br/>gpgcheck=1&nbsp;&nbsp;&nbsp;&nbsp;使数字证书生效<br/>enabled=1&nbsp;&nbsp;&nbsp;&nbsp; 使容器生效</span></span></p></li><li><p style="text-align: justify; "><span style="color:#666666;font-family:宋体, Arial"><span style="font-size: 14px; background-color: rgb(255, 255, 255);">验证yum源<br/>yum clean all&nbsp; 清空yum缓存，改完配置文件后需要运行该命令<br/>yum list&nbsp;&nbsp;&nbsp;&nbsp;查询所有可用软件包列表<br/>yum repolist&nbsp; &nbsp;显示yum源信息</span></span></p></li><li><p style="text-align: justify; "><font color="#666666" face="宋体, Arial"><span style="font-size: 14px; background-color: rgb(255, 255, 255);">开启路由转发功能<br/>在 /etc/sysctl.conf&nbsp; &nbsp;里面加入&nbsp; net.ipv4.ip_forward=1&nbsp; &nbsp;sysctl -p</span></font></p></li></ol><p style="text-align: justify; "><span style="color:#666666;font-family:宋体, Arial"><span style="font-size: 14px; background-color: rgb(255, 255, 255);"><br/></span></span></p><p style="text-align: justify; "><span style="color:#666666;font-family:宋体, Arial"><span style="font-size: 14px; background-color: rgb(255, 255, 255);"><br/></span></span></p><p style="text-align: justify; "><span style="color:#666666;font-family:宋体, Arial"><span style="font-size: 14px; background-color: rgb(255, 255, 255);"><br/></span></span></p><p style="text-align: justify; "><span style="color:#666666;font-family:宋体, Arial"><span style="font-size: 14px; background-color: rgb(255, 255, 255);"><br/></span></span></p><p style="text-align: justify; "><span style="color:#666666;font-family:宋体, Arial"><span style="font-size: 14px; background-color: rgb(255, 255, 255);"><br/></span></span></p><p style="text-align: justify; "><span style="color:#666666;font-family:宋体, Arial"><span style="font-size: 14px; background-color: rgb(255, 255, 255);"><br/></span></span></p><p style="text-align: justify; "><span style="color:#666666;font-family:宋体, Arial"><span style="font-size: 14px; background-color: rgb(255, 255, 255);"><br/></span></span></p><p style="text-align: justify; "><span style="color:#666666;font-family:宋体, Arial"><span style="font-size: 14px; background-color: rgb(255, 255, 255);"><br/></span></span></p><p style="text-align: justify; "><span style="color:#666666;font-family:宋体, Arial"><span style="font-size: 14px; background-color: rgb(255, 255, 255);"></span></span></p><p><span style="color:#494949;font-family:Arial, Helvetica, sans-serif"><span style="background-color: rgb(255, 255, 255);"></span></span></p>',
  'c_id' => '42,期末实验',
  't_id' => '2',
  'id' => '30',
  'userId' => '1',
)
[ info ] [ DB ] INIT mysql
[ info ] [ RUN ] app\index\controller\Article->edit[ C:\wamp64\www\blog\application\index\controller\Article.php ]
[ info ] [ SESSION ] INIT array (
  'id' => '',
  'var_session_id' => '',
  'prefix' => 'think',
  'type' => '',
  'auto_start' => true,
)
[ info ] [ CACHE ] INIT File
[ info ] [ LOG ] INIT File
[ sql ] [ DB ] CONNECT:[ UseTime:0.001317s ] mysql:host=127.0.0.1;dbname=blog;charset=utf8
[ sql ] [ SQL ] SHOW COLUMNS FROM `b_article` [ RunTime:0.001109s ]
[ sql ] [ SQL ] SELECT * FROM `b_article` WHERE  `id` = 30 LIMIT 1 [ RunTime:0.000573s ]
[ sql ] [ SQL ] UPDATE `b_article`  SET `content`='<p>本实验均在centos7上完成<br/></p><p><br/></p><ol class=\" list-paddingleft-2\" style=\"list-style-type: decimal;\"><li><p>修改ip地址&nbsp;&nbsp;&nbsp;&nbsp;<span style=\"background-color: rgb(255, 255, 255); color: rgb(73, 73, 73); font-family: Arial, Helvetica, sans-serif;\">/etc/sysconfig/network-scripts/ifcfg-ens</span></p><p><span style=\"background-color: rgb(255, 255, 255); color: rgb(73, 73, 73); font-family: Arial, Helvetica, sans-serif;\">&nbsp;&nbsp;</span><span style=\"background-color: rgb(255, 255, 255); color: rgb(73, 73, 73); font-family: Arial, Helvetica, sans-serif;\">如果要启动动态ip则需要把BOOTPROTO=dhcp&nbsp; &nbsp;onboot=yes</span></p><p><span style=\"background-color: rgb(255, 255, 255); color: rgb(73, 73, 73); font-family: Arial, Helvetica, sans-serif;\">&nbsp; 静态ip也是一样打开上面的配置文件，将bootProto修改成static，onboot改成yes</span></p><p><span style=\"background-color: rgb(255, 255, 255); color: rgb(73, 73, 73); font-family: Arial, Helvetica, sans-serif;\">&nbsp; 再加入IPADDR=192.168.238.1&nbsp; &nbsp; GATEWAY&nbsp; &nbsp; NETMASK</span></p><p><span style=\"background-color: rgb(255, 255, 255); color: rgb(73, 73, 73); font-family: Arial, Helvetica, sans-serif;\">&nbsp; 然后重启网络服务&nbsp;&nbsp;</span><span style=\"background-color: rgb(250, 250, 252); color: rgb(51, 51, 51); font-size: 14px; text-align: justify;\">service network restart</span></p></li><li><p style=\"text-align: justify; \"><span style=\"color:#333333\"><span style=\"font-size: 14px; background-color: rgb(250, 250, 252);\">光盘yum源配置</span></span></p><p style=\"text-align: justify; \"><span style=\"color:#333333\"><span style=\"font-size: 14px; background-color: rgb(250, 250, 252);\">1.挂载光盘<br/>&nbsp; 使用df -h查看磁盘空间，没有相关挂载点，mkdir&nbsp; /mnt/rom 创建空目录，作为光盘挂载点，mount -o loop /dev/cdrom /mnt/rom 挂载到指定路径，<br/>&nbsp;2.让网络yum源失效<br/>&nbsp; &nbsp;备份/etc/yum.repose.d下面的所有文件，&nbsp; cp -r /etc/yum.repose.d/&nbsp; /home/data<br/>&nbsp; &nbsp;cd /etc/yum.repose.d/<br/>&nbsp; &nbsp;mv Centos-Base.repo CentOs-Base.repo.bak<br/>&nbsp; &nbsp;mv <span style=\"color: rgb(102, 102, 102); font-family: 宋体, Arial; background-color: rgb(255, 255, 255);\">CentOS-Debuginfo.repo CentOS-Debuginfo.repo.bak</span></span></span></p></li><li><p style=\"text-align: justify; \"><span style=\"color:#666666;font-family:宋体, Arial\"><span style=\"font-size: 14px; background-color: rgb(255, 255, 255);\">修改光盘yum文件<br/>vim /etc/yum.repose.d/CentOs-Media.repo<br/>修改内容<br/>[c7-media]<br/>&nbsp; 注释掉这三个地址<br/>&nbsp;#baseurl=<a href=\"http://file:///media/CentOs\">file:///media/CentO</a>S/<br/>&nbsp;#<a href=\"http://file:///media/cdrom/\">file:///media/cdrom/</a><br/>&nbsp;#<a href=\"http://file:///media/cdrecorder/\">file:///media/cdrecorder/</a><br/>baseurl=<a href=\"http://file:///mnt/rom/\">file:///mnt/rom/</a>&nbsp; &nbsp;修改成自己挂载的光盘地址<br/>gpgcheck=1&nbsp;&nbsp;&nbsp;&nbsp;使数字证书生效<br/>enabled=1&nbsp;&nbsp;&nbsp;&nbsp; 使容器生效</span></span></p></li><li><p style=\"text-align: justify; \"><span style=\"color:#666666;font-family:宋体, Arial\"><span style=\"font-size: 14px; background-color: rgb(255, 255, 255);\">验证yum源<br/>yum clean all&nbsp; 清空yum缓存，改完配置文件后需要运行该命令<br/>yum list&nbsp;&nbsp;&nbsp;&nbsp;查询所有可用软件包列表<br/>yum repolist&nbsp; &nbsp;显示yum源信息</span></span></p></li><li><p style=\"text-align: justify; \"><font color=\"#666666\" face=\"宋体, Arial\"><span style=\"font-size: 14px; background-color: rgb(255, 255, 255);\">开启路由转发功能<br/>在 /etc/sysctl.conf&nbsp; &nbsp;里面加入&nbsp; net.ipv4.ip_forward=1&nbsp; &nbsp;sysctl -p</span></font></p></li></ol><p style=\"text-align: justify; \"><span style=\"color:#666666;font-family:宋体, Arial\"><span style=\"font-size: 14px; background-color: rgb(255, 255, 255);\"><br/></span></span></p><p style=\"text-align: justify; \"><span style=\"color:#666666;font-family:宋体, Arial\"><span style=\"font-size: 14px; background-color: rgb(255, 255, 255);\"><br/></span></span></p><p style=\"text-align: justify; \"><span style=\"color:#666666;font-family:宋体, Arial\"><span style=\"font-size: 14px; background-color: rgb(255, 255, 255);\"><br/></span></span></p><p style=\"text-align: justify; \"><span style=\"color:#666666;font-family:宋体, Arial\"><span style=\"font-size: 14px; background-color: rgb(255, 255, 255);\"><br/></span></span></p><p style=\"text-align: justify; \"><span style=\"color:#666666;font-family:宋体, Arial\"><span style=\"font-size: 14px; background-color: rgb(255, 255, 255);\"><br/></span></span></p><p style=\"text-align: justify; \"><span style=\"color:#666666;font-family:宋体, Arial\"><span style=\"font-size: 14px; background-color: rgb(255, 255, 255);\"><br/></span></span></p><p style=\"text-align: justify; \"><span style=\"color:#666666;font-family:宋体, Arial\"><span style=\"font-size: 14px; background-color: rgb(255, 255, 255);\"><br/></span></span></p><p style=\"text-align: justify; \"><span style=\"color:#666666;font-family:宋体, Arial\"><span style=\"font-size: 14px; background-color: rgb(255, 255, 255);\"><br/></span></span></p><p style=\"text-align: justify; \"><span style=\"color:#666666;font-family:宋体, Arial\"><span style=\"font-size: 14px; background-color: rgb(255, 255, 255);\"></span></span></p><p><span style=\"color:#494949;font-family:Arial, Helvetica, sans-serif\"><span style=\"background-color: rgb(255, 255, 255);\"></span></span></p>',`e_time`='1560305627'  WHERE  `id` = 30 [ RunTime:0.000603s ]
---------------------------------------------------------------
[ 2019-06-12T10:13:47+08:00 ] 59.53.222.95 POST blog_api.xukai.ink/article/list
[运行时间：0.009315s] [吞吐率：107.35req/s] [内存消耗：406.02kb] [文件加载：35]
[ info ] [ LANG ] C:\wamp64\www\blog\thinkphp\lang\zh-cn.php
[ info ] [ ROUTE ] array (
  'type' => 'module',
  'module' => 
  array (
    0 => 'index',
    1 => 'article',
    2 => 'list',
  ),
  'convert' => false,
)
[ info ] [ HEADER ] array (
  'host' => 'blog_api.xukai.ink',
  'connection' => 'keep-alive',
  'content-length' => '0',
  'accept' => '*/*',
  'origin' => 'http://blog.xukai.ink',
  'user-agent' => 'Mozilla/5.0 (Windows NT 10.0; Win64; x64) AppleWebKit/537.36 (KHTML, like Gecko) Chrome/74.0.3729.169 Safari/537.36',
  'referer' => 'http://blog.xukai.ink/admin/article.html',
  'accept-encoding' => 'gzip, deflate',
  'accept-language' => 'en-US,en;q=0.9,zh-CN;q=0.8,zh;q=0.7',
)
[ info ] [ PARAM ] array (
)
[ info ] [ DB ] INIT mysql
[ info ] [ RUN ] app\index\controller\Article->list[ C:\wamp64\www\blog\application\index\controller\Article.php ]
[ info ] [ LOG ] INIT File
[ sql ] [ DB ] CONNECT:[ UseTime:0.002466s ] mysql:host=127.0.0.1;dbname=blog;charset=utf8
[ sql ] [ SQL ] SHOW COLUMNS FROM `b_article` [ RunTime:0.001128s ]
[ sql ] [ SQL ] SELECT `id`,`title`,`c_title`,`c_time`,`hit` FROM `b_article` WHERE  `status` = 1 [ RunTime:0.000507s ]
---------------------------------------------------------------
[ 2019-06-12T10:53:11+08:00 ] 59.53.222.95 POST blog_api.xukai.ink/cate/get_cs
[运行时间：0.027048s] [吞吐率：36.97req/s] [内存消耗：468.01kb] [文件加载：35]
[ info ] [ LANG ] C:\wamp64\www\blog\thinkphp\lang\zh-cn.php
[ info ] [ ROUTE ] array (
  'type' => 'module',
  'module' => 
  array (
    0 => 'index',
    1 => 'category',
    2 => 'getCategory_s',
  ),
  'convert' => false,
)
[ info ] [ HEADER ] array (
  'host' => 'blog_api.xukai.ink',
  'connection' => 'keep-alive',
  'content-length' => '0',
  'accept' => '*/*',
  'origin' => 'http://blog.xukai.ink',
  'user-agent' => 'Mozilla/5.0 (Windows NT 10.0; Win64; x64) AppleWebKit/537.36 (KHTML, like Gecko) Chrome/74.0.3729.169 Safari/537.36',
  'referer' => 'http://blog.xukai.ink/',
  'accept-encoding' => 'gzip, deflate',
  'accept-language' => 'en-US,en;q=0.9,zh-CN;q=0.8,zh;q=0.7',
)
[ info ] [ PARAM ] array (
)
[ info ] [ DB ] INIT mysql
[ info ] [ RUN ] app\index\controller\Category->getCategory_s[ C:\wamp64\www\blog\application\index\controller\Category.php ]
[ info ] [ LOG ] INIT File
[ sql ] [ DB ] CONNECT:[ UseTime:0.012737s ] mysql:host=127.0.0.1;dbname=blog;charset=utf8
[ sql ] [ SQL ] SHOW COLUMNS FROM `b_category` [ RunTime:0.000999s ]
[ sql ] [ SQL ] SELECT * FROM `b_category` WHERE  `pid` = 0 [ RunTime:0.000418s ]
[ sql ] [ SQL ] SELECT * FROM `b_category` WHERE  `pid` > 0 [ RunTime:0.000376s ]
---------------------------------------------------------------
[ 2019-06-12T10:53:11+08:00 ] 59.53.222.95 POST blog_api.xukai.ink/article/get_list
[运行时间：0.024218s] [吞吐率：41.29req/s] [内存消耗：428.98kb] [文件加载：38]
[ info ] [ LANG ] C:\wamp64\www\blog\thinkphp\lang\zh-cn.php
[ info ] [ ROUTE ] array (
  'type' => 'module',
  'module' => 
  array (
    0 => 'index',
    1 => 'article',
    2 => 'get_list',
  ),
  'convert' => false,
)
[ info ] [ HEADER ] array (
  'host' => 'blog_api.xukai.ink',
  'connection' => 'keep-alive',
  'content-length' => '0',
  'accept' => '*/*',
  'origin' => 'http://blog.xukai.ink',
  'user-agent' => 'Mozilla/5.0 (Windows NT 10.0; Win64; x64) AppleWebKit/537.36 (KHTML, like Gecko) Chrome/74.0.3729.169 Safari/537.36',
  'referer' => 'http://blog.xukai.ink/',
  'accept-encoding' => 'gzip, deflate',
  'accept-language' => 'en-US,en;q=0.9,zh-CN;q=0.8,zh;q=0.7',
)
[ info ] [ PARAM ] array (
)
[ info ] [ DB ] INIT mysql
[ info ] [ RUN ] app\index\controller\Article->get_list[ C:\wamp64\www\blog\application\index\controller\Article.php ]
[ info ] [ LOG ] INIT File
[ sql ] [ DB ] CONNECT:[ UseTime:0.009517s ] mysql:host=127.0.0.1;dbname=blog;charset=utf8
[ sql ] [ SQL ] SHOW COLUMNS FROM `b_tag` [ RunTime:0.000820s ]
[ sql ] [ SQL ] SELECT * FROM `b_tag` WHERE  (  id>=1 ) [ RunTime:0.000383s ]
[ sql ] [ SQL ] SHOW COLUMNS FROM `common` [ RunTime:0.000838s ]
[ sql ] [ SQL ] SELECT article_id, count(article_id) as num FROM `common` GROUP BY `article_id` [ RunTime:0.000561s ]
[ sql ] [ SQL ] SHOW COLUMNS FROM `b_article` [ RunTime:0.000904s ]
[ sql ] [ SQL ] SELECT `id`,`title`,`u_name`,`hit`,`c_id`,`c_title`,`t_id`,`c_time` FROM `b_article` WHERE  `status` = 1 ORDER BY `c_time` DESC [ RunTime:0.000819s ]
---------------------------------------------------------------
[ 2019-06-12T10:53:11+08:00 ] 59.53.222.95 POST blog_api.xukai.ink/user/isLogin
[运行时间：0.008513s] [吞吐率：117.47req/s] [内存消耗：190.38kb] [文件加载：24]
[ info ] [ LANG ] C:\wamp64\www\blog\thinkphp\lang\zh-cn.php
[ info ] [ ROUTE ] array (
  'type' => 'module',
  'module' => 
  array (
    0 => 'index',
    1 => 'user',
    2 => 'isLogin',
  ),
  'convert' => false,
)
[ info ] [ HEADER ] array (
  'host' => 'blog_api.xukai.ink',
  'connection' => 'keep-alive',
  'content-length' => '8',
  'accept' => '*/*',
  'origin' => 'http://blog.xukai.ink',
  'user-agent' => 'Mozilla/5.0 (Windows NT 10.0; Win64; x64) AppleWebKit/537.36 (KHTML, like Gecko) Chrome/74.0.3729.169 Safari/537.36',
  'content-type' => 'application/x-www-form-urlencoded; charset=UTF-8',
  'referer' => 'http://blog.xukai.ink/',
  'accept-encoding' => 'gzip, deflate',
  'accept-language' => 'en-US,en;q=0.9,zh-CN;q=0.8,zh;q=0.7',
)
[ info ] [ PARAM ] array (
  'userId' => '1',
)
[ info ] [ RUN ] app\index\controller\User->isLogin[ C:\wamp64\www\blog\application\index\controller\User.php ]
[ info ] [ LOG ] INIT File
---------------------------------------------------------------
[ 2019-06-12T10:53:11+08:00 ] 59.53.222.95 POST blog_api.xukai.ink/category/get_guidang
[运行时间：0.013459s] [吞吐率：74.30req/s] [内存消耗：401.80kb] [文件加载：36]
[ info ] [ LANG ] C:\wamp64\www\blog\thinkphp\lang\zh-cn.php
[ info ] [ ROUTE ] array (
  'type' => 'module',
  'module' => 
  array (
    0 => 'index',
    1 => 'article',
    2 => 'get_guidang',
  ),
  'convert' => false,
)
[ info ] [ HEADER ] array (
  'host' => 'blog_api.xukai.ink',
  'connection' => 'keep-alive',
  'content-length' => '0',
  'accept' => '*/*',
  'origin' => 'http://blog.xukai.ink',
  'user-agent' => 'Mozilla/5.0 (Windows NT 10.0; Win64; x64) AppleWebKit/537.36 (KHTML, like Gecko) Chrome/74.0.3729.169 Safari/537.36',
  'referer' => 'http://blog.xukai.ink/',
  'accept-encoding' => 'gzip, deflate',
  'accept-language' => 'en-US,en;q=0.9,zh-CN;q=0.8,zh;q=0.7',
)
[ info ] [ PARAM ] array (
)
[ info ] [ DB ] INIT mysql
[ info ] [ RUN ] app\index\controller\Article->get_guidang[ C:\wamp64\www\blog\application\index\controller\Article.php ]
[ info ] [ LOG ] INIT File
[ sql ] [ DB ] CONNECT:[ UseTime:0.000696s ] mysql:host=127.0.0.1;dbname=blog;charset=utf8
[ sql ] [ SQL ] SHOW COLUMNS FROM `b_article` [ RunTime:0.000924s ]
[ sql ] [ SQL ] SELECT `guidang` FROM `b_article` WHERE  `status` = 1 GROUP BY `guidang` [ RunTime:0.000600s ]
---------------------------------------------------------------
[ 2019-06-12T10:53:12+08:00 ] 59.53.222.95 POST blog_api.xukai.ink/cate/get_cs
[运行时间：0.020702s] [吞吐率：48.30req/s] [内存消耗：468.02kb] [文件加载：35]
[ info ] [ LANG ] C:\wamp64\www\blog\thinkphp\lang\zh-cn.php
[ info ] [ ROUTE ] array (
  'type' => 'module',
  'module' => 
  array (
    0 => 'index',
    1 => 'category',
    2 => 'getCategory_s',
  ),
  'convert' => false,
)
[ info ] [ HEADER ] array (
  'host' => 'blog_api.xukai.ink',
  'connection' => 'keep-alive',
  'content-length' => '0',
  'accept' => '*/*',
  'origin' => 'http://blog.xukai.ink',
  'user-agent' => 'Mozilla/5.0 (Windows NT 10.0; Win64; x64) AppleWebKit/537.36 (KHTML, like Gecko) Chrome/74.0.3729.169 Safari/537.36',
  'referer' => 'http://blog.xukai.ink/detail.html',
  'accept-encoding' => 'gzip, deflate',
  'accept-language' => 'en-US,en;q=0.9,zh-CN;q=0.8,zh;q=0.7',
)
[ info ] [ PARAM ] array (
)
[ info ] [ DB ] INIT mysql
[ info ] [ RUN ] app\index\controller\Category->getCategory_s[ C:\wamp64\www\blog\application\index\controller\Category.php ]
[ info ] [ LOG ] INIT File
[ sql ] [ DB ] CONNECT:[ UseTime:0.008686s ] mysql:host=127.0.0.1;dbname=blog;charset=utf8
[ sql ] [ SQL ] SHOW COLUMNS FROM `b_category` [ RunTime:0.001921s ]
[ sql ] [ SQL ] SELECT * FROM `b_category` WHERE  `pid` = 0 [ RunTime:0.000940s ]
[ sql ] [ SQL ] SELECT * FROM `b_category` WHERE  `pid` > 0 [ RunTime:0.001414s ]
---------------------------------------------------------------
[ 2019-06-12T10:53:12+08:00 ] 59.53.222.95 POST blog_api.xukai.ink/article/get_detail
[运行时间：0.018906s] [吞吐率：52.89req/s] [内存消耗：455.74kb] [文件加载：41]
[ info ] [ LANG ] C:\wamp64\www\blog\thinkphp\lang\zh-cn.php
[ info ] [ ROUTE ] array (
  'type' => 'module',
  'module' => 
  array (
    0 => 'index',
    1 => 'article',
    2 => 'get_detail',
  ),
  'convert' => false,
)
[ info ] [ HEADER ] array (
  'host' => 'blog_api.xukai.ink',
  'connection' => 'keep-alive',
  'content-length' => '5',
  'accept' => '*/*',
  'origin' => 'http://blog.xukai.ink',
  'user-agent' => 'Mozilla/5.0 (Windows NT 10.0; Win64; x64) AppleWebKit/537.36 (KHTML, like Gecko) Chrome/74.0.3729.169 Safari/537.36',
  'content-type' => 'application/x-www-form-urlencoded; charset=UTF-8',
  'referer' => 'http://blog.xukai.ink/detail.html',
  'accept-encoding' => 'gzip, deflate',
  'accept-language' => 'en-US,en;q=0.9,zh-CN;q=0.8,zh;q=0.7',
)
[ info ] [ PARAM ] array (
  'id' => '29',
)
[ info ] [ DB ] INIT mysql
[ info ] [ RUN ] app\index\controller\Article->get_detail[ C:\wamp64\www\blog\application\index\controller\Article.php ]
[ info ] [ CACHE ] INIT File
[ info ] [ LOG ] INIT File
[ sql ] [ DB ] CONNECT:[ UseTime:0.001673s ] mysql:host=127.0.0.1;dbname=blog;charset=utf8
[ sql ] [ SQL ] SHOW COLUMNS FROM `b_tag` [ RunTime:0.001920s ]
[ sql ] [ SQL ] SELECT * FROM `b_tag` WHERE  (  id>=1 ) [ RunTime:0.001319s ]
[ sql ] [ SQL ] SHOW COLUMNS FROM `b_article` [ RunTime:0.003581s ]
[ sql ] [ SQL ] SELECT * FROM `b_article` WHERE  `id` = 29 LIMIT 1 [ RunTime:0.002278s ]
[ sql ] [ SQL ] UPDATE `b_article`  SET `hit`=`hit`+1  WHERE  `id` = 29 [ RunTime:0.000557s ]
---------------------------------------------------------------
[ 2019-06-12T10:53:12+08:00 ] 59.53.222.95 POST blog_api.xukai.ink/common/get
[运行时间：0.012945s] [吞吐率：77.25req/s] [内存消耗：465.63kb] [文件加载：37]
[ info ] [ LANG ] C:\wamp64\www\blog\thinkphp\lang\zh-cn.php
[ info ] [ ROUTE ] array (
  'type' => 'module',
  'module' => 
  array (
    0 => 'index',
    1 => 'commons',
    2 => 'get',
  ),
  'convert' => false,
)
[ info ] [ HEADER ] array (
  'host' => 'blog_api.xukai.ink',
  'connection' => 'keep-alive',
  'content-length' => '13',
  'accept' => '*/*',
  'origin' => 'http://blog.xukai.ink',
  'user-agent' => 'Mozilla/5.0 (Windows NT 10.0; Win64; x64) AppleWebKit/537.36 (KHTML, like Gecko) Chrome/74.0.3729.169 Safari/537.36',
  'content-type' => 'application/x-www-form-urlencoded; charset=UTF-8',
  'referer' => 'http://blog.xukai.ink/detail.html',
  'accept-encoding' => 'gzip, deflate',
  'accept-language' => 'en-US,en;q=0.9,zh-CN;q=0.8,zh;q=0.7',
)
[ info ] [ PARAM ] array (
  'article_id' => '29',
)
[ info ] [ RUN ] app\index\controller\Commons->get[ C:\wamp64\www\blog\application\index\controller\Commons.php ]
[ info ] [ DB ] INIT mysql
[ info ] [ LOG ] INIT File
[ sql ] [ DB ] CONNECT:[ UseTime:0.002704s ] mysql:host=127.0.0.1;dbname=blog;charset=utf8
[ sql ] [ SQL ] SHOW COLUMNS FROM `common` [ RunTime:0.001152s ]
[ sql ] [ SQL ] SELECT * FROM `common` WHERE  `article_id` = 29 [ RunTime:0.000546s ]
---------------------------------------------------------------
[ 2019-06-12T10:53:13+08:00 ] 59.53.222.95 POST blog_api.xukai.ink/user/isLogin
[运行时间：0.009623s] [吞吐率：103.92req/s] [内存消耗：190.38kb] [文件加载：24]
[ info ] [ LANG ] C:\wamp64\www\blog\thinkphp\lang\zh-cn.php
[ info ] [ ROUTE ] array (
  'type' => 'module',
  'module' => 
  array (
    0 => 'index',
    1 => 'user',
    2 => 'isLogin',
  ),
  'convert' => false,
)
[ info ] [ HEADER ] array (
  'host' => 'blog_api.xukai.ink',
  'connection' => 'keep-alive',
  'content-length' => '8',
  'accept' => '*/*',
  'origin' => 'http://blog.xukai.ink',
  'user-agent' => 'Mozilla/5.0 (Windows NT 10.0; Win64; x64) AppleWebKit/537.36 (KHTML, like Gecko) Chrome/74.0.3729.169 Safari/537.36',
  'content-type' => 'application/x-www-form-urlencoded; charset=UTF-8',
  'referer' => 'http://blog.xukai.ink/',
  'accept-encoding' => 'gzip, deflate',
  'accept-language' => 'en-US,en;q=0.9,zh-CN;q=0.8,zh;q=0.7',
)
[ info ] [ PARAM ] array (
  'userId' => '1',
)
[ info ] [ RUN ] app\index\controller\User->isLogin[ C:\wamp64\www\blog\application\index\controller\User.php ]
[ info ] [ LOG ] INIT File
---------------------------------------------------------------
[ 2019-06-12T10:53:13+08:00 ] 59.53.222.95 POST blog_api.xukai.ink/cate/get_cs
[运行时间：0.036533s] [吞吐率：27.37req/s] [内存消耗：468.01kb] [文件加载：35]
[ info ] [ LANG ] C:\wamp64\www\blog\thinkphp\lang\zh-cn.php
[ info ] [ ROUTE ] array (
  'type' => 'module',
  'module' => 
  array (
    0 => 'index',
    1 => 'category',
    2 => 'getCategory_s',
  ),
  'convert' => false,
)
[ info ] [ HEADER ] array (
  'host' => 'blog_api.xukai.ink',
  'connection' => 'keep-alive',
  'content-length' => '0',
  'accept' => '*/*',
  'origin' => 'http://blog.xukai.ink',
  'user-agent' => 'Mozilla/5.0 (Windows NT 10.0; Win64; x64) AppleWebKit/537.36 (KHTML, like Gecko) Chrome/74.0.3729.169 Safari/537.36',
  'referer' => 'http://blog.xukai.ink/',
  'accept-encoding' => 'gzip, deflate',
  'accept-language' => 'en-US,en;q=0.9,zh-CN;q=0.8,zh;q=0.7',
)
[ info ] [ PARAM ] array (
)
[ info ] [ DB ] INIT mysql
[ info ] [ RUN ] app\index\controller\Category->getCategory_s[ C:\wamp64\www\blog\application\index\controller\Category.php ]
[ info ] [ LOG ] INIT File
[ sql ] [ DB ] CONNECT:[ UseTime:0.026201s ] mysql:host=127.0.0.1;dbname=blog;charset=utf8
[ sql ] [ SQL ] SHOW COLUMNS FROM `b_category` [ RunTime:0.001825s ]
[ sql ] [ SQL ] SELECT * FROM `b_category` WHERE  `pid` = 0 [ RunTime:0.000920s ]
[ sql ] [ SQL ] SELECT * FROM `b_category` WHERE  `pid` > 0 [ RunTime:0.001050s ]
---------------------------------------------------------------
[ 2019-06-12T10:53:13+08:00 ] 59.53.222.95 POST blog_api.xukai.ink/category/get_guidang
[运行时间：0.029208s] [吞吐率：34.24req/s] [内存消耗：401.80kb] [文件加载：36]
[ info ] [ LANG ] C:\wamp64\www\blog\thinkphp\lang\zh-cn.php
[ info ] [ ROUTE ] array (
  'type' => 'module',
  'module' => 
  array (
    0 => 'index',
    1 => 'article',
    2 => 'get_guidang',
  ),
  'convert' => false,
)
[ info ] [ HEADER ] array (
  'host' => 'blog_api.xukai.ink',
  'connection' => 'keep-alive',
  'content-length' => '0',
  'accept' => '*/*',
  'origin' => 'http://blog.xukai.ink',
  'user-agent' => 'Mozilla/5.0 (Windows NT 10.0; Win64; x64) AppleWebKit/537.36 (KHTML, like Gecko) Chrome/74.0.3729.169 Safari/537.36',
  'referer' => 'http://blog.xukai.ink/',
  'accept-encoding' => 'gzip, deflate',
  'accept-language' => 'en-US,en;q=0.9,zh-CN;q=0.8,zh;q=0.7',
)
[ info ] [ PARAM ] array (
)
[ info ] [ DB ] INIT mysql
[ info ] [ RUN ] app\index\controller\Article->get_guidang[ C:\wamp64\www\blog\application\index\controller\Article.php ]
[ info ] [ LOG ] INIT File
[ sql ] [ DB ] CONNECT:[ UseTime:0.020549s ] mysql:host=127.0.0.1;dbname=blog;charset=utf8
[ sql ] [ SQL ] SHOW COLUMNS FROM `b_article` [ RunTime:0.001835s ]
[ sql ] [ SQL ] SELECT `guidang` FROM `b_article` WHERE  `status` = 1 GROUP BY `guidang` [ RunTime:0.001430s ]
---------------------------------------------------------------
[ 2019-06-12T10:53:13+08:00 ] 59.53.222.95 POST blog_api.xukai.ink/article/get_list
[运行时间：0.038616s] [吞吐率：25.90req/s] [内存消耗：428.98kb] [文件加载：38]
[ info ] [ LANG ] C:\wamp64\www\blog\thinkphp\lang\zh-cn.php
[ info ] [ ROUTE ] array (
  'type' => 'module',
  'module' => 
  array (
    0 => 'index',
    1 => 'article',
    2 => 'get_list',
  ),
  'convert' => false,
)
[ info ] [ HEADER ] array (
  'host' => 'blog_api.xukai.ink',
  'connection' => 'keep-alive',
  'content-length' => '0',
  'accept' => '*/*',
  'origin' => 'http://blog.xukai.ink',
  'user-agent' => 'Mozilla/5.0 (Windows NT 10.0; Win64; x64) AppleWebKit/537.36 (KHTML, like Gecko) Chrome/74.0.3729.169 Safari/537.36',
  'referer' => 'http://blog.xukai.ink/',
  'accept-encoding' => 'gzip, deflate',
  'accept-language' => 'en-US,en;q=0.9,zh-CN;q=0.8,zh;q=0.7',
)
[ info ] [ PARAM ] array (
)
[ info ] [ DB ] INIT mysql
[ info ] [ RUN ] app\index\controller\Article->get_list[ C:\wamp64\www\blog\application\index\controller\Article.php ]
[ info ] [ LOG ] INIT File
[ sql ] [ DB ] CONNECT:[ UseTime:0.018653s ] mysql:host=127.0.0.1;dbname=blog;charset=utf8
[ sql ] [ SQL ] SHOW COLUMNS FROM `b_tag` [ RunTime:0.001848s ]
[ sql ] [ SQL ] SELECT * FROM `b_tag` WHERE  (  id>=1 ) [ RunTime:0.001508s ]
[ sql ] [ SQL ] SHOW COLUMNS FROM `common` [ RunTime:0.002945s ]
[ sql ] [ SQL ] SELECT article_id, count(article_id) as num FROM `common` GROUP BY `article_id` [ RunTime:0.001253s ]
[ sql ] [ SQL ] SHOW COLUMNS FROM `b_article` [ RunTime:0.001900s ]
[ sql ] [ SQL ] SELECT `id`,`title`,`u_name`,`hit`,`c_id`,`c_title`,`t_id`,`c_time` FROM `b_article` WHERE  `status` = 1 ORDER BY `c_time` DESC [ RunTime:0.002736s ]
---------------------------------------------------------------
[ 2019-06-12T10:53:14+08:00 ] 59.53.222.95 POST blog_api.xukai.ink/cate/get_cs
[运行时间：0.018167s] [吞吐率：55.04req/s] [内存消耗：468.02kb] [文件加载：35]
[ info ] [ LANG ] C:\wamp64\www\blog\thinkphp\lang\zh-cn.php
[ info ] [ ROUTE ] array (
  'type' => 'module',
  'module' => 
  array (
    0 => 'index',
    1 => 'category',
    2 => 'getCategory_s',
  ),
  'convert' => false,
)
[ info ] [ HEADER ] array (
  'host' => 'blog_api.xukai.ink',
  'connection' => 'keep-alive',
  'content-length' => '0',
  'accept' => '*/*',
  'origin' => 'http://blog.xukai.ink',
  'user-agent' => 'Mozilla/5.0 (Windows NT 10.0; Win64; x64) AppleWebKit/537.36 (KHTML, like Gecko) Chrome/74.0.3729.169 Safari/537.36',
  'referer' => 'http://blog.xukai.ink/detail.html',
  'accept-encoding' => 'gzip, deflate',
  'accept-language' => 'en-US,en;q=0.9,zh-CN;q=0.8,zh;q=0.7',
)
[ info ] [ PARAM ] array (
)
[ info ] [ DB ] INIT mysql
[ info ] [ RUN ] app\index\controller\Category->getCategory_s[ C:\wamp64\www\blog\application\index\controller\Category.php ]
[ info ] [ LOG ] INIT File
[ sql ] [ DB ] CONNECT:[ UseTime:0.007405s ] mysql:host=127.0.0.1;dbname=blog;charset=utf8
[ sql ] [ SQL ] SHOW COLUMNS FROM `b_category` [ RunTime:0.001788s ]
[ sql ] [ SQL ] SELECT * FROM `b_category` WHERE  `pid` = 0 [ RunTime:0.000906s ]
[ sql ] [ SQL ] SELECT * FROM `b_category` WHERE  `pid` > 0 [ RunTime:0.001077s ]
---------------------------------------------------------------
[ 2019-06-12T10:53:14+08:00 ] 59.53.222.95 POST blog_api.xukai.ink/article/get_detail
[运行时间：0.015935s] [吞吐率：62.76req/s] [内存消耗：455.74kb] [文件加载：41]
[ info ] [ LANG ] C:\wamp64\www\blog\thinkphp\lang\zh-cn.php
[ info ] [ ROUTE ] array (
  'type' => 'module',
  'module' => 
  array (
    0 => 'index',
    1 => 'article',
    2 => 'get_detail',
  ),
  'convert' => false,
)
[ info ] [ HEADER ] array (
  'host' => 'blog_api.xukai.ink',
  'connection' => 'keep-alive',
  'content-length' => '5',
  'accept' => '*/*',
  'origin' => 'http://blog.xukai.ink',
  'user-agent' => 'Mozilla/5.0 (Windows NT 10.0; Win64; x64) AppleWebKit/537.36 (KHTML, like Gecko) Chrome/74.0.3729.169 Safari/537.36',
  'content-type' => 'application/x-www-form-urlencoded; charset=UTF-8',
  'referer' => 'http://blog.xukai.ink/detail.html',
  'accept-encoding' => 'gzip, deflate',
  'accept-language' => 'en-US,en;q=0.9,zh-CN;q=0.8,zh;q=0.7',
)
[ info ] [ PARAM ] array (
  'id' => '30',
)
[ info ] [ DB ] INIT mysql
[ info ] [ RUN ] app\index\controller\Article->get_detail[ C:\wamp64\www\blog\application\index\controller\Article.php ]
[ info ] [ CACHE ] INIT File
[ info ] [ LOG ] INIT File
[ sql ] [ DB ] CONNECT:[ UseTime:0.001425s ] mysql:host=127.0.0.1;dbname=blog;charset=utf8
[ sql ] [ SQL ] SHOW COLUMNS FROM `b_tag` [ RunTime:0.002193s ]
[ sql ] [ SQL ] SELECT * FROM `b_tag` WHERE  (  id>=1 ) [ RunTime:0.001219s ]
[ sql ] [ SQL ] SHOW COLUMNS FROM `b_article` [ RunTime:0.003400s ]
[ sql ] [ SQL ] SELECT * FROM `b_article` WHERE  `id` = 30 LIMIT 1 [ RunTime:0.000480s ]
[ sql ] [ SQL ] UPDATE `b_article`  SET `hit`=`hit`+1  WHERE  `id` = 30 [ RunTime:0.000458s ]
---------------------------------------------------------------
[ 2019-06-12T10:53:14+08:00 ] 59.53.222.95 POST blog_api.xukai.ink/common/get
[运行时间：0.010244s] [吞吐率：97.62req/s] [内存消耗：465.27kb] [文件加载：37]
[ info ] [ LANG ] C:\wamp64\www\blog\thinkphp\lang\zh-cn.php
[ info ] [ ROUTE ] array (
  'type' => 'module',
  'module' => 
  array (
    0 => 'index',
    1 => 'commons',
    2 => 'get',
  ),
  'convert' => false,
)
[ info ] [ HEADER ] array (
  'host' => 'blog_api.xukai.ink',
  'connection' => 'keep-alive',
  'content-length' => '13',
  'accept' => '*/*',
  'origin' => 'http://blog.xukai.ink',
  'user-agent' => 'Mozilla/5.0 (Windows NT 10.0; Win64; x64) AppleWebKit/537.36 (KHTML, like Gecko) Chrome/74.0.3729.169 Safari/537.36',
  'content-type' => 'application/x-www-form-urlencoded; charset=UTF-8',
  'referer' => 'http://blog.xukai.ink/detail.html',
  'accept-encoding' => 'gzip, deflate',
  'accept-language' => 'en-US,en;q=0.9,zh-CN;q=0.8,zh;q=0.7',
)
[ info ] [ PARAM ] array (
  'article_id' => '30',
)
[ info ] [ RUN ] app\index\controller\Commons->get[ C:\wamp64\www\blog\application\index\controller\Commons.php ]
[ info ] [ DB ] INIT mysql
[ info ] [ LOG ] INIT File
[ sql ] [ DB ] CONNECT:[ UseTime:0.001068s ] mysql:host=127.0.0.1;dbname=blog;charset=utf8
[ sql ] [ SQL ] SHOW COLUMNS FROM `common` [ RunTime:0.002275s ]
[ sql ] [ SQL ] SELECT * FROM `common` WHERE  `article_id` = 30 [ RunTime:0.000467s ]
---------------------------------------------------------------
[ 2019-06-12T18:29:34+08:00 ] 47.97.192.46 GET blog_api.xukai.ink/
[运行时间：0.012786s] [吞吐率：78.21req/s] [内存消耗：164.35kb] [文件加载：28]
[ info ] [ LANG ] C:\wamp64\www\blog\thinkphp\lang\zh-cn.php
[ info ] [ LOG ] INIT File
---------------------------------------------------------------
[ 2019-06-12T19:39:25+08:00 ] 47.101.201.145 GET blog_api.xukai.ink/
[运行时间：0.009339s] [吞吐率：107.08req/s] [内存消耗：164.35kb] [文件加载：28]
[ info ] [ LANG ] C:\wamp64\www\blog\thinkphp\lang\zh-cn.php
[ info ] [ LOG ] INIT File
