---------------------------------------------------------------
[ 2019-05-09T15:17:54+08:00 ] 127.0.0.1 POST 127.0.0.1/blog/public/addTag
[运行时间：0.017807s] [吞吐率：56.16req/s] [内存消耗：142.48kb] [文件加载：28]
[ info ] [ LANG ] D:\wamp64\www\blog\thinkphp\lang\zh-cn.php
[ info ] [ ROUTE ] array (
  'type' => 'module',
  'module' => 
  array (
    0 => 'index',
    1 => 'tag',
    2 => 'addTag',
  ),
  'convert' => false,
)
[ info ] [ HEADER ] array (
  'user-agent' => 'PostmanRuntime/7.11.0',
  'accept' => '*/*',
  'cache-control' => 'no-cache',
  'postman-token' => 'ec93b6a1-04c9-411d-97ca-92a3f109f7e4',
  'host' => '127.0.0.1',
  'accept-encoding' => 'gzip, deflate',
  'content-type' => 'multipart/form-data; boundary=--------------------------844935332548052317193585',
  'content-length' => '168',
  'connection' => 'keep-alive',
)
[ info ] [ PARAM ] array (
  'tagName' => '新闻',
)
[ info ] [ LOG ] INIT File
[ error ] [0]致命错误: Class 'app\index\controller\base' not found[D:\wamp64\www\blog\application\index\controller\Tag.php:6]
---------------------------------------------------------------
[ 2019-05-09T15:18:06+08:00 ] 127.0.0.1 POST 127.0.0.1/blog/public/addTag
[运行时间：0.018329s] [吞吐率：54.56req/s] [内存消耗：261.54kb] [文件加载：38]
[ info ] [ LANG ] D:\wamp64\www\blog\thinkphp\lang\zh-cn.php
[ info ] [ ROUTE ] array (
  'type' => 'module',
  'module' => 
  array (
    0 => 'index',
    1 => 'tag',
    2 => 'addTag',
  ),
  'convert' => false,
)
[ info ] [ HEADER ] array (
  'user-agent' => 'PostmanRuntime/7.11.0',
  'accept' => '*/*',
  'cache-control' => 'no-cache',
  'postman-token' => '38fe28c8-5bd3-404e-9178-be25b4cbafca',
  'host' => '127.0.0.1',
  'accept-encoding' => 'gzip, deflate',
  'content-type' => 'multipart/form-data; boundary=--------------------------591493937900016118667646',
  'content-length' => '168',
  'connection' => 'keep-alive',
)
[ info ] [ PARAM ] array (
  'tagName' => '新闻',
)
[ info ] [ DB ] INIT mysql
[ info ] [ LOG ] INIT File
[ error ] [0]致命错误: Access to undeclared static property: app\index\controller\Index::$b_tag[D:\wamp64\www\blog\application\index\controller\Tag.php:11]
---------------------------------------------------------------
[ 2019-05-09T15:19:17+08:00 ] 127.0.0.1 POST 127.0.0.1/blog/public/addTag
[运行时间：0.024419s] [吞吐率：40.95req/s] [内存消耗：181.34kb] [文件加载：28]
[ info ] [ LANG ] D:\wamp64\www\blog\thinkphp\lang\zh-cn.php
[ info ] [ ROUTE ] array (
  'type' => 'module',
  'module' => 
  array (
    0 => 'index',
    1 => 'tag',
    2 => 'addTag',
  ),
  'convert' => false,
)
[ info ] [ HEADER ] array (
  'user-agent' => 'PostmanRuntime/7.11.0',
  'accept' => '*/*',
  'cache-control' => 'no-cache',
  'postman-token' => '07f142ab-9994-4bbb-9f4f-85ddc52d946c',
  'host' => '127.0.0.1',
  'accept-encoding' => 'gzip, deflate',
  'content-type' => 'multipart/form-data; boundary=--------------------------237226251010144237706210',
  'content-length' => '168',
  'connection' => 'keep-alive',
)
[ info ] [ PARAM ] array (
  'tagName' => '新闻',
)
[ info ] [ LOG ] INIT File
[ error ] [64]Constant expression contains invalid operations[D:\wamp64\www\blog\application\index\controller\Tag.php:7]
---------------------------------------------------------------
[ 2019-05-09T15:19:28+08:00 ] 127.0.0.1 POST 127.0.0.1/blog/public/addTag
[运行时间：0.016092s] [吞吐率：62.14req/s] [内存消耗：261.35kb] [文件加载：38]
[ info ] [ LANG ] D:\wamp64\www\blog\thinkphp\lang\zh-cn.php
[ info ] [ ROUTE ] array (
  'type' => 'module',
  'module' => 
  array (
    0 => 'index',
    1 => 'tag',
    2 => 'addTag',
  ),
  'convert' => false,
)
[ info ] [ HEADER ] array (
  'user-agent' => 'PostmanRuntime/7.11.0',
  'accept' => '*/*',
  'cache-control' => 'no-cache',
  'postman-token' => '30b65671-c4f4-4057-92ba-b58c3e05d966',
  'host' => '127.0.0.1',
  'accept-encoding' => 'gzip, deflate',
  'content-type' => 'multipart/form-data; boundary=--------------------------137782514610293264102755',
  'content-length' => '168',
  'connection' => 'keep-alive',
)
[ info ] [ PARAM ] array (
  'tagName' => '新闻',
)
[ info ] [ DB ] INIT mysql
[ info ] [ LOG ] INIT File
[ error ] [0]致命错误: Access to undeclared static property: app\index\controller\Index::$b_tag[D:\wamp64\www\blog\application\index\controller\Tag.php:11]
---------------------------------------------------------------
[ 2019-05-09T15:19:53+08:00 ] 127.0.0.1 POST 127.0.0.1/blog/public/addTag
[运行时间：0.016083s] [吞吐率：62.18req/s] [内存消耗：261.04kb] [文件加载：37]
[ info ] [ LANG ] D:\wamp64\www\blog\thinkphp\lang\zh-cn.php
[ info ] [ ROUTE ] array (
  'type' => 'module',
  'module' => 
  array (
    0 => 'index',
    1 => 'tag',
    2 => 'addTag',
  ),
  'convert' => false,
)
[ info ] [ HEADER ] array (
  'user-agent' => 'PostmanRuntime/7.11.0',
  'accept' => '*/*',
  'cache-control' => 'no-cache',
  'postman-token' => 'fcd803dc-5f4c-4cc7-8a0b-ca406a9fe727',
  'host' => '127.0.0.1',
  'accept-encoding' => 'gzip, deflate',
  'content-type' => 'multipart/form-data; boundary=--------------------------111375553903594150726975',
  'content-length' => '168',
  'connection' => 'keep-alive',
)
[ info ] [ PARAM ] array (
  'tagName' => '新闻',
)
[ info ] [ DB ] INIT mysql
[ info ] [ LOG ] INIT File
[ error ] [0]致命错误: Access to undeclared static property: app\index\controller\Index::$b_tag[D:\wamp64\www\blog\application\index\controller\Tag.php:11]
---------------------------------------------------------------
[ 2019-05-09T15:21:32+08:00 ] 127.0.0.1 POST 127.0.0.1/blog/public/addTag
[运行时间：0.027403s] [吞吐率：36.49req/s] [内存消耗：371.12kb] [文件加载：35]
[ info ] [ LANG ] D:\wamp64\www\blog\thinkphp\lang\zh-cn.php
[ info ] [ ROUTE ] array (
  'type' => 'module',
  'module' => 
  array (
    0 => 'index',
    1 => 'tag',
    2 => 'addTag',
  ),
  'convert' => false,
)
[ info ] [ HEADER ] array (
  'user-agent' => 'PostmanRuntime/7.11.0',
  'accept' => '*/*',
  'cache-control' => 'no-cache',
  'postman-token' => '4d7616a8-b3eb-47ee-b139-e27472532081',
  'host' => '127.0.0.1',
  'accept-encoding' => 'gzip, deflate',
  'content-type' => 'multipart/form-data; boundary=--------------------------462616389107180177855463',
  'content-length' => '168',
  'connection' => 'keep-alive',
)
[ info ] [ PARAM ] array (
  'tagName' => '新闻',
)
[ info ] [ DB ] INIT mysql
[ info ] [ RUN ] app\index\controller\Tag->addTag[ D:\wamp64\www\blog\application\index\controller\Tag.php ]
[ info ] [ LOG ] INIT File
[ sql ] [ DB ] CONNECT:[ UseTime:0.002012s ] mysql:host=127.0.0.1;dbname=blog;charset=utf8
[ sql ] [ SQL ] SHOW COLUMNS FROM `b_tag` [ RunTime:0.001914s ]
[ sql ] [ SQL ] SELECT * FROM `b_tag` WHERE  `tagName` = '新闻' LIMIT 1 [ RunTime:0.000534s ]
---------------------------------------------------------------
[ 2019-05-09T15:22:03+08:00 ] 127.0.0.1 POST 127.0.0.1/blog/public/addTag
[运行时间：0.019357s] [吞吐率：51.66req/s] [内存消耗：371.12kb] [文件加载：35]
[ info ] [ LANG ] D:\wamp64\www\blog\thinkphp\lang\zh-cn.php
[ info ] [ ROUTE ] array (
  'type' => 'module',
  'module' => 
  array (
    0 => 'index',
    1 => 'tag',
    2 => 'addTag',
  ),
  'convert' => false,
)
[ info ] [ HEADER ] array (
  'user-agent' => 'PostmanRuntime/7.11.0',
  'accept' => '*/*',
  'cache-control' => 'no-cache',
  'postman-token' => '177b9358-927c-431d-aeec-782e36be7109',
  'host' => '127.0.0.1',
  'accept-encoding' => 'gzip, deflate',
  'content-type' => 'multipart/form-data; boundary=--------------------------383829937855648178289286',
  'content-length' => '168',
  'connection' => 'keep-alive',
)
[ info ] [ PARAM ] array (
  'tagName' => '新闻',
)
[ info ] [ DB ] INIT mysql
[ info ] [ RUN ] app\index\controller\Tag->addTag[ D:\wamp64\www\blog\application\index\controller\Tag.php ]
[ info ] [ LOG ] INIT File
[ sql ] [ DB ] CONNECT:[ UseTime:0.001428s ] mysql:host=127.0.0.1;dbname=blog;charset=utf8
[ sql ] [ SQL ] SHOW COLUMNS FROM `b_tag` [ RunTime:0.001915s ]
[ sql ] [ SQL ] SELECT * FROM `b_tag` WHERE  `tagName` = '新闻' LIMIT 1 [ RunTime:0.000495s ]
---------------------------------------------------------------
[ 2019-05-09T15:22:07+08:00 ] 127.0.0.1 POST 127.0.0.1/blog/public/login
[运行时间：0.010540s] [吞吐率：94.88req/s] [内存消耗：155.30kb] [文件加载：26]
[ info ] [ LANG ] D:\wamp64\www\blog\thinkphp\lang\zh-cn.php
[ info ] [ ROUTE ] array (
  'type' => 'module',
  'module' => 
  array (
    0 => 'index',
    1 => 'user',
    2 => 'login',
  ),
  'convert' => false,
)
[ info ] [ HEADER ] array (
  'user-agent' => 'PostmanRuntime/7.11.0',
  'accept' => '*/*',
  'cache-control' => 'no-cache',
  'postman-token' => '3defec86-f273-494f-a631-82f1cbbd24d2',
  'host' => '127.0.0.1',
  'accept-encoding' => 'gzip, deflate',
  'content-type' => 'multipart/form-data; boundary=--------------------------209947419745596565913666',
  'content-length' => '168',
  'connection' => 'keep-alive',
)
[ info ] [ PARAM ] array (
  'tagName' => '新闻',
)
[ info ] [ RUN ] app\index\controller\User->login[ D:\wamp64\www\blog\application\index\controller\User.php ]
[ info ] [ LOG ] INIT File
---------------------------------------------------------------
[ 2019-05-09T15:22:15+08:00 ] 127.0.0.1 POST 127.0.0.1/blog/public/login
[运行时间：0.028623s] [吞吐率：34.94req/s] [内存消耗：369.52kb] [文件加载：35]
[ info ] [ LANG ] D:\wamp64\www\blog\thinkphp\lang\zh-cn.php
[ info ] [ ROUTE ] array (
  'type' => 'module',
  'module' => 
  array (
    0 => 'index',
    1 => 'user',
    2 => 'login',
  ),
  'convert' => false,
)
[ info ] [ HEADER ] array (
  'user-agent' => 'PostmanRuntime/7.11.0',
  'accept' => '*/*',
  'cache-control' => 'no-cache',
  'postman-token' => '479cdbe3-0dfe-4529-ad14-e5d104a9bcbe',
  'host' => '127.0.0.1',
  'accept-encoding' => 'gzip, deflate',
  'content-type' => 'multipart/form-data; boundary=--------------------------996583568200669003343674',
  'content-length' => '275',
  'connection' => 'keep-alive',
)
[ info ] [ PARAM ] array (
  'password' => '1234567',
  'name' => 'xk',
)
[ info ] [ RUN ] app\index\controller\User->login[ D:\wamp64\www\blog\application\index\controller\User.php ]
[ info ] [ DB ] INIT mysql
[ info ] [ LOG ] INIT File
[ sql ] [ DB ] CONNECT:[ UseTime:0.004571s ] mysql:host=127.0.0.1;dbname=blog;charset=utf8
[ sql ] [ SQL ] SHOW COLUMNS FROM `b_user` [ RunTime:0.008274s ]
[ sql ] [ SQL ] SELECT * FROM `b_user` WHERE  `name` = 'xk' LIMIT 1 [ RunTime:0.000739s ]
---------------------------------------------------------------
[ 2019-05-09T15:22:21+08:00 ] 127.0.0.1 POST 127.0.0.1/blog/public/login
[运行时间：0.016952s] [吞吐率：58.99req/s] [内存消耗：369.88kb] [文件加载：35]
[ info ] [ LANG ] D:\wamp64\www\blog\thinkphp\lang\zh-cn.php
[ info ] [ ROUTE ] array (
  'type' => 'module',
  'module' => 
  array (
    0 => 'index',
    1 => 'user',
    2 => 'login',
  ),
  'convert' => false,
)
[ info ] [ HEADER ] array (
  'user-agent' => 'PostmanRuntime/7.11.0',
  'accept' => '*/*',
  'cache-control' => 'no-cache',
  'postman-token' => 'fc4765d7-ff65-4ae8-87ee-b3591728dc14',
  'host' => '127.0.0.1',
  'accept-encoding' => 'gzip, deflate',
  'content-type' => 'multipart/form-data; boundary=--------------------------690959146270217584919195',
  'content-length' => '271',
  'connection' => 'keep-alive',
)
[ info ] [ PARAM ] array (
  'password' => '123',
  'name' => 'xk',
)
[ info ] [ RUN ] app\index\controller\User->login[ D:\wamp64\www\blog\application\index\controller\User.php ]
[ info ] [ DB ] INIT mysql
[ info ] [ LOG ] INIT File
[ sql ] [ DB ] CONNECT:[ UseTime:0.001584s ] mysql:host=127.0.0.1;dbname=blog;charset=utf8
[ sql ] [ SQL ] SHOW COLUMNS FROM `b_user` [ RunTime:0.000960s ]
[ sql ] [ SQL ] SELECT * FROM `b_user` WHERE  `name` = 'xk' LIMIT 1 [ RunTime:0.000487s ]
---------------------------------------------------------------
[ 2019-05-09T15:39:54+08:00 ] 127.0.0.1 POST 127.0.0.1/blog/public/article/add
[运行时间：0.018016s] [吞吐率：55.51req/s] [内存消耗：183.57kb] [文件加载：28]
[ info ] [ LANG ] D:\wamp64\www\blog\thinkphp\lang\zh-cn.php
[ info ] [ ROUTE ] array (
  'type' => 'module',
  'module' => 
  array (
    0 => 'index',
    1 => 'article',
    2 => 'add',
  ),
  'convert' => false,
)
[ info ] [ HEADER ] array (
  'user-agent' => 'PostmanRuntime/7.11.0',
  'accept' => '*/*',
  'cache-control' => 'no-cache',
  'postman-token' => '688135a9-86a9-4953-8245-4aa19bbbb7c5',
  'host' => '127.0.0.1',
  'accept-encoding' => 'gzip, deflate',
  'content-type' => 'multipart/form-data; boundary=--------------------------091184906034785068518963',
  'content-length' => '271',
  'connection' => 'keep-alive',
)
[ info ] [ PARAM ] array (
  'password' => '123',
  'name' => 'xk',
)
[ info ] [ LOG ] INIT File
[ error ] [64]Cannot use isset() on the result of an expression (you can use "null !== expression" instead)[D:\wamp64\www\blog\application\index\controller\Article.php:19]
---------------------------------------------------------------
[ 2019-05-09T15:42:20+08:00 ] 127.0.0.1 POST 127.0.0.1/blog/public/article/add
[运行时间：0.017609s] [吞吐率：56.79req/s] [内存消耗：183.49kb] [文件加载：28]
[ info ] [ LANG ] D:\wamp64\www\blog\thinkphp\lang\zh-cn.php
[ info ] [ ROUTE ] array (
  'type' => 'module',
  'module' => 
  array (
    0 => 'index',
    1 => 'article',
    2 => 'add',
  ),
  'convert' => false,
)
[ info ] [ HEADER ] array (
  'user-agent' => 'PostmanRuntime/7.11.0',
  'accept' => '*/*',
  'cache-control' => 'no-cache',
  'postman-token' => '5227de23-1334-4eb8-b7e3-2b4452ee919e',
  'host' => '127.0.0.1',
  'accept-encoding' => 'gzip, deflate',
  'content-type' => 'multipart/form-data; boundary=--------------------------911527972007195151462747',
  'content-length' => '271',
  'connection' => 'keep-alive',
)
[ info ] [ PARAM ] array (
  'password' => '123',
  'name' => 'xk',
)
[ info ] [ LOG ] INIT File
[ error ] [64]Cannot use isset() on the result of an expression (you can use "null !== expression" instead)[D:\wamp64\www\blog\application\index\controller\Article.php:22]
---------------------------------------------------------------
[ 2019-05-09T15:42:59+08:00 ] 127.0.0.1 POST 127.0.0.1/blog/public/article/add
[运行时间：0.016762s] [吞吐率：59.66req/s] [内存消耗：141.23kb] [文件加载：27]
[ info ] [ LANG ] D:\wamp64\www\blog\thinkphp\lang\zh-cn.php
[ info ] [ ROUTE ] array (
  'type' => 'module',
  'module' => 
  array (
    0 => 'index',
    1 => 'article',
    2 => 'add',
  ),
  'convert' => false,
)
[ info ] [ HEADER ] array (
  'user-agent' => 'PostmanRuntime/7.11.0',
  'accept' => '*/*',
  'cache-control' => 'no-cache',
  'postman-token' => 'ab5e5fc2-6c14-4750-a77d-5e6a4120ce3e',
  'host' => '127.0.0.1',
  'accept-encoding' => 'gzip, deflate',
  'content-type' => 'multipart/form-data; boundary=--------------------------308474143172503025805051',
  'content-length' => '271',
  'connection' => 'keep-alive',
)
[ info ] [ PARAM ] array (
  'password' => '123',
  'name' => 'xk',
)
[ info ] [ LOG ] INIT File
[ error ] [0]语法解析错误: syntax error, unexpected '&&' (T_BOOLEAN_AND)[D:\wamp64\www\blog\application\index\controller\Article.php:22]
---------------------------------------------------------------
[ 2019-05-09T15:43:38+08:00 ] 127.0.0.1 POST 127.0.0.1/blog/public/article/add
[运行时间：0.012325s] [吞吐率：81.14req/s] [内存消耗：141.23kb] [文件加载：27]
[ info ] [ LANG ] D:\wamp64\www\blog\thinkphp\lang\zh-cn.php
[ info ] [ ROUTE ] array (
  'type' => 'module',
  'module' => 
  array (
    0 => 'index',
    1 => 'article',
    2 => 'add',
  ),
  'convert' => false,
)
[ info ] [ HEADER ] array (
  'user-agent' => 'PostmanRuntime/7.11.0',
  'accept' => '*/*',
  'cache-control' => 'no-cache',
  'postman-token' => '96950b11-54bb-4ec5-95fc-eb68dd384b6a',
  'host' => '127.0.0.1',
  'accept-encoding' => 'gzip, deflate',
  'content-type' => 'multipart/form-data; boundary=--------------------------499107990900000479301525',
  'content-length' => '271',
  'connection' => 'keep-alive',
)
[ info ] [ PARAM ] array (
  'password' => '123',
  'name' => 'xk',
)
[ info ] [ LOG ] INIT File
[ error ] [0]语法解析错误: syntax error, unexpected '&&' (T_BOOLEAN_AND)[D:\wamp64\www\blog\application\index\controller\Article.php:23]
---------------------------------------------------------------
[ 2019-05-09T15:44:06+08:00 ] 127.0.0.1 POST 127.0.0.1/blog/public/article/add
[运行时间：0.012933s] [吞吐率：77.32req/s] [内存消耗：183.62kb] [文件加载：28]
[ info ] [ LANG ] D:\wamp64\www\blog\thinkphp\lang\zh-cn.php
[ info ] [ ROUTE ] array (
  'type' => 'module',
  'module' => 
  array (
    0 => 'index',
    1 => 'article',
    2 => 'add',
  ),
  'convert' => false,
)
[ info ] [ HEADER ] array (
  'user-agent' => 'PostmanRuntime/7.11.0',
  'accept' => '*/*',
  'cache-control' => 'no-cache',
  'postman-token' => '440926fd-29e6-44eb-8ce4-dea0fa1cba7b',
  'host' => '127.0.0.1',
  'accept-encoding' => 'gzip, deflate',
  'content-type' => 'multipart/form-data; boundary=--------------------------691227993005918185807625',
  'content-length' => '271',
  'connection' => 'keep-alive',
)
[ info ] [ PARAM ] array (
  'password' => '123',
  'name' => 'xk',
)
[ info ] [ LOG ] INIT File
[ error ] [64]Cannot use isset() on the result of an expression (you can use "null !== expression" instead)[D:\wamp64\www\blog\application\index\controller\Article.php:20]
---------------------------------------------------------------
[ 2019-05-09T15:44:18+08:00 ] 127.0.0.1 POST 127.0.0.1/blog/public/article/add
[运行时间：0.011683s] [吞吐率：85.59req/s] [内存消耗：141.23kb] [文件加载：27]
[ info ] [ LANG ] D:\wamp64\www\blog\thinkphp\lang\zh-cn.php
[ info ] [ ROUTE ] array (
  'type' => 'module',
  'module' => 
  array (
    0 => 'index',
    1 => 'article',
    2 => 'add',
  ),
  'convert' => false,
)
[ info ] [ HEADER ] array (
  'user-agent' => 'PostmanRuntime/7.11.0',
  'accept' => '*/*',
  'cache-control' => 'no-cache',
  'postman-token' => '246f81d2-6048-44c4-8334-31fbb868a3e1',
  'host' => '127.0.0.1',
  'accept-encoding' => 'gzip, deflate',
  'content-type' => 'multipart/form-data; boundary=--------------------------688166060997469826376296',
  'content-length' => '271',
  'connection' => 'keep-alive',
)
[ info ] [ PARAM ] array (
  'password' => '123',
  'name' => 'xk',
)
[ info ] [ LOG ] INIT File
[ error ] [0]语法解析错误: syntax error, unexpected '&&' (T_BOOLEAN_AND)[D:\wamp64\www\blog\application\index\controller\Article.php:22]
---------------------------------------------------------------
[ 2019-05-09T15:44:35+08:00 ] 127.0.0.1 POST 127.0.0.1/blog/public/article/add
[运行时间：0.023216s] [吞吐率：43.07req/s] [内存消耗：273.93kb] [文件加载：34]
[ info ] [ LANG ] D:\wamp64\www\blog\thinkphp\lang\zh-cn.php
[ info ] [ ROUTE ] array (
  'type' => 'module',
  'module' => 
  array (
    0 => 'index',
    1 => 'article',
    2 => 'add',
  ),
  'convert' => false,
)
[ info ] [ HEADER ] array (
  'user-agent' => 'PostmanRuntime/7.11.0',
  'accept' => '*/*',
  'cache-control' => 'no-cache',
  'postman-token' => '85464fdb-4f8d-4794-8c08-affac9d3829b',
  'host' => '127.0.0.1',
  'accept-encoding' => 'gzip, deflate',
  'content-type' => 'multipart/form-data; boundary=--------------------------498899037299895383033143',
  'content-length' => '271',
  'connection' => 'keep-alive',
)
[ info ] [ PARAM ] array (
  'password' => '123',
  'name' => 'xk',
)
[ info ] [ DB ] INIT mysql
[ info ] [ RUN ] app\index\controller\Article->add[ D:\wamp64\www\blog\application\index\controller\Article.php ]
[ info ] [ LOG ] INIT File
---------------------------------------------------------------
[ 2019-05-09T15:44:55+08:00 ] 127.0.0.1 POST 127.0.0.1/blog/public/article/add
[运行时间：0.014677s] [吞吐率：68.13req/s] [内存消耗：273.84kb] [文件加载：34]
[ info ] [ LANG ] D:\wamp64\www\blog\thinkphp\lang\zh-cn.php
[ info ] [ ROUTE ] array (
  'type' => 'module',
  'module' => 
  array (
    0 => 'index',
    1 => 'article',
    2 => 'add',
  ),
  'convert' => false,
)
[ info ] [ HEADER ] array (
  'user-agent' => 'PostmanRuntime/7.11.0',
  'accept' => '*/*',
  'cache-control' => 'no-cache',
  'postman-token' => 'ad5c0480-e0e0-4679-8993-2d61797560a2',
  'host' => '127.0.0.1',
  'accept-encoding' => 'gzip, deflate',
  'content-type' => 'multipart/form-data; boundary=--------------------------455304990507851423190229',
  'content-length' => '271',
  'connection' => 'keep-alive',
)
[ info ] [ PARAM ] array (
  'password' => '123',
  'name' => 'xk',
)
[ info ] [ DB ] INIT mysql
[ info ] [ RUN ] app\index\controller\Article->add[ D:\wamp64\www\blog\application\index\controller\Article.php ]
[ info ] [ LOG ] INIT File
---------------------------------------------------------------
[ 2019-05-09T15:46:34+08:00 ] 127.0.0.1 POST 127.0.0.1/blog/public/article/add
[运行时间：0.028062s] [吞吐率：35.64req/s] [内存消耗：262.66kb] [文件加载：38]
[ info ] [ LANG ] D:\wamp64\www\blog\thinkphp\lang\zh-cn.php
[ info ] [ ROUTE ] array (
  'type' => 'module',
  'module' => 
  array (
    0 => 'index',
    1 => 'article',
    2 => 'add',
  ),
  'convert' => false,
)
[ info ] [ HEADER ] array (
  'user-agent' => 'PostmanRuntime/7.11.0',
  'accept' => '*/*',
  'cache-control' => 'no-cache',
  'postman-token' => '171a222d-9d99-4cfe-ba25-47aba4d36069',
  'host' => '127.0.0.1',
  'accept-encoding' => 'gzip, deflate',
  'content-type' => 'multipart/form-data; boundary=--------------------------103125784593948796940495',
  'content-length' => '632',
  'connection' => 'keep-alive',
)
[ info ] [ PARAM ] array (
  'title' => 'php进阶',
  'content' => '这个文章讲的是怎么进阶php',
  'c_id' => '6',
  'c_name' => 'php学习',
  't_id' => '',
)
[ info ] [ DB ] INIT mysql
[ info ] [ RUN ] app\index\controller\Article->add[ D:\wamp64\www\blog\application\index\controller\Article.php ]
[ info ] [ LOG ] INIT File
[ error ] [8]未定义变量: _SESSION[D:\wamp64\www\blog\application\index\controller\Article.php:30]
---------------------------------------------------------------
[ 2019-05-09T15:47:04+08:00 ] 127.0.0.1 POST 127.0.0.1/blog/public/user/login
[运行时间：0.023606s] [吞吐率：42.36req/s] [内存消耗：371.55kb] [文件加载：35]
[ info ] [ LANG ] D:\wamp64\www\blog\thinkphp\lang\zh-cn.php
[ info ] [ ROUTE ] array (
  'type' => 'module',
  'module' => 
  array (
    0 => 'index',
    1 => 'user',
    2 => 'login',
  ),
  'convert' => false,
)
[ info ] [ HEADER ] array (
  'user-agent' => 'PostmanRuntime/7.11.0',
  'accept' => '*/*',
  'cache-control' => 'no-cache',
  'postman-token' => 'b194c2fa-1568-4255-b280-b2db7e2dcad9',
  'host' => '127.0.0.1',
  'accept-encoding' => 'gzip, deflate',
  'content-type' => 'multipart/form-data; boundary=--------------------------364728576231781697408885',
  'content-length' => '847',
  'connection' => 'keep-alive',
)
[ info ] [ PARAM ] array (
  'password' => '123',
  'name' => 'xk',
  'title' => 'php进阶',
  'content' => '这个文章讲的是怎么进阶php',
  'c_id' => '6',
  'c_name' => 'php学习',
  't_id' => '',
)
[ info ] [ RUN ] app\index\controller\User->login[ D:\wamp64\www\blog\application\index\controller\User.php ]
[ info ] [ DB ] INIT mysql
[ info ] [ LOG ] INIT File
[ sql ] [ DB ] CONNECT:[ UseTime:0.001883s ] mysql:host=127.0.0.1;dbname=blog;charset=utf8
[ sql ] [ SQL ] SHOW COLUMNS FROM `b_user` [ RunTime:0.001220s ]
[ sql ] [ SQL ] SELECT * FROM `b_user` WHERE  `name` = 'xk' LIMIT 1 [ RunTime:0.000597s ]
---------------------------------------------------------------
[ 2019-05-09T15:47:22+08:00 ] 127.0.0.1 POST 127.0.0.1/blog/public/article/add
[运行时间：0.017100s] [吞吐率：58.48req/s] [内存消耗：262.66kb] [文件加载：38]
[ info ] [ LANG ] D:\wamp64\www\blog\thinkphp\lang\zh-cn.php
[ info ] [ ROUTE ] array (
  'type' => 'module',
  'module' => 
  array (
    0 => 'index',
    1 => 'article',
    2 => 'add',
  ),
  'convert' => false,
)
[ info ] [ HEADER ] array (
  'user-agent' => 'PostmanRuntime/7.11.0',
  'accept' => '*/*',
  'cache-control' => 'no-cache',
  'postman-token' => '8b9bbeac-48cb-4d9a-b981-58452e184687',
  'host' => '127.0.0.1',
  'accept-encoding' => 'gzip, deflate',
  'content-type' => 'multipart/form-data; boundary=--------------------------763470691090742549169371',
  'content-length' => '632',
  'connection' => 'keep-alive',
)
[ info ] [ PARAM ] array (
  'title' => 'php进阶',
  'content' => '这个文章讲的是怎么进阶php',
  'c_id' => '6',
  'c_name' => 'php学习',
  't_id' => '',
)
[ info ] [ DB ] INIT mysql
[ info ] [ RUN ] app\index\controller\Article->add[ D:\wamp64\www\blog\application\index\controller\Article.php ]
[ info ] [ LOG ] INIT File
[ error ] [8]未定义变量: _SESSION[D:\wamp64\www\blog\application\index\controller\Article.php:30]
---------------------------------------------------------------
[ 2019-05-09T15:50:30+08:00 ] 127.0.0.1 POST 127.0.0.1/blog/public/user/login
[运行时间：0.043010s] [吞吐率：23.25req/s] [内存消耗：372.89kb] [文件加载：35]
[ info ] [ LANG ] D:\wamp64\www\blog\thinkphp\lang\zh-cn.php
[ info ] [ ROUTE ] array (
  'type' => 'module',
  'module' => 
  array (
    0 => 'index',
    1 => 'user',
    2 => 'login',
  ),
  'convert' => false,
)
[ info ] [ HEADER ] array (
  'user-agent' => 'PostmanRuntime/7.11.0',
  'accept' => '*/*',
  'cache-control' => 'no-cache',
  'postman-token' => '5c4a56c7-4219-4c06-905b-2dda694de280',
  'host' => '127.0.0.1',
  'accept-encoding' => 'gzip, deflate',
  'content-type' => 'multipart/form-data; boundary=--------------------------505322427118146567832720',
  'content-length' => '847',
  'connection' => 'keep-alive',
)
[ info ] [ PARAM ] array (
  'password' => '123',
  'name' => 'xk',
  'title' => 'php进阶',
  'content' => '这个文章讲的是怎么进阶php',
  'c_id' => '6',
  'c_name' => 'php学习',
  't_id' => '',
)
[ info ] [ RUN ] app\index\controller\User->login[ D:\wamp64\www\blog\application\index\controller\User.php ]
[ info ] [ DB ] INIT mysql
[ info ] [ SESSION ] INIT array (
  'id' => '',
  'var_session_id' => '',
  'prefix' => 'think',
  'type' => '',
  'auto_start' => true,
)
[ info ] [ LOG ] INIT File
[ sql ] [ DB ] CONNECT:[ UseTime:0.001888s ] mysql:host=127.0.0.1;dbname=blog;charset=utf8
[ sql ] [ SQL ] SHOW COLUMNS FROM `b_user` [ RunTime:0.001139s ]
[ sql ] [ SQL ] SELECT * FROM `b_user` WHERE  `name` = 'xk' LIMIT 1 [ RunTime:0.000580s ]
---------------------------------------------------------------
[ 2019-05-09T15:50:35+08:00 ] 127.0.0.1 POST 127.0.0.1/blog/public/article/add
[运行时间：0.021781s] [吞吐率：45.91req/s] [内存消耗：429.92kb] [文件加载：38]
[ info ] [ LANG ] D:\wamp64\www\blog\thinkphp\lang\zh-cn.php
[ info ] [ ROUTE ] array (
  'type' => 'module',
  'module' => 
  array (
    0 => 'index',
    1 => 'article',
    2 => 'add',
  ),
  'convert' => false,
)
[ info ] [ HEADER ] array (
  'user-agent' => 'PostmanRuntime/7.11.0',
  'accept' => '*/*',
  'cache-control' => 'no-cache',
  'postman-token' => '2f9da702-1572-4ae4-b2bb-875b0f392cc7',
  'host' => '127.0.0.1',
  'cookie' => 'PHPSESSID=p1bp50f9rjkb6flma9pcdhr2au',
  'accept-encoding' => 'gzip, deflate',
  'content-type' => 'multipart/form-data; boundary=--------------------------118992459872601515413664',
  'content-length' => '632',
  'connection' => 'keep-alive',
)
[ info ] [ PARAM ] array (
  'title' => 'php进阶',
  'content' => '这个文章讲的是怎么进阶php',
  'c_id' => '6',
  'c_name' => 'php学习',
  't_id' => '',
)
[ info ] [ DB ] INIT mysql
[ info ] [ RUN ] app\index\controller\Article->add[ D:\wamp64\www\blog\application\index\controller\Article.php ]
[ info ] [ SESSION ] INIT array (
  'id' => '',
  'var_session_id' => '',
  'prefix' => 'think',
  'type' => '',
  'auto_start' => true,
)
[ info ] [ LOG ] INIT File
[ sql ] [ DB ] CONNECT:[ UseTime:0.001458s ] mysql:host=127.0.0.1;dbname=blog;charset=utf8
[ sql ] [ SQL ] SHOW COLUMNS FROM `b_article` [ RunTime:0.000912s ]
[ error ] [0]数据表字段不存在:[c_name][D:\wamp64\www\blog\thinkphp\library\think\db\Builder.php:115]
---------------------------------------------------------------
[ 2019-05-09T15:51:08+08:00 ] 127.0.0.1 POST 127.0.0.1/blog/public/article/add
[运行时间：0.016393s] [吞吐率：61.00req/s] [内存消耗：274.52kb] [文件加载：34]
[ info ] [ LANG ] D:\wamp64\www\blog\thinkphp\lang\zh-cn.php
[ info ] [ ROUTE ] array (
  'type' => 'module',
  'module' => 
  array (
    0 => 'index',
    1 => 'article',
    2 => 'add',
  ),
  'convert' => false,
)
[ info ] [ HEADER ] array (
  'user-agent' => 'PostmanRuntime/7.11.0',
  'accept' => '*/*',
  'cache-control' => 'no-cache',
  'postman-token' => '8b5413ee-4732-49e5-bea6-44207f2bbd0d',
  'host' => '127.0.0.1',
  'cookie' => 'PHPSESSID=p1bp50f9rjkb6flma9pcdhr2au',
  'accept-encoding' => 'gzip, deflate',
  'content-type' => 'multipart/form-data; boundary=--------------------------980457201204730032752416',
  'content-length' => '633',
  'connection' => 'keep-alive',
)
[ info ] [ PARAM ] array (
  'title' => 'php进阶',
  'content' => '这个文章讲的是怎么进阶php',
  'c_id' => '6',
  'c_title' => 'php学习',
  't_id' => '',
)
[ info ] [ DB ] INIT mysql
[ info ] [ RUN ] app\index\controller\Article->add[ D:\wamp64\www\blog\application\index\controller\Article.php ]
[ info ] [ LOG ] INIT File
---------------------------------------------------------------
[ 2019-05-09T15:51:31+08:00 ] 127.0.0.1 POST 127.0.0.1/blog/public/article/add
[运行时间：0.014584s] [吞吐率：68.57req/s] [内存消耗：274.52kb] [文件加载：34]
[ info ] [ LANG ] D:\wamp64\www\blog\thinkphp\lang\zh-cn.php
[ info ] [ ROUTE ] array (
  'type' => 'module',
  'module' => 
  array (
    0 => 'index',
    1 => 'article',
    2 => 'add',
  ),
  'convert' => false,
)
[ info ] [ HEADER ] array (
  'user-agent' => 'PostmanRuntime/7.11.0',
  'accept' => '*/*',
  'cache-control' => 'no-cache',
  'postman-token' => '7044e78f-2df8-41d1-8fb7-a65a4a318cb4',
  'host' => '127.0.0.1',
  'cookie' => 'PHPSESSID=p1bp50f9rjkb6flma9pcdhr2au',
  'accept-encoding' => 'gzip, deflate',
  'content-type' => 'multipart/form-data; boundary=--------------------------681741601818925862755015',
  'content-length' => '633',
  'connection' => 'keep-alive',
)
[ info ] [ PARAM ] array (
  'title' => 'php进阶',
  'content' => '这个文章讲的是怎么进阶php',
  'c_id' => '6',
  'c_title' => 'php学习',
  't_id' => '',
)
[ info ] [ DB ] INIT mysql
[ info ] [ RUN ] app\index\controller\Article->add[ D:\wamp64\www\blog\application\index\controller\Article.php ]
[ info ] [ LOG ] INIT File
---------------------------------------------------------------
[ 2019-05-09T15:51:48+08:00 ] 127.0.0.1 POST 127.0.0.1/blog/public/article/add
[运行时间：0.025668s] [吞吐率：38.96req/s] [内存消耗：348.79kb] [文件加载：35]
[ info ] [ LANG ] D:\wamp64\www\blog\thinkphp\lang\zh-cn.php
[ info ] [ ROUTE ] array (
  'type' => 'module',
  'module' => 
  array (
    0 => 'index',
    1 => 'article',
    2 => 'add',
  ),
  'convert' => false,
)
[ info ] [ HEADER ] array (
  'user-agent' => 'PostmanRuntime/7.11.0',
  'accept' => '*/*',
  'cache-control' => 'no-cache',
  'postman-token' => 'b3144ba2-68fc-4d25-8a89-4c37c1765dc4',
  'host' => '127.0.0.1',
  'cookie' => 'PHPSESSID=p1bp50f9rjkb6flma9pcdhr2au',
  'accept-encoding' => 'gzip, deflate',
  'content-type' => 'multipart/form-data; boundary=--------------------------222948325077054636980821',
  'content-length' => '633',
  'connection' => 'keep-alive',
)
[ info ] [ PARAM ] array (
  'title' => 'php进阶',
  'content' => '这个文章讲的是怎么进阶php',
  'c_id' => '6',
  'c_title' => 'php学习',
  't_id' => '',
)
[ info ] [ DB ] INIT mysql
[ info ] [ RUN ] app\index\controller\Article->add[ D:\wamp64\www\blog\application\index\controller\Article.php ]
[ info ] [ SESSION ] INIT array (
  'id' => '',
  'var_session_id' => '',
  'prefix' => 'think',
  'type' => '',
  'auto_start' => true,
)
[ info ] [ LOG ] INIT File
[ sql ] [ DB ] CONNECT:[ UseTime:0.001807s ] mysql:host=127.0.0.1;dbname=blog;charset=utf8
[ sql ] [ SQL ] SHOW COLUMNS FROM `b_article` [ RunTime:0.007340s ]
[ sql ] [ SQL ] INSERT INTO `b_article` (`title` , `content` , `c_time` , `u_id` , `u_name` , `hit` , `c_id` , `c_title` , `t_id`) VALUES ('php进阶' , '这个文章讲的是怎么进阶php' , '1557388308' , 1 , 'xk' , 0 , '6' , 'php学习' , '') [ RunTime:0.000758s ]
---------------------------------------------------------------
[ 2019-05-09T15:52:05+08:00 ] 127.0.0.1 POST 127.0.0.1/blog/public/article/add
[运行时间：0.029913s] [吞吐率：33.43req/s] [内存消耗：348.79kb] [文件加载：35]
[ info ] [ LANG ] D:\wamp64\www\blog\thinkphp\lang\zh-cn.php
[ info ] [ ROUTE ] array (
  'type' => 'module',
  'module' => 
  array (
    0 => 'index',
    1 => 'article',
    2 => 'add',
  ),
  'convert' => false,
)
[ info ] [ HEADER ] array (
  'user-agent' => 'PostmanRuntime/7.11.0',
  'accept' => '*/*',
  'cache-control' => 'no-cache',
  'postman-token' => 'f9fab0c0-af5b-4ade-a05b-73bc8a15e683',
  'host' => '127.0.0.1',
  'cookie' => 'PHPSESSID=p1bp50f9rjkb6flma9pcdhr2au',
  'accept-encoding' => 'gzip, deflate',
  'content-type' => 'multipart/form-data; boundary=--------------------------809729408539334241152846',
  'content-length' => '633',
  'connection' => 'keep-alive',
)
[ info ] [ PARAM ] array (
  'title' => 'php进阶',
  'content' => '这个文章讲的是怎么进阶php',
  'c_id' => '6',
  'c_title' => 'php学习',
  't_id' => '',
)
[ info ] [ DB ] INIT mysql
[ info ] [ RUN ] app\index\controller\Article->add[ D:\wamp64\www\blog\application\index\controller\Article.php ]
[ info ] [ SESSION ] INIT array (
  'id' => '',
  'var_session_id' => '',
  'prefix' => 'think',
  'type' => '',
  'auto_start' => true,
)
[ info ] [ LOG ] INIT File
[ sql ] [ DB ] CONNECT:[ UseTime:0.010947s ] mysql:host=127.0.0.1;dbname=blog;charset=utf8
[ sql ] [ SQL ] SHOW COLUMNS FROM `b_article` [ RunTime:0.001976s ]
[ sql ] [ SQL ] INSERT INTO `b_article` (`title` , `content` , `c_time` , `u_id` , `u_name` , `hit` , `c_id` , `c_title` , `t_id`) VALUES ('php进阶' , '这个文章讲的是怎么进阶php' , '1557388325' , 1 , 'xk' , 0 , '6' , 'php学习' , '') [ RunTime:0.000462s ]
---------------------------------------------------------------
[ 2019-05-09T15:52:09+08:00 ] 127.0.0.1 POST 127.0.0.1/blog/public/article/add
[运行时间：0.019826s] [吞吐率：50.44req/s] [内存消耗：351.34kb] [文件加载：35]
[ info ] [ LANG ] D:\wamp64\www\blog\thinkphp\lang\zh-cn.php
[ info ] [ ROUTE ] array (
  'type' => 'module',
  'module' => 
  array (
    0 => 'index',
    1 => 'article',
    2 => 'add',
  ),
  'convert' => false,
)
[ info ] [ HEADER ] array (
  'user-agent' => 'PostmanRuntime/7.11.0',
  'accept' => '*/*',
  'cache-control' => 'no-cache',
  'postman-token' => '3a66b0ab-4dcf-4779-90f3-c3a81178aac4',
  'host' => '127.0.0.1',
  'cookie' => 'PHPSESSID=p1bp50f9rjkb6flma9pcdhr2au',
  'accept-encoding' => 'gzip, deflate',
  'content-type' => 'multipart/form-data; boundary=--------------------------803743662863767633342712',
  'content-length' => '633',
  'connection' => 'keep-alive',
)
[ info ] [ PARAM ] array (
  'title' => 'php进阶',
  'content' => '这个文章讲的是怎么进阶php',
  'c_id' => '6',
  'c_title' => 'php学习',
  't_id' => '',
)
[ info ] [ DB ] INIT mysql
[ info ] [ RUN ] app\index\controller\Article->add[ D:\wamp64\www\blog\application\index\controller\Article.php ]
[ info ] [ SESSION ] INIT array (
  'id' => '',
  'var_session_id' => '',
  'prefix' => 'think',
  'type' => '',
  'auto_start' => true,
)
[ info ] [ LOG ] INIT File
[ sql ] [ DB ] CONNECT:[ UseTime:0.001504s ] mysql:host=127.0.0.1;dbname=blog;charset=utf8
[ sql ] [ SQL ] SHOW COLUMNS FROM `b_article` [ RunTime:0.002156s ]
[ sql ] [ SQL ] INSERT INTO `b_article` (`title` , `content` , `c_time` , `u_id` , `u_name` , `hit` , `c_id` , `c_title` , `t_id`) VALUES ('php进阶' , '这个文章讲的是怎么进阶php' , '1557388329' , 1 , 'xk' , 0 , '6' , 'php学习' , '') [ RunTime:0.000524s ]
---------------------------------------------------------------
[ 2019-05-09T15:52:35+08:00 ] 127.0.0.1 POST 127.0.0.1/blog/public/article/add
[运行时间：0.023888s] [吞吐率：41.86req/s] [内存消耗：348.79kb] [文件加载：35]
[ info ] [ LANG ] D:\wamp64\www\blog\thinkphp\lang\zh-cn.php
[ info ] [ ROUTE ] array (
  'type' => 'module',
  'module' => 
  array (
    0 => 'index',
    1 => 'article',
    2 => 'add',
  ),
  'convert' => false,
)
[ info ] [ HEADER ] array (
  'user-agent' => 'PostmanRuntime/7.11.0',
  'accept' => '*/*',
  'cache-control' => 'no-cache',
  'postman-token' => '4f3ccf35-a34d-4e74-956d-939bf7c920fc',
  'host' => '127.0.0.1',
  'cookie' => 'PHPSESSID=p1bp50f9rjkb6flma9pcdhr2au',
  'accept-encoding' => 'gzip, deflate',
  'content-type' => 'multipart/form-data; boundary=--------------------------379245731975053781333782',
  'content-length' => '633',
  'connection' => 'keep-alive',
)
[ info ] [ PARAM ] array (
  'title' => 'php进阶',
  'content' => '这个文章讲的是怎么进阶php',
  'c_id' => '6',
  'c_title' => 'php学习',
  't_id' => '',
)
[ info ] [ DB ] INIT mysql
[ info ] [ RUN ] app\index\controller\Article->add[ D:\wamp64\www\blog\application\index\controller\Article.php ]
[ info ] [ SESSION ] INIT array (
  'id' => '',
  'var_session_id' => '',
  'prefix' => 'think',
  'type' => '',
  'auto_start' => true,
)
[ info ] [ LOG ] INIT File
[ sql ] [ DB ] CONNECT:[ UseTime:0.001438s ] mysql:host=127.0.0.1;dbname=blog;charset=utf8
[ sql ] [ SQL ] SHOW COLUMNS FROM `b_article` [ RunTime:0.001861s ]
[ sql ] [ SQL ] INSERT INTO `b_article` (`title` , `content` , `c_time` , `u_id` , `u_name` , `hit` , `c_id` , `c_title` , `t_id`) VALUES ('php进阶' , '这个文章讲的是怎么进阶php' , '1557388355' , 1 , 'xk' , 0 , '6' , 'php学习' , '') [ RunTime:0.000546s ]
---------------------------------------------------------------
[ 2019-05-09T15:52:43+08:00 ] 127.0.0.1 POST 127.0.0.1/blog/public/article/add
[运行时间：0.021424s] [吞吐率：46.68req/s] [内存消耗：348.79kb] [文件加载：35]
[ info ] [ LANG ] D:\wamp64\www\blog\thinkphp\lang\zh-cn.php
[ info ] [ ROUTE ] array (
  'type' => 'module',
  'module' => 
  array (
    0 => 'index',
    1 => 'article',
    2 => 'add',
  ),
  'convert' => false,
)
[ info ] [ HEADER ] array (
  'user-agent' => 'PostmanRuntime/7.11.0',
  'accept' => '*/*',
  'cache-control' => 'no-cache',
  'postman-token' => '16df2e1e-ad4f-40de-890c-c9101c839146',
  'host' => '127.0.0.1',
  'cookie' => 'PHPSESSID=p1bp50f9rjkb6flma9pcdhr2au',
  'accept-encoding' => 'gzip, deflate',
  'content-type' => 'multipart/form-data; boundary=--------------------------764059153677910004528317',
  'content-length' => '633',
  'connection' => 'keep-alive',
)
[ info ] [ PARAM ] array (
  'title' => 'php进阶',
  'content' => '这个文章讲的是怎么进阶php',
  'c_id' => '6',
  'c_title' => 'php学习',
  't_id' => '',
)
[ info ] [ DB ] INIT mysql
[ info ] [ RUN ] app\index\controller\Article->add[ D:\wamp64\www\blog\application\index\controller\Article.php ]
[ info ] [ SESSION ] INIT array (
  'id' => '',
  'var_session_id' => '',
  'prefix' => 'think',
  'type' => '',
  'auto_start' => true,
)
[ info ] [ LOG ] INIT File
[ sql ] [ DB ] CONNECT:[ UseTime:0.001474s ] mysql:host=127.0.0.1;dbname=blog;charset=utf8
[ sql ] [ SQL ] SHOW COLUMNS FROM `b_article` [ RunTime:0.001934s ]
[ sql ] [ SQL ] INSERT INTO `b_article` (`title` , `content` , `c_time` , `u_id` , `u_name` , `hit` , `c_id` , `c_title` , `t_id`) VALUES ('php进阶' , '这个文章讲的是怎么进阶php' , '1557388363' , 1 , 'xk' , 0 , '6' , 'php学习' , '') [ RunTime:0.000512s ]
