---------------------------------------------------------------
[ 2019-05-19T09:54:34+08:00 ] 47.101.179.24 GET blog_api.xukai.ink/
[运行时间：0.008238s] [吞吐率：121.39req/s] [内存消耗：152.72kb] [文件加载：27]
[ info ] [ LANG ] C:\wamp64\www\blog\thinkphp\lang\zh-cn.php
[ info ] [ ROUTE ] array (
  'type' => 'module',
  'module' => 
  array (
    0 => '',
    1 => NULL,
    2 => NULL,
  ),
)
[ info ] [ HEADER ] array (
  'user-agent' => 'Mozilla/5.0 (X11; Ubuntu; Linux x86_64; rv:36.0) Gecko/20100101 Firefox/36.0',
  'host' => 'blog_api.xukai.ink',
  'accept' => 'text/html, image/gif, image/jpeg, *; q=.2, */*; q=.2',
  'connection' => 'keep-alive',
)
[ info ] [ PARAM ] array (
)
[ info ] [ LOG ] INIT File
---------------------------------------------------------------
[ 2019-05-19T10:55:25+08:00 ] 106.14.168.238 GET blog_api.xukai.ink/
[运行时间：0.008378s] [吞吐率：119.36req/s] [内存消耗：152.71kb] [文件加载：27]
[ info ] [ LANG ] C:\wamp64\www\blog\thinkphp\lang\zh-cn.php
[ info ] [ ROUTE ] array (
  'type' => 'module',
  'module' => 
  array (
    0 => '',
    1 => NULL,
    2 => NULL,
  ),
)
[ info ] [ HEADER ] array (
  'user-agent' => 'Mozilla/5.0 (Linux; Android 4.1.1; Nexus 7 Build/JRO03D))',
  'host' => 'blog_api.xukai.ink',
  'accept' => 'text/html, image/gif, image/jpeg, *; q=.2, */*; q=.2',
  'connection' => 'keep-alive',
)
[ info ] [ PARAM ] array (
)
[ info ] [ LOG ] INIT File
