---------------------------------------------------------------
[ 2019-05-21T08:51:12+08:00 ] 219.229.250.118 POST blog_api.xukai.ink/cate/get_cs
[运行时间：0.014073s] [吞吐率：71.06req/s] [内存消耗：453.61kb] [文件加载：35]
[ info ] [ LANG ] C:\wamp64\www\blog\thinkphp\lang\zh-cn.php
[ info ] [ ROUTE ] array (
  'type' => 'module',
  'module' => 
  array (
    0 => 'index',
    1 => 'category',
    2 => 'getCategory_s',
  ),
  'convert' => false,
)
[ info ] [ HEADER ] array (
  'host' => 'blog_api.xukai.ink',
  'connection' => 'keep-alive',
  'content-length' => '0',
  'accept' => '*/*',
  'origin' => 'http://blog.xukai.ink',
  'user-agent' => 'Mozilla/5.0 (Windows NT 10.0; Win64; x64) AppleWebKit/537.36 (KHTML, like Gecko) Chrome/74.0.3729.108 Safari/537.36',
  'referer' => 'http://blog.xukai.ink/',
  'accept-encoding' => 'gzip, deflate',
  'accept-language' => 'en-US,en;q=0.9,zh-CN;q=0.8,zh;q=0.7',
)
[ info ] [ PARAM ] array (
)
[ info ] [ DB ] INIT mysql
[ info ] [ RUN ] app\index\controller\Category->getCategory_s[ C:\wamp64\www\blog\application\index\controller\Category.php ]
[ info ] [ LOG ] INIT File
[ sql ] [ DB ] CONNECT:[ UseTime:0.001086s ] mysql:host=127.0.0.1;dbname=blog;charset=utf8
[ sql ] [ SQL ] SHOW COLUMNS FROM `b_category` [ RunTime:0.001023s ]
[ sql ] [ SQL ] SELECT * FROM `b_category` WHERE  `pid` = 0 [ RunTime:0.000484s ]
[ sql ] [ SQL ] SELECT * FROM `b_category` WHERE  `pid` > 0 [ RunTime:0.000436s ]
---------------------------------------------------------------
[ 2019-05-21T08:51:12+08:00 ] 219.229.250.118 POST blog_api.xukai.ink/article/get_list
[运行时间：0.018077s] [吞吐率：55.32req/s] [内存消耗：410.70kb] [文件加载：38]
[ info ] [ LANG ] C:\wamp64\www\blog\thinkphp\lang\zh-cn.php
[ info ] [ ROUTE ] array (
  'type' => 'module',
  'module' => 
  array (
    0 => 'index',
    1 => 'article',
    2 => 'get_list',
  ),
  'convert' => false,
)
[ info ] [ HEADER ] array (
  'host' => 'blog_api.xukai.ink',
  'connection' => 'keep-alive',
  'content-length' => '0',
  'accept' => '*/*',
  'origin' => 'http://blog.xukai.ink',
  'user-agent' => 'Mozilla/5.0 (Windows NT 10.0; Win64; x64) AppleWebKit/537.36 (KHTML, like Gecko) Chrome/74.0.3729.108 Safari/537.36',
  'referer' => 'http://blog.xukai.ink/',
  'accept-encoding' => 'gzip, deflate',
  'accept-language' => 'en-US,en;q=0.9,zh-CN;q=0.8,zh;q=0.7',
)
[ info ] [ PARAM ] array (
)
[ info ] [ DB ] INIT mysql
[ info ] [ RUN ] app\index\controller\Article->get_list[ C:\wamp64\www\blog\application\index\controller\Article.php ]
[ info ] [ LOG ] INIT File
[ sql ] [ DB ] CONNECT:[ UseTime:0.001018s ] mysql:host=127.0.0.1;dbname=blog;charset=utf8
[ sql ] [ SQL ] SHOW COLUMNS FROM `b_tag` [ RunTime:0.000979s ]
[ sql ] [ SQL ] SELECT * FROM `b_tag` WHERE  (  id>=1 ) [ RunTime:0.000587s ]
[ sql ] [ SQL ] SHOW COLUMNS FROM `common` [ RunTime:0.000887s ]
[ sql ] [ SQL ] SELECT article_id, count(article_id) as num FROM `common` GROUP BY `article_id` [ RunTime:0.000617s ]
[ sql ] [ SQL ] SHOW COLUMNS FROM `b_article` [ RunTime:0.000887s ]
[ sql ] [ SQL ] SELECT `id`,`title`,`u_name`,`hit`,`c_id`,`c_title`,`t_id`,`c_time` FROM `b_article` WHERE  `status` = 1 ORDER BY `c_time` DESC [ RunTime:0.000761s ]
---------------------------------------------------------------
[ 2019-05-21T08:51:12+08:00 ] 219.229.250.118 POST blog_api.xukai.ink/user/isLogin
[运行时间：0.006627s] [吞吐率：150.90req/s] [内存消耗：170.60kb] [文件加载：26]
[ info ] [ LANG ] C:\wamp64\www\blog\thinkphp\lang\zh-cn.php
[ info ] [ ROUTE ] array (
  'type' => 'module',
  'module' => 
  array (
    0 => 'index',
    1 => 'user',
    2 => 'isLogin',
  ),
  'convert' => false,
)
[ info ] [ HEADER ] array (
  'host' => 'blog_api.xukai.ink',
  'connection' => 'keep-alive',
  'content-length' => '0',
  'accept' => '*/*',
  'origin' => 'http://blog.xukai.ink',
  'user-agent' => 'Mozilla/5.0 (Windows NT 10.0; Win64; x64) AppleWebKit/537.36 (KHTML, like Gecko) Chrome/74.0.3729.108 Safari/537.36',
  'referer' => 'http://blog.xukai.ink/',
  'accept-encoding' => 'gzip, deflate',
  'accept-language' => 'en-US,en;q=0.9,zh-CN;q=0.8,zh;q=0.7',
)
[ info ] [ PARAM ] array (
)
[ info ] [ RUN ] app\index\controller\User->isLogin[ C:\wamp64\www\blog\application\index\controller\User.php ]
[ info ] [ LOG ] INIT File
---------------------------------------------------------------
[ 2019-05-21T08:51:14+08:00 ] 219.229.250.118 POST blog_api.xukai.ink/user/login
[运行时间：0.009670s] [吞吐率：103.41req/s] [内存消耗：393.48kb] [文件加载：35]
[ info ] [ LANG ] C:\wamp64\www\blog\thinkphp\lang\zh-cn.php
[ info ] [ ROUTE ] array (
  'type' => 'module',
  'module' => 
  array (
    0 => 'index',
    1 => 'user',
    2 => 'login',
  ),
  'convert' => false,
)
[ info ] [ HEADER ] array (
  'host' => 'blog_api.xukai.ink',
  'connection' => 'keep-alive',
  'content-length' => '20',
  'accept' => '*/*',
  'origin' => 'http://blog.xukai.ink',
  'user-agent' => 'Mozilla/5.0 (Windows NT 10.0; Win64; x64) AppleWebKit/537.36 (KHTML, like Gecko) Chrome/74.0.3729.108 Safari/537.36',
  'content-type' => 'application/x-www-form-urlencoded; charset=UTF-8',
  'referer' => 'http://blog.xukai.ink/',
  'accept-encoding' => 'gzip, deflate',
  'accept-language' => 'en-US,en;q=0.9,zh-CN;q=0.8,zh;q=0.7',
)
[ info ] [ PARAM ] array (
  'name' => 'xk',
  'password' => '123',
)
[ info ] [ RUN ] app\index\controller\User->login[ C:\wamp64\www\blog\application\index\controller\User.php ]
[ info ] [ DB ] INIT mysql
[ info ] [ LOG ] INIT File
[ sql ] [ DB ] CONNECT:[ UseTime:0.000921s ] mysql:host=127.0.0.1;dbname=blog;charset=utf8
[ sql ] [ SQL ] SHOW COLUMNS FROM `b_user` [ RunTime:0.001237s ]
[ sql ] [ SQL ] SELECT * FROM `b_user` WHERE  `name` = 'xk' LIMIT 1 [ RunTime:0.000549s ]
---------------------------------------------------------------
[ 2019-05-21T08:51:20+08:00 ] 219.229.250.118 POST blog_api.xukai.ink/cate/get_cs
[运行时间：0.011280s] [吞吐率：88.65req/s] [内存消耗：453.63kb] [文件加载：35]
[ info ] [ LANG ] C:\wamp64\www\blog\thinkphp\lang\zh-cn.php
[ info ] [ ROUTE ] array (
  'type' => 'module',
  'module' => 
  array (
    0 => 'index',
    1 => 'category',
    2 => 'getCategory_s',
  ),
  'convert' => false,
)
[ info ] [ HEADER ] array (
  'host' => 'blog_api.xukai.ink',
  'connection' => 'keep-alive',
  'content-length' => '0',
  'accept' => '*/*',
  'origin' => 'http://blog.xukai.ink',
  'user-agent' => 'Mozilla/5.0 (Windows NT 10.0; Win64; x64) AppleWebKit/537.36 (KHTML, like Gecko) Chrome/74.0.3729.108 Safari/537.36',
  'referer' => 'http://blog.xukai.ink/detail.html',
  'accept-encoding' => 'gzip, deflate',
  'accept-language' => 'en-US,en;q=0.9,zh-CN;q=0.8,zh;q=0.7',
)
[ info ] [ PARAM ] array (
)
[ info ] [ DB ] INIT mysql
[ info ] [ RUN ] app\index\controller\Category->getCategory_s[ C:\wamp64\www\blog\application\index\controller\Category.php ]
[ info ] [ LOG ] INIT File
[ sql ] [ DB ] CONNECT:[ UseTime:0.001000s ] mysql:host=127.0.0.1;dbname=blog;charset=utf8
[ sql ] [ SQL ] SHOW COLUMNS FROM `b_category` [ RunTime:0.001134s ]
[ sql ] [ SQL ] SELECT * FROM `b_category` WHERE  `pid` = 0 [ RunTime:0.000615s ]
[ sql ] [ SQL ] SELECT * FROM `b_category` WHERE  `pid` > 0 [ RunTime:0.000534s ]
---------------------------------------------------------------
[ 2019-05-21T08:51:20+08:00 ] 219.229.250.118 POST blog_api.xukai.ink/article/get_detail
[运行时间：0.020786s] [吞吐率：48.11req/s] [内存消耗：442.04kb] [文件加载：41]
[ info ] [ LANG ] C:\wamp64\www\blog\thinkphp\lang\zh-cn.php
[ info ] [ ROUTE ] array (
  'type' => 'module',
  'module' => 
  array (
    0 => 'index',
    1 => 'article',
    2 => 'get_detail',
  ),
  'convert' => false,
)
[ info ] [ HEADER ] array (
  'host' => 'blog_api.xukai.ink',
  'connection' => 'keep-alive',
  'content-length' => '5',
  'accept' => '*/*',
  'origin' => 'http://blog.xukai.ink',
  'user-agent' => 'Mozilla/5.0 (Windows NT 10.0; Win64; x64) AppleWebKit/537.36 (KHTML, like Gecko) Chrome/74.0.3729.108 Safari/537.36',
  'content-type' => 'application/x-www-form-urlencoded; charset=UTF-8',
  'referer' => 'http://blog.xukai.ink/detail.html',
  'accept-encoding' => 'gzip, deflate',
  'accept-language' => 'en-US,en;q=0.9,zh-CN;q=0.8,zh;q=0.7',
)
[ info ] [ PARAM ] array (
  'id' => '16',
)
[ info ] [ DB ] INIT mysql
[ info ] [ RUN ] app\index\controller\Article->get_detail[ C:\wamp64\www\blog\application\index\controller\Article.php ]
[ info ] [ CACHE ] INIT File
[ info ] [ LOG ] INIT File
[ sql ] [ DB ] CONNECT:[ UseTime:0.000850s ] mysql:host=127.0.0.1;dbname=blog;charset=utf8
[ sql ] [ SQL ] SHOW COLUMNS FROM `b_tag` [ RunTime:0.002679s ]
[ sql ] [ SQL ] SELECT * FROM `b_tag` WHERE  (  id>=1 ) [ RunTime:0.000600s ]
[ sql ] [ SQL ] SHOW COLUMNS FROM `b_article` [ RunTime:0.001178s ]
[ sql ] [ SQL ] SELECT * FROM `b_article` WHERE  `id` = 16 LIMIT 1 [ RunTime:0.000689s ]
[ sql ] [ SQL ] UPDATE `b_article`  SET `hit`=`hit`+1  WHERE  `id` = 16 [ RunTime:0.000766s ]
---------------------------------------------------------------
[ 2019-05-21T11:08:32+08:00 ] 39.176.195.216 POST blog_api.xukai.ink/cate/get_cs
[运行时间：0.014310s] [吞吐率：69.88req/s] [内存消耗：453.61kb] [文件加载：35]
[ info ] [ LANG ] C:\wamp64\www\blog\thinkphp\lang\zh-cn.php
[ info ] [ ROUTE ] array (
  'type' => 'module',
  'module' => 
  array (
    0 => 'index',
    1 => 'category',
    2 => 'getCategory_s',
  ),
  'convert' => false,
)
[ info ] [ HEADER ] array (
  'host' => 'blog_api.xukai.ink',
  'connection' => 'keep-alive',
  'content-length' => '0',
  'accept' => '*/*',
  'origin' => 'http://blog.xukai.ink',
  'user-agent' => 'Mozilla/5.0 (Windows NT 10.0; WOW64) AppleWebKit/537.36 (KHTML, like Gecko) Chrome/72.0.3626.121 Safari/537.36',
  'referer' => 'http://blog.xukai.ink/category.html',
  'accept-encoding' => 'gzip, deflate',
  'accept-language' => 'zh-CN,zh;q=0.9',
)
[ info ] [ PARAM ] array (
)
[ info ] [ DB ] INIT mysql
[ info ] [ RUN ] app\index\controller\Category->getCategory_s[ C:\wamp64\www\blog\application\index\controller\Category.php ]
[ info ] [ LOG ] INIT File
[ sql ] [ DB ] CONNECT:[ UseTime:0.001033s ] mysql:host=127.0.0.1;dbname=blog;charset=utf8
[ sql ] [ SQL ] SHOW COLUMNS FROM `b_category` [ RunTime:0.001340s ]
[ sql ] [ SQL ] SELECT * FROM `b_category` WHERE  `pid` = 0 [ RunTime:0.000578s ]
[ sql ] [ SQL ] SELECT * FROM `b_category` WHERE  `pid` > 0 [ RunTime:0.000530s ]
---------------------------------------------------------------
[ 2019-05-21T11:08:32+08:00 ] 39.176.195.216 POST blog_api.xukai.ink/article/get_category
[运行时间：0.010335s] [吞吐率：96.76req/s] [内存消耗：289.18kb] [文件加载：34]
[ info ] [ LANG ] C:\wamp64\www\blog\thinkphp\lang\zh-cn.php
[ info ] [ ROUTE ] array (
  'type' => 'module',
  'module' => 
  array (
    0 => 'index',
    1 => 'article',
    2 => 'get_category',
  ),
  'convert' => false,
)
[ info ] [ HEADER ] array (
  'host' => 'blog_api.xukai.ink',
  'connection' => 'keep-alive',
  'content-length' => '0',
  'accept' => '*/*',
  'origin' => 'http://blog.xukai.ink',
  'user-agent' => 'Mozilla/5.0 (Windows NT 10.0; WOW64) AppleWebKit/537.36 (KHTML, like Gecko) Chrome/72.0.3626.121 Safari/537.36',
  'referer' => 'http://blog.xukai.ink/category.html',
  'accept-encoding' => 'gzip, deflate',
  'accept-language' => 'zh-CN,zh;q=0.9',
)
[ info ] [ PARAM ] array (
)
[ info ] [ DB ] INIT mysql
[ info ] [ RUN ] app\index\controller\Article->get_category[ C:\wamp64\www\blog\application\index\controller\Article.php ]
[ info ] [ LOG ] INIT File
---------------------------------------------------------------
[ 2019-05-21T11:08:34+08:00 ] 39.176.195.216 POST blog_api.xukai.ink/cate/get_cs
[运行时间：0.009019s] [吞吐率：110.88req/s] [内存消耗：453.61kb] [文件加载：35]
[ info ] [ LANG ] C:\wamp64\www\blog\thinkphp\lang\zh-cn.php
[ info ] [ ROUTE ] array (
  'type' => 'module',
  'module' => 
  array (
    0 => 'index',
    1 => 'category',
    2 => 'getCategory_s',
  ),
  'convert' => false,
)
[ info ] [ HEADER ] array (
  'host' => 'blog_api.xukai.ink',
  'connection' => 'keep-alive',
  'content-length' => '0',
  'accept' => '*/*',
  'origin' => 'http://blog.xukai.ink',
  'user-agent' => 'Mozilla/5.0 (Windows NT 10.0; WOW64) AppleWebKit/537.36 (KHTML, like Gecko) Chrome/72.0.3626.121 Safari/537.36',
  'referer' => 'http://blog.xukai.ink/index.html',
  'accept-encoding' => 'gzip, deflate',
  'accept-language' => 'zh-CN,zh;q=0.9',
)
[ info ] [ PARAM ] array (
)
[ info ] [ DB ] INIT mysql
[ info ] [ RUN ] app\index\controller\Category->getCategory_s[ C:\wamp64\www\blog\application\index\controller\Category.php ]
[ info ] [ LOG ] INIT File
[ sql ] [ DB ] CONNECT:[ UseTime:0.000912s ] mysql:host=127.0.0.1;dbname=blog;charset=utf8
[ sql ] [ SQL ] SHOW COLUMNS FROM `b_category` [ RunTime:0.001017s ]
[ sql ] [ SQL ] SELECT * FROM `b_category` WHERE  `pid` = 0 [ RunTime:0.000577s ]
[ sql ] [ SQL ] SELECT * FROM `b_category` WHERE  `pid` > 0 [ RunTime:0.000432s ]
---------------------------------------------------------------
[ 2019-05-21T11:08:34+08:00 ] 39.176.195.216 POST blog_api.xukai.ink/article/get_list
[运行时间：0.013275s] [吞吐率：75.33req/s] [内存消耗：410.70kb] [文件加载：38]
[ info ] [ LANG ] C:\wamp64\www\blog\thinkphp\lang\zh-cn.php
[ info ] [ ROUTE ] array (
  'type' => 'module',
  'module' => 
  array (
    0 => 'index',
    1 => 'article',
    2 => 'get_list',
  ),
  'convert' => false,
)
[ info ] [ HEADER ] array (
  'host' => 'blog_api.xukai.ink',
  'connection' => 'keep-alive',
  'content-length' => '0',
  'accept' => '*/*',
  'origin' => 'http://blog.xukai.ink',
  'user-agent' => 'Mozilla/5.0 (Windows NT 10.0; WOW64) AppleWebKit/537.36 (KHTML, like Gecko) Chrome/72.0.3626.121 Safari/537.36',
  'referer' => 'http://blog.xukai.ink/index.html',
  'accept-encoding' => 'gzip, deflate',
  'accept-language' => 'zh-CN,zh;q=0.9',
)
[ info ] [ PARAM ] array (
)
[ info ] [ DB ] INIT mysql
[ info ] [ RUN ] app\index\controller\Article->get_list[ C:\wamp64\www\blog\application\index\controller\Article.php ]
[ info ] [ LOG ] INIT File
[ sql ] [ DB ] CONNECT:[ UseTime:0.000914s ] mysql:host=127.0.0.1;dbname=blog;charset=utf8
[ sql ] [ SQL ] SHOW COLUMNS FROM `b_tag` [ RunTime:0.001026s ]
[ sql ] [ SQL ] SELECT * FROM `b_tag` WHERE  (  id>=1 ) [ RunTime:0.000486s ]
[ sql ] [ SQL ] SHOW COLUMNS FROM `common` [ RunTime:0.000828s ]
[ sql ] [ SQL ] SELECT article_id, count(article_id) as num FROM `common` GROUP BY `article_id` [ RunTime:0.000599s ]
[ sql ] [ SQL ] SHOW COLUMNS FROM `b_article` [ RunTime:0.000847s ]
[ sql ] [ SQL ] SELECT `id`,`title`,`u_name`,`hit`,`c_id`,`c_title`,`t_id`,`c_time` FROM `b_article` WHERE  `status` = 1 ORDER BY `c_time` DESC [ RunTime:0.000748s ]
---------------------------------------------------------------
[ 2019-05-21T11:08:34+08:00 ] 39.176.195.216 POST blog_api.xukai.ink/user/isLogin
[运行时间：0.006928s] [吞吐率：144.34req/s] [内存消耗：170.59kb] [文件加载：26]
[ info ] [ LANG ] C:\wamp64\www\blog\thinkphp\lang\zh-cn.php
[ info ] [ ROUTE ] array (
  'type' => 'module',
  'module' => 
  array (
    0 => 'index',
    1 => 'user',
    2 => 'isLogin',
  ),
  'convert' => false,
)
[ info ] [ HEADER ] array (
  'host' => 'blog_api.xukai.ink',
  'connection' => 'keep-alive',
  'content-length' => '0',
  'accept' => '*/*',
  'origin' => 'http://blog.xukai.ink',
  'user-agent' => 'Mozilla/5.0 (Windows NT 10.0; WOW64) AppleWebKit/537.36 (KHTML, like Gecko) Chrome/72.0.3626.121 Safari/537.36',
  'referer' => 'http://blog.xukai.ink/index.html',
  'accept-encoding' => 'gzip, deflate',
  'accept-language' => 'zh-CN,zh;q=0.9',
)
[ info ] [ PARAM ] array (
)
[ info ] [ RUN ] app\index\controller\User->isLogin[ C:\wamp64\www\blog\application\index\controller\User.php ]
[ info ] [ LOG ] INIT File
---------------------------------------------------------------
[ 2019-05-21T11:08:41+08:00 ] 39.176.195.216 POST blog_api.xukai.ink/user/login
[运行时间：0.014849s] [吞吐率：67.34req/s] [内存消耗：385.48kb] [文件加载：35]
[ info ] [ LANG ] C:\wamp64\www\blog\thinkphp\lang\zh-cn.php
[ info ] [ ROUTE ] array (
  'type' => 'module',
  'module' => 
  array (
    0 => 'index',
    1 => 'user',
    2 => 'login',
  ),
  'convert' => false,
)
[ info ] [ HEADER ] array (
  'host' => 'blog_api.xukai.ink',
  'connection' => 'keep-alive',
  'content-length' => '23',
  'accept' => '*/*',
  'origin' => 'http://blog.xukai.ink',
  'user-agent' => 'Mozilla/5.0 (Windows NT 10.0; WOW64) AppleWebKit/537.36 (KHTML, like Gecko) Chrome/72.0.3626.121 Safari/537.36',
  'content-type' => 'application/x-www-form-urlencoded; charset=UTF-8',
  'referer' => 'http://blog.xukai.ink/index.html',
  'accept-encoding' => 'gzip, deflate',
  'accept-language' => 'zh-CN,zh;q=0.9',
)
[ info ] [ PARAM ] array (
  'name' => 'xk',
  'password' => '123456',
)
[ info ] [ RUN ] app\index\controller\User->login[ C:\wamp64\www\blog\application\index\controller\User.php ]
[ info ] [ DB ] INIT mysql
[ info ] [ LOG ] INIT File
[ sql ] [ DB ] CONNECT:[ UseTime:0.001385s ] mysql:host=127.0.0.1;dbname=blog;charset=utf8
[ sql ] [ SQL ] SHOW COLUMNS FROM `b_user` [ RunTime:0.001403s ]
[ sql ] [ SQL ] SELECT * FROM `b_user` WHERE  `name` = 'xk' LIMIT 1 [ RunTime:0.000464s ]
---------------------------------------------------------------
[ 2019-05-21T11:08:44+08:00 ] 39.176.195.216 POST blog_api.xukai.ink/user/login
[运行时间：0.010408s] [吞吐率：96.08req/s] [内存消耗：385.48kb] [文件加载：35]
[ info ] [ LANG ] C:\wamp64\www\blog\thinkphp\lang\zh-cn.php
[ info ] [ ROUTE ] array (
  'type' => 'module',
  'module' => 
  array (
    0 => 'index',
    1 => 'user',
    2 => 'login',
  ),
  'convert' => false,
)
[ info ] [ HEADER ] array (
  'host' => 'blog_api.xukai.ink',
  'connection' => 'keep-alive',
  'content-length' => '23',
  'accept' => '*/*',
  'origin' => 'http://blog.xukai.ink',
  'user-agent' => 'Mozilla/5.0 (Windows NT 10.0; WOW64) AppleWebKit/537.36 (KHTML, like Gecko) Chrome/72.0.3626.121 Safari/537.36',
  'content-type' => 'application/x-www-form-urlencoded; charset=UTF-8',
  'referer' => 'http://blog.xukai.ink/index.html',
  'accept-encoding' => 'gzip, deflate',
  'accept-language' => 'zh-CN,zh;q=0.9',
)
[ info ] [ PARAM ] array (
  'name' => 'xk',
  'password' => '123456',
)
[ info ] [ RUN ] app\index\controller\User->login[ C:\wamp64\www\blog\application\index\controller\User.php ]
[ info ] [ DB ] INIT mysql
[ info ] [ LOG ] INIT File
[ sql ] [ DB ] CONNECT:[ UseTime:0.001014s ] mysql:host=127.0.0.1;dbname=blog;charset=utf8
[ sql ] [ SQL ] SHOW COLUMNS FROM `b_user` [ RunTime:0.001308s ]
[ sql ] [ SQL ] SELECT * FROM `b_user` WHERE  `name` = 'xk' LIMIT 1 [ RunTime:0.000568s ]
---------------------------------------------------------------
[ 2019-05-21T11:09:47+08:00 ] 39.176.195.216 POST blog_api.xukai.ink/user/login
[运行时间：0.010434s] [吞吐率：95.84req/s] [内存消耗：393.47kb] [文件加载：35]
[ info ] [ LANG ] C:\wamp64\www\blog\thinkphp\lang\zh-cn.php
[ info ] [ ROUTE ] array (
  'type' => 'module',
  'module' => 
  array (
    0 => 'index',
    1 => 'user',
    2 => 'login',
  ),
  'convert' => false,
)
[ info ] [ HEADER ] array (
  'host' => 'blog_api.xukai.ink',
  'connection' => 'keep-alive',
  'content-length' => '20',
  'accept' => '*/*',
  'origin' => 'http://blog.xukai.ink',
  'user-agent' => 'Mozilla/5.0 (Windows NT 10.0; WOW64) AppleWebKit/537.36 (KHTML, like Gecko) Chrome/72.0.3626.121 Safari/537.36',
  'content-type' => 'application/x-www-form-urlencoded; charset=UTF-8',
  'referer' => 'http://blog.xukai.ink/index.html',
  'accept-encoding' => 'gzip, deflate',
  'accept-language' => 'zh-CN,zh;q=0.9',
)
[ info ] [ PARAM ] array (
  'name' => 'xk',
  'password' => '123',
)
[ info ] [ RUN ] app\index\controller\User->login[ C:\wamp64\www\blog\application\index\controller\User.php ]
[ info ] [ DB ] INIT mysql
[ info ] [ LOG ] INIT File
[ sql ] [ DB ] CONNECT:[ UseTime:0.001199s ] mysql:host=127.0.0.1;dbname=blog;charset=utf8
[ sql ] [ SQL ] SHOW COLUMNS FROM `b_user` [ RunTime:0.001124s ]
[ sql ] [ SQL ] SELECT * FROM `b_user` WHERE  `name` = 'xk' LIMIT 1 [ RunTime:0.000454s ]
---------------------------------------------------------------
[ 2019-05-21T11:09:51+08:00 ] 39.176.195.216 POST blog_api.xukai.ink/index/location
[运行时间：0.351465s] [吞吐率：2.85req/s] [内存消耗：168.99kb] [文件加载：25]
[ info ] [ LANG ] C:\wamp64\www\blog\thinkphp\lang\zh-cn.php
[ info ] [ ROUTE ] array (
  'type' => 'module',
  'module' => 
  array (
    0 => 'index',
    1 => 'index',
    2 => 'getLocation',
  ),
  'convert' => false,
)
[ info ] [ HEADER ] array (
  'host' => 'blog_api.xukai.ink',
  'connection' => 'keep-alive',
  'content-length' => '0',
  'accept' => '*/*',
  'origin' => 'http://blog.xukai.ink',
  'user-agent' => 'Mozilla/5.0 (Windows NT 10.0; WOW64) AppleWebKit/537.36 (KHTML, like Gecko) Chrome/72.0.3626.121 Safari/537.36',
  'referer' => 'http://blog.xukai.ink/admin/admin.html',
  'accept-encoding' => 'gzip, deflate',
  'accept-language' => 'zh-CN,zh;q=0.9',
)
[ info ] [ PARAM ] array (
)
[ info ] [ RUN ] app\index\controller\Index->getLocation[ C:\wamp64\www\blog\application\index\controller\Index.php ]
[ info ] [ LOG ] INIT File
---------------------------------------------------------------
[ 2019-05-21T11:09:51+08:00 ] 39.176.195.216 POST blog_api.xukai.ink/weather
[运行时间：0.058579s] [吞吐率：17.07req/s] [内存消耗：168.72kb] [文件加载：25]
[ info ] [ LANG ] C:\wamp64\www\blog\thinkphp\lang\zh-cn.php
[ info ] [ ROUTE ] array (
  'type' => 'module',
  'module' => 
  array (
    0 => 'index',
    1 => 'index',
    2 => 'getWeater',
  ),
  'convert' => false,
)
[ info ] [ HEADER ] array (
  'host' => 'blog_api.xukai.ink',
  'connection' => 'keep-alive',
  'content-length' => '45',
  'accept' => '*/*',
  'origin' => 'http://blog.xukai.ink',
  'user-agent' => 'Mozilla/5.0 (Windows NT 10.0; WOW64) AppleWebKit/537.36 (KHTML, like Gecko) Chrome/72.0.3626.121 Safari/537.36',
  'content-type' => 'application/x-www-form-urlencoded; charset=UTF-8',
  'referer' => 'http://blog.xukai.ink/admin/admin.html',
  'accept-encoding' => 'gzip, deflate',
  'accept-language' => 'zh-CN,zh;q=0.9',
)
[ info ] [ PARAM ] array (
  'lat' => '27.823457297444143',
  'lng' => '114.92727986672726',
)
[ info ] [ RUN ] app\index\controller\Index->getWeater[ C:\wamp64\www\blog\application\index\controller\Index.php ]
[ info ] [ LOG ] INIT File
---------------------------------------------------------------
[ 2019-05-21T11:10:20+08:00 ] 39.176.195.216 POST blog_api.xukai.ink/user/lout
[运行时间：0.008386s] [吞吐率：119.25req/s] [内存消耗：178.27kb] [文件加载：26]
[ info ] [ LANG ] C:\wamp64\www\blog\thinkphp\lang\zh-cn.php
[ info ] [ ROUTE ] array (
  'type' => 'module',
  'module' => 
  array (
    0 => 'index',
    1 => 'user',
    2 => 'loginOut',
  ),
  'convert' => false,
)
[ info ] [ HEADER ] array (
  'host' => 'blog_api.xukai.ink',
  'connection' => 'keep-alive',
  'content-length' => '8',
  'accept' => '*/*',
  'origin' => 'http://blog.xukai.ink',
  'user-agent' => 'Mozilla/5.0 (Windows NT 10.0; WOW64) AppleWebKit/537.36 (KHTML, like Gecko) Chrome/72.0.3626.121 Safari/537.36',
  'content-type' => 'application/x-www-form-urlencoded; charset=UTF-8',
  'referer' => 'http://blog.xukai.ink/admin/logout.html',
  'accept-encoding' => 'gzip, deflate',
  'accept-language' => 'zh-CN,zh;q=0.9',
)
[ info ] [ PARAM ] array (
  'userId' => '1',
)
[ info ] [ RUN ] app\index\controller\User->loginOut[ C:\wamp64\www\blog\application\index\controller\User.php ]
[ info ] [ LOG ] INIT File
---------------------------------------------------------------
[ 2019-05-21T12:50:46+08:00 ] 223.104.170.30 POST blog_api.xukai.ink/user/lout
[运行时间：0.008034s] [吞吐率：124.47req/s] [内存消耗：170.60kb] [文件加载：26]
[ info ] [ LANG ] C:\wamp64\www\blog\thinkphp\lang\zh-cn.php
[ info ] [ ROUTE ] array (
  'type' => 'module',
  'module' => 
  array (
    0 => 'index',
    1 => 'user',
    2 => 'loginOut',
  ),
  'convert' => false,
)
[ info ] [ HEADER ] array (
  'host' => 'blog_api.xukai.ink',
  'connection' => 'keep-alive',
  'content-length' => '0',
  'accept' => '*/*',
  'origin' => 'http://blog.xukai.ink',
  'user-agent' => 'Mozilla/5.0 (Windows NT 10.0; WOW64) AppleWebKit/537.36 (KHTML, like Gecko) Chrome/72.0.3626.121 Safari/537.36',
  'referer' => 'http://blog.xukai.ink/admin/logout.html',
  'accept-encoding' => 'gzip, deflate',
  'accept-language' => 'zh-CN,zh;q=0.9',
)
[ info ] [ PARAM ] array (
)
[ info ] [ RUN ] app\index\controller\User->loginOut[ C:\wamp64\www\blog\application\index\controller\User.php ]
[ info ] [ LOG ] INIT File
---------------------------------------------------------------
[ 2019-05-21T12:50:46+08:00 ] 223.104.170.30 POST blog_api.xukai.ink/article/get_list
[运行时间：0.025877s] [吞吐率：38.64req/s] [内存消耗：410.55kb] [文件加载：38]
[ info ] [ LANG ] C:\wamp64\www\blog\thinkphp\lang\zh-cn.php
[ info ] [ ROUTE ] array (
  'type' => 'module',
  'module' => 
  array (
    0 => 'index',
    1 => 'article',
    2 => 'get_list',
  ),
  'convert' => false,
)
[ info ] [ HEADER ] array (
  'host' => 'blog_api.xukai.ink',
  'connection' => 'keep-alive',
  'content-length' => '0',
  'accept' => '*/*',
  'origin' => 'http://blog.xukai.ink',
  'user-agent' => 'Mozilla/5.0 (Windows NT 10.0; WOW64) AppleWebKit/537.36 (KHTML, like Gecko) Chrome/72.0.3626.121 Safari/537.36',
  'referer' => 'http://blog.xukai.ink/',
  'accept-encoding' => 'gzip, deflate',
  'accept-language' => 'zh-CN,zh;q=0.9',
)
[ info ] [ PARAM ] array (
)
[ info ] [ DB ] INIT mysql
[ info ] [ RUN ] app\index\controller\Article->get_list[ C:\wamp64\www\blog\application\index\controller\Article.php ]
[ info ] [ LOG ] INIT File
[ sql ] [ DB ] CONNECT:[ UseTime:0.009787s ] mysql:host=127.0.0.1;dbname=blog;charset=utf8
[ sql ] [ SQL ] SHOW COLUMNS FROM `b_tag` [ RunTime:0.001096s ]
[ sql ] [ SQL ] SELECT * FROM `b_tag` WHERE  (  id>=1 ) [ RunTime:0.000559s ]
[ sql ] [ SQL ] SHOW COLUMNS FROM `common` [ RunTime:0.000869s ]
[ sql ] [ SQL ] SELECT article_id, count(article_id) as num FROM `common` GROUP BY `article_id` [ RunTime:0.000493s ]
[ sql ] [ SQL ] SHOW COLUMNS FROM `b_article` [ RunTime:0.000794s ]
[ sql ] [ SQL ] SELECT `id`,`title`,`u_name`,`hit`,`c_id`,`c_title`,`t_id`,`c_time` FROM `b_article` WHERE  `status` = 1 ORDER BY `c_time` DESC [ RunTime:0.000711s ]
---------------------------------------------------------------
[ 2019-05-21T12:50:46+08:00 ] 223.104.170.30 POST blog_api.xukai.ink/cate/get_cs
[运行时间：0.019740s] [吞吐率：50.66req/s] [内存消耗：453.59kb] [文件加载：35]
[ info ] [ LANG ] C:\wamp64\www\blog\thinkphp\lang\zh-cn.php
[ info ] [ ROUTE ] array (
  'type' => 'module',
  'module' => 
  array (
    0 => 'index',
    1 => 'category',
    2 => 'getCategory_s',
  ),
  'convert' => false,
)
[ info ] [ HEADER ] array (
  'host' => 'blog_api.xukai.ink',
  'connection' => 'keep-alive',
  'content-length' => '0',
  'accept' => '*/*',
  'origin' => 'http://blog.xukai.ink',
  'user-agent' => 'Mozilla/5.0 (Windows NT 10.0; WOW64) AppleWebKit/537.36 (KHTML, like Gecko) Chrome/72.0.3626.121 Safari/537.36',
  'referer' => 'http://blog.xukai.ink/',
  'accept-encoding' => 'gzip, deflate',
  'accept-language' => 'zh-CN,zh;q=0.9',
)
[ info ] [ PARAM ] array (
)
[ info ] [ DB ] INIT mysql
[ info ] [ RUN ] app\index\controller\Category->getCategory_s[ C:\wamp64\www\blog\application\index\controller\Category.php ]
[ info ] [ LOG ] INIT File
[ sql ] [ DB ] CONNECT:[ UseTime:0.010982s ] mysql:host=127.0.0.1;dbname=blog;charset=utf8
[ sql ] [ SQL ] SHOW COLUMNS FROM `b_category` [ RunTime:0.000735s ]
[ sql ] [ SQL ] SELECT * FROM `b_category` WHERE  `pid` = 0 [ RunTime:0.000437s ]
[ sql ] [ SQL ] SELECT * FROM `b_category` WHERE  `pid` > 0 [ RunTime:0.000429s ]
---------------------------------------------------------------
[ 2019-05-21T12:50:46+08:00 ] 223.104.170.30 POST blog_api.xukai.ink/user/isLogin
[运行时间：0.006894s] [吞吐率：145.06req/s] [内存消耗：170.58kb] [文件加载：26]
[ info ] [ LANG ] C:\wamp64\www\blog\thinkphp\lang\zh-cn.php
[ info ] [ ROUTE ] array (
  'type' => 'module',
  'module' => 
  array (
    0 => 'index',
    1 => 'user',
    2 => 'isLogin',
  ),
  'convert' => false,
)
[ info ] [ HEADER ] array (
  'host' => 'blog_api.xukai.ink',
  'connection' => 'keep-alive',
  'content-length' => '0',
  'accept' => '*/*',
  'origin' => 'http://blog.xukai.ink',
  'user-agent' => 'Mozilla/5.0 (Windows NT 10.0; WOW64) AppleWebKit/537.36 (KHTML, like Gecko) Chrome/72.0.3626.121 Safari/537.36',
  'referer' => 'http://blog.xukai.ink/',
  'accept-encoding' => 'gzip, deflate',
  'accept-language' => 'zh-CN,zh;q=0.9',
)
[ info ] [ PARAM ] array (
)
[ info ] [ RUN ] app\index\controller\User->isLogin[ C:\wamp64\www\blog\application\index\controller\User.php ]
[ info ] [ LOG ] INIT File
