---------------------------------------------------------------
[ 2019-05-27T17:41:50+08:00 ] 59.52.207.225 POST blog_api.xukai.ink/cate/get_cs
[运行时间：0.029313s] [吞吐率：34.11req/s] [内存消耗：462.70kb] [文件加载：35]
[ info ] [ LANG ] C:\wamp64\www\blog\thinkphp\lang\zh-cn.php
[ info ] [ ROUTE ] array (
  'type' => 'module',
  'module' => 
  array (
    0 => 'index',
    1 => 'category',
    2 => 'getCategory_s',
  ),
  'convert' => false,
)
[ info ] [ HEADER ] array (
  'host' => 'blog_api.xukai.ink',
  'connection' => 'keep-alive',
  'content-length' => '0',
  'accept' => '*/*',
  'origin' => 'http://blog.xukai.ink',
  'user-agent' => 'Mozilla/5.0 (Windows NT 10.0; Win64; x64) AppleWebKit/537.36 (KHTML, like Gecko) Chrome/74.0.3729.169 Safari/537.36',
  'referer' => 'http://blog.xukai.ink/',
  'accept-encoding' => 'gzip, deflate',
  'accept-language' => 'en-US,en;q=0.9,zh-CN;q=0.8,zh;q=0.7',
)
[ info ] [ PARAM ] array (
)
[ info ] [ DB ] INIT mysql
[ info ] [ RUN ] app\index\controller\Category->getCategory_s[ C:\wamp64\www\blog\application\index\controller\Category.php ]
[ info ] [ LOG ] INIT File
[ sql ] [ DB ] CONNECT:[ UseTime:0.013162s ] mysql:host=127.0.0.1;dbname=blog;charset=utf8
[ sql ] [ SQL ] SHOW COLUMNS FROM `b_category` [ RunTime:0.001052s ]
[ sql ] [ SQL ] SELECT * FROM `b_category` WHERE  `pid` = 0 [ RunTime:0.000511s ]
[ sql ] [ SQL ] SELECT * FROM `b_category` WHERE  `pid` > 0 [ RunTime:0.000492s ]
---------------------------------------------------------------
[ 2019-05-27T17:41:50+08:00 ] 59.52.207.225 POST blog_api.xukai.ink/article/get_list
[运行时间：0.024517s] [吞吐率：40.79req/s] [内存消耗：419.13kb] [文件加载：38]
[ info ] [ LANG ] C:\wamp64\www\blog\thinkphp\lang\zh-cn.php
[ info ] [ ROUTE ] array (
  'type' => 'module',
  'module' => 
  array (
    0 => 'index',
    1 => 'article',
    2 => 'get_list',
  ),
  'convert' => false,
)
[ info ] [ HEADER ] array (
  'host' => 'blog_api.xukai.ink',
  'connection' => 'keep-alive',
  'content-length' => '0',
  'accept' => '*/*',
  'origin' => 'http://blog.xukai.ink',
  'user-agent' => 'Mozilla/5.0 (Windows NT 10.0; Win64; x64) AppleWebKit/537.36 (KHTML, like Gecko) Chrome/74.0.3729.169 Safari/537.36',
  'referer' => 'http://blog.xukai.ink/',
  'accept-encoding' => 'gzip, deflate',
  'accept-language' => 'en-US,en;q=0.9,zh-CN;q=0.8,zh;q=0.7',
)
[ info ] [ PARAM ] array (
)
[ info ] [ DB ] INIT mysql
[ info ] [ RUN ] app\index\controller\Article->get_list[ C:\wamp64\www\blog\application\index\controller\Article.php ]
[ info ] [ LOG ] INIT File
[ sql ] [ DB ] CONNECT:[ UseTime:0.009003s ] mysql:host=127.0.0.1;dbname=blog;charset=utf8
[ sql ] [ SQL ] SHOW COLUMNS FROM `b_tag` [ RunTime:0.000822s ]
[ sql ] [ SQL ] SELECT * FROM `b_tag` WHERE  (  id>=1 ) [ RunTime:0.000486s ]
[ sql ] [ SQL ] SHOW COLUMNS FROM `common` [ RunTime:0.000798s ]
[ sql ] [ SQL ] SELECT article_id, count(article_id) as num FROM `common` GROUP BY `article_id` [ RunTime:0.000490s ]
[ sql ] [ SQL ] SHOW COLUMNS FROM `b_article` [ RunTime:0.000845s ]
[ sql ] [ SQL ] SELECT `id`,`title`,`u_name`,`hit`,`c_id`,`c_title`,`t_id`,`c_time` FROM `b_article` WHERE  `status` = 1 ORDER BY `c_time` DESC [ RunTime:0.000779s ]
---------------------------------------------------------------
[ 2019-05-27T17:41:50+08:00 ] 59.52.207.225 POST blog_api.xukai.ink/user/isLogin
[运行时间：0.007266s] [吞吐率：137.63req/s] [内存消耗：178.36kb] [文件加载：26]
[ info ] [ LANG ] C:\wamp64\www\blog\thinkphp\lang\zh-cn.php
[ info ] [ ROUTE ] array (
  'type' => 'module',
  'module' => 
  array (
    0 => 'index',
    1 => 'user',
    2 => 'isLogin',
  ),
  'convert' => false,
)
[ info ] [ HEADER ] array (
  'host' => 'blog_api.xukai.ink',
  'connection' => 'keep-alive',
  'content-length' => '0',
  'accept' => '*/*',
  'origin' => 'http://blog.xukai.ink',
  'user-agent' => 'Mozilla/5.0 (Windows NT 10.0; Win64; x64) AppleWebKit/537.36 (KHTML, like Gecko) Chrome/74.0.3729.169 Safari/537.36',
  'referer' => 'http://blog.xukai.ink/',
  'accept-encoding' => 'gzip, deflate',
  'accept-language' => 'en-US,en;q=0.9,zh-CN;q=0.8,zh;q=0.7',
)
[ info ] [ PARAM ] array (
)
[ info ] [ RUN ] app\index\controller\User->isLogin[ C:\wamp64\www\blog\application\index\controller\User.php ]
[ info ] [ LOG ] INIT File
---------------------------------------------------------------
[ 2019-05-27T17:41:58+08:00 ] 59.52.207.225 POST blog_api.xukai.ink/user/login
[运行时间：0.011149s] [吞吐率：89.69req/s] [内存消耗：401.23kb] [文件加载：35]
[ info ] [ LANG ] C:\wamp64\www\blog\thinkphp\lang\zh-cn.php
[ info ] [ ROUTE ] array (
  'type' => 'module',
  'module' => 
  array (
    0 => 'index',
    1 => 'User',
    2 => 'login',
  ),
  'convert' => false,
)
[ info ] [ HEADER ] array (
  'host' => 'blog_api.xukai.ink',
  'connection' => 'keep-alive',
  'content-length' => '20',
  'accept' => '*/*',
  'origin' => 'http://blog.xukai.ink',
  'user-agent' => 'Mozilla/5.0 (Windows NT 10.0; Win64; x64) AppleWebKit/537.36 (KHTML, like Gecko) Chrome/74.0.3729.169 Safari/537.36',
  'content-type' => 'application/x-www-form-urlencoded; charset=UTF-8',
  'referer' => 'http://blog.xukai.ink/',
  'accept-encoding' => 'gzip, deflate',
  'accept-language' => 'en-US,en;q=0.9,zh-CN;q=0.8,zh;q=0.7',
)
[ info ] [ PARAM ] array (
  'name' => 'xk',
  'password' => '123',
)
[ info ] [ RUN ] app\index\controller\User->login[ C:\wamp64\www\blog\application\index\controller\User.php ]
[ info ] [ DB ] INIT mysql
[ info ] [ LOG ] INIT File
[ sql ] [ DB ] CONNECT:[ UseTime:0.000891s ] mysql:host=127.0.0.1;dbname=blog;charset=utf8
[ sql ] [ SQL ] SHOW COLUMNS FROM `b_user` [ RunTime:0.001237s ]
[ sql ] [ SQL ] SELECT * FROM `b_user` WHERE  `name` = 'xk' LIMIT 1 [ RunTime:0.000458s ]
---------------------------------------------------------------
[ 2019-05-27T17:42:00+08:00 ] 59.52.207.225 POST blog_api.xukai.ink/index/location
[运行时间：0.376109s] [吞吐率：2.66req/s] [内存消耗：176.90kb] [文件加载：25]
[ info ] [ LANG ] C:\wamp64\www\blog\thinkphp\lang\zh-cn.php
[ info ] [ ROUTE ] array (
  'type' => 'module',
  'module' => 
  array (
    0 => 'index',
    1 => 'index',
    2 => 'getLocation',
  ),
  'convert' => false,
)
[ info ] [ HEADER ] array (
  'host' => 'blog_api.xukai.ink',
  'connection' => 'keep-alive',
  'content-length' => '0',
  'accept' => '*/*',
  'origin' => 'http://blog.xukai.ink',
  'user-agent' => 'Mozilla/5.0 (Windows NT 10.0; Win64; x64) AppleWebKit/537.36 (KHTML, like Gecko) Chrome/74.0.3729.169 Safari/537.36',
  'referer' => 'http://blog.xukai.ink/admin/admin.html',
  'accept-encoding' => 'gzip, deflate',
  'accept-language' => 'en-US,en;q=0.9,zh-CN;q=0.8,zh;q=0.7',
)
[ info ] [ PARAM ] array (
)
[ info ] [ RUN ] app\index\controller\Index->getLocation[ C:\wamp64\www\blog\application\index\controller\Index.php ]
[ info ] [ LOG ] INIT File
---------------------------------------------------------------
[ 2019-05-27T17:42:00+08:00 ] 59.52.207.225 POST blog_api.xukai.ink/weather
[运行时间：0.095922s] [吞吐率：10.43req/s] [内存消耗：176.75kb] [文件加载：25]
[ info ] [ LANG ] C:\wamp64\www\blog\thinkphp\lang\zh-cn.php
[ info ] [ ROUTE ] array (
  'type' => 'module',
  'module' => 
  array (
    0 => 'index',
    1 => 'index',
    2 => 'getWeater',
  ),
  'convert' => false,
)
[ info ] [ HEADER ] array (
  'host' => 'blog_api.xukai.ink',
  'connection' => 'keep-alive',
  'content-length' => '44',
  'accept' => '*/*',
  'origin' => 'http://blog.xukai.ink',
  'user-agent' => 'Mozilla/5.0 (Windows NT 10.0; Win64; x64) AppleWebKit/537.36 (KHTML, like Gecko) Chrome/74.0.3729.169 Safari/537.36',
  'content-type' => 'application/x-www-form-urlencoded; charset=UTF-8',
  'referer' => 'http://blog.xukai.ink/admin/admin.html',
  'accept-encoding' => 'gzip, deflate',
  'accept-language' => 'en-US,en;q=0.9,zh-CN;q=0.8,zh;q=0.7',
)
[ info ] [ PARAM ] array (
  'lat' => '28.68945529506072',
  'lng' => '115.86458944231661',
)
[ info ] [ RUN ] app\index\controller\Index->getWeater[ C:\wamp64\www\blog\application\index\controller\Index.php ]
[ info ] [ LOG ] INIT File
---------------------------------------------------------------
[ 2019-05-27T17:42:03+08:00 ] 59.52.207.225 POST blog_api.xukai.ink/article/list
[运行时间：0.010055s] [吞吐率：99.45req/s] [内存消耗：397.95kb] [文件加载：35]
[ info ] [ LANG ] C:\wamp64\www\blog\thinkphp\lang\zh-cn.php
[ info ] [ ROUTE ] array (
  'type' => 'module',
  'module' => 
  array (
    0 => 'index',
    1 => 'article',
    2 => 'list',
  ),
  'convert' => false,
)
[ info ] [ HEADER ] array (
  'host' => 'blog_api.xukai.ink',
  'connection' => 'keep-alive',
  'content-length' => '0',
  'accept' => '*/*',
  'origin' => 'http://blog.xukai.ink',
  'user-agent' => 'Mozilla/5.0 (Windows NT 10.0; Win64; x64) AppleWebKit/537.36 (KHTML, like Gecko) Chrome/74.0.3729.169 Safari/537.36',
  'referer' => 'http://blog.xukai.ink/admin/article.html',
  'accept-encoding' => 'gzip, deflate',
  'accept-language' => 'en-US,en;q=0.9,zh-CN;q=0.8,zh;q=0.7',
)
[ info ] [ PARAM ] array (
)
[ info ] [ DB ] INIT mysql
[ info ] [ RUN ] app\index\controller\Article->list[ C:\wamp64\www\blog\application\index\controller\Article.php ]
[ info ] [ LOG ] INIT File
[ sql ] [ DB ] CONNECT:[ UseTime:0.000811s ] mysql:host=127.0.0.1;dbname=blog;charset=utf8
[ sql ] [ SQL ] SHOW COLUMNS FROM `b_article` [ RunTime:0.001029s ]
[ sql ] [ SQL ] SELECT `id`,`title`,`c_title`,`c_time`,`hit` FROM `b_article` WHERE  `status` = 1 [ RunTime:0.000523s ]
---------------------------------------------------------------
[ 2019-05-27T17:42:05+08:00 ] 59.52.207.225 POST blog_api.xukai.ink/cate/get_d
[运行时间：0.008674s] [吞吐率：115.29req/s] [内存消耗：460.29kb] [文件加载：35]
[ info ] [ LANG ] C:\wamp64\www\blog\thinkphp\lang\zh-cn.php
[ info ] [ ROUTE ] array (
  'type' => 'module',
  'module' => 
  array (
    0 => 'index',
    1 => 'category',
    2 => 'getCategory_d',
  ),
  'convert' => false,
)
[ info ] [ HEADER ] array (
  'host' => 'blog_api.xukai.ink',
  'connection' => 'keep-alive',
  'content-length' => '0',
  'accept' => '*/*',
  'origin' => 'http://blog.xukai.ink',
  'user-agent' => 'Mozilla/5.0 (Windows NT 10.0; Win64; x64) AppleWebKit/537.36 (KHTML, like Gecko) Chrome/74.0.3729.169 Safari/537.36',
  'referer' => 'http://blog.xukai.ink/admin/article_add.html',
  'accept-encoding' => 'gzip, deflate',
  'accept-language' => 'en-US,en;q=0.9,zh-CN;q=0.8,zh;q=0.7',
)
[ info ] [ PARAM ] array (
)
[ info ] [ DB ] INIT mysql
[ info ] [ RUN ] app\index\controller\Category->getCategory_d[ C:\wamp64\www\blog\application\index\controller\Category.php ]
[ info ] [ LOG ] INIT File
[ sql ] [ DB ] CONNECT:[ UseTime:0.000812s ] mysql:host=127.0.0.1;dbname=blog;charset=utf8
[ sql ] [ SQL ] SHOW COLUMNS FROM `b_category` [ RunTime:0.001000s ]
[ sql ] [ SQL ] SELECT * FROM `b_category` WHERE  `pid` > 0 [ RunTime:0.000476s ]
---------------------------------------------------------------
[ 2019-05-27T17:42:05+08:00 ] 59.52.207.225 GET blog_api.xukai.ink/tag/get
[运行时间：0.011281s] [吞吐率：88.64req/s] [内存消耗：390.10kb] [文件加载：35]
[ info ] [ LANG ] C:\wamp64\www\blog\thinkphp\lang\zh-cn.php
[ info ] [ ROUTE ] array (
  'type' => 'module',
  'module' => 
  array (
    0 => 'index',
    1 => 'Tag',
    2 => 'get',
  ),
  'convert' => false,
)
[ info ] [ HEADER ] array (
  'host' => 'blog_api.xukai.ink',
  'connection' => 'keep-alive',
  'accept' => '*/*',
  'origin' => 'http://blog.xukai.ink',
  'user-agent' => 'Mozilla/5.0 (Windows NT 10.0; Win64; x64) AppleWebKit/537.36 (KHTML, like Gecko) Chrome/74.0.3729.169 Safari/537.36',
  'referer' => 'http://blog.xukai.ink/admin/article_add.html',
  'accept-encoding' => 'gzip, deflate',
  'accept-language' => 'en-US,en;q=0.9,zh-CN;q=0.8,zh;q=0.7',
)
[ info ] [ PARAM ] array (
)
[ info ] [ DB ] INIT mysql
[ info ] [ RUN ] app\index\controller\Tag->get[ C:\wamp64\www\blog\application\index\controller\Tag.php ]
[ info ] [ LOG ] INIT File
[ sql ] [ DB ] CONNECT:[ UseTime:0.000816s ] mysql:host=127.0.0.1;dbname=blog;charset=utf8
[ sql ] [ SQL ] SHOW COLUMNS FROM `b_tag` [ RunTime:0.000961s ]
[ sql ] [ SQL ] SELECT * FROM `b_tag` WHERE  (  id>=1 ) [ RunTime:0.000529s ]
---------------------------------------------------------------
[ 2019-05-27T17:43:19+08:00 ] 14.215.176.13 POST blog_api.xukai.ink/user/isLogin
[运行时间：0.004456s] [吞吐率：224.41req/s] [内存消耗：177.48kb] [文件加载：26]
[ info ] [ LANG ] C:\wamp64\www\blog\thinkphp\lang\zh-cn.php
[ info ] [ ROUTE ] array (
  'type' => 'module',
  'module' => 
  array (
    0 => 'index',
    1 => 'user',
    2 => 'isLogin',
  ),
  'convert' => false,
)
[ info ] [ HEADER ] array (
  'accept' => '*/*',
  'referer' => 'http://blog.xukai.ink/',
  'origin' => 'http://blog.xukai.ink',
  'user-agent' => 'Mozilla/5.0 (Windows NT 6.1; WOW64; rv:43.0) Gecko/20100101 Firefox/43.0',
  'content-length' => '0',
  'content-type' => 'application/x-www-form-urlencoded',
  'connection' => 'Keep-Alive',
  'accept-encoding' => 'gzip, deflate',
  'accept-language' => 'en,*',
  'host' => 'blog_api.xukai.ink',
)
[ info ] [ PARAM ] array (
)
[ info ] [ RUN ] app\index\controller\User->isLogin[ C:\wamp64\www\blog\application\index\controller\User.php ]
[ info ] [ LOG ] INIT File
---------------------------------------------------------------
[ 2019-05-27T17:43:19+08:00 ] 14.215.176.8 POST blog_api.xukai.ink/article/get_list
[运行时间：0.026134s] [吞吐率：38.26req/s] [内存消耗：418.26kb] [文件加载：38]
[ info ] [ LANG ] C:\wamp64\www\blog\thinkphp\lang\zh-cn.php
[ info ] [ ROUTE ] array (
  'type' => 'module',
  'module' => 
  array (
    0 => 'index',
    1 => 'article',
    2 => 'get_list',
  ),
  'convert' => false,
)
[ info ] [ HEADER ] array (
  'accept' => '*/*',
  'referer' => 'http://blog.xukai.ink/',
  'origin' => 'http://blog.xukai.ink',
  'user-agent' => 'Mozilla/5.0 (Windows NT 6.1; WOW64; rv:43.0) Gecko/20100101 Firefox/43.0',
  'content-length' => '0',
  'content-type' => 'application/x-www-form-urlencoded',
  'connection' => 'Keep-Alive',
  'accept-encoding' => 'gzip, deflate',
  'accept-language' => 'en,*',
  'host' => 'blog_api.xukai.ink',
)
[ info ] [ PARAM ] array (
)
[ info ] [ DB ] INIT mysql
[ info ] [ RUN ] app\index\controller\Article->get_list[ C:\wamp64\www\blog\application\index\controller\Article.php ]
[ info ] [ LOG ] INIT File
[ sql ] [ DB ] CONNECT:[ UseTime:0.009162s ] mysql:host=127.0.0.1;dbname=blog;charset=utf8
[ sql ] [ SQL ] SHOW COLUMNS FROM `b_tag` [ RunTime:0.000983s ]
[ sql ] [ SQL ] SELECT * FROM `b_tag` WHERE  (  id>=1 ) [ RunTime:0.000481s ]
[ sql ] [ SQL ] SHOW COLUMNS FROM `common` [ RunTime:0.000796s ]
[ sql ] [ SQL ] SELECT article_id, count(article_id) as num FROM `common` GROUP BY `article_id` [ RunTime:0.000523s ]
[ sql ] [ SQL ] SHOW COLUMNS FROM `b_article` [ RunTime:0.000806s ]
[ sql ] [ SQL ] SELECT `id`,`title`,`u_name`,`hit`,`c_id`,`c_title`,`t_id`,`c_time` FROM `b_article` WHERE  `status` = 1 ORDER BY `c_time` DESC [ RunTime:0.000760s ]
---------------------------------------------------------------
[ 2019-05-27T17:45:54+08:00 ] 59.52.207.225 POST blog_api.xukai.ink/article/add
[运行时间：0.014762s] [吞吐率：67.74req/s] [内存消耗：393.64kb] [文件加载：36]
[ info ] [ LANG ] C:\wamp64\www\blog\thinkphp\lang\zh-cn.php
[ info ] [ ROUTE ] array (
  'type' => 'module',
  'module' => 
  array (
    0 => 'index',
    1 => 'article',
    2 => 'add',
  ),
  'convert' => false,
)
[ info ] [ HEADER ] array (
  'host' => 'blog_api.xukai.ink',
  'connection' => 'keep-alive',
  'content-length' => '3301',
  'accept' => '*/*',
  'origin' => 'http://blog.xukai.ink',
  'user-agent' => 'Mozilla/5.0 (Windows NT 10.0; Win64; x64) AppleWebKit/537.36 (KHTML, like Gecko) Chrome/74.0.3729.169 Safari/537.36',
  'content-type' => 'application/x-www-form-urlencoded; charset=UTF-8',
  'referer' => 'http://blog.xukai.ink/admin/article_add.html',
  'accept-encoding' => 'gzip, deflate',
  'accept-language' => 'en-US,en;q=0.9,zh-CN;q=0.8,zh;q=0.7',
)
[ info ] [ PARAM ] array (
  'title' => 'php反射',
  'content' => '<p>反射：在运行状态中，可以获取这个类所有的属性和方法，对于任意一个对象，都能调用它的任意一个类和方法。作用，个人比较菜，还不知道。</p><p>看代码</p><pre class="brush:php;toolbar:false">&lt;?php
class&nbsp;Person{
&nbsp;&nbsp;&nbsp;&nbsp;protected&nbsp;$name;
&nbsp;&nbsp;&nbsp;&nbsp;protected&nbsp;$age;

&nbsp;&nbsp;&nbsp;&nbsp;public&nbsp;function&nbsp;say(){
&nbsp;&nbsp;&nbsp;&nbsp;&nbsp;&nbsp;&nbsp;&nbsp;echo&nbsp;$this-&gt;name.&#39;&nbsp;&nbsp;&#39;.&nbsp;$this-&gt;age.&#39;&lt;hr/&gt;&#39;;
&nbsp;&nbsp;&nbsp;&nbsp;}

&nbsp;&nbsp;&nbsp;&nbsp;public&nbsp;function&nbsp;set(string&nbsp;$name,&nbsp;int&nbsp;$age){
&nbsp;&nbsp;&nbsp;&nbsp;&nbsp;&nbsp;&nbsp;&nbsp;$this-&gt;name&nbsp;=&nbsp;$name;
&nbsp;&nbsp;&nbsp;&nbsp;&nbsp;&nbsp;&nbsp;&nbsp;$this-&gt;age&nbsp;=&nbsp;$age;
&nbsp;&nbsp;&nbsp;&nbsp;}
&nbsp;&nbsp;&nbsp;&nbsp;
&nbsp;&nbsp;&nbsp;&nbsp;public&nbsp;function&nbsp;get($name){
&nbsp;&nbsp;&nbsp;&nbsp;&nbsp;&nbsp;&nbsp;&nbsp;if(isset($this-&gt;name)){
&nbsp;&nbsp;&nbsp;&nbsp;&nbsp;&nbsp;&nbsp;&nbsp;&nbsp;&nbsp;&nbsp;&nbsp;echo&nbsp;$this-&gt;name;
&nbsp;&nbsp;&nbsp;&nbsp;&nbsp;&nbsp;&nbsp;&nbsp;}else{
&nbsp;&nbsp;&nbsp;&nbsp;&nbsp;&nbsp;&nbsp;&nbsp;&nbsp;&nbsp;&nbsp;&nbsp;echo&nbsp;&quot;请设置姓名&quot;;
&nbsp;&nbsp;&nbsp;&nbsp;&nbsp;&nbsp;&nbsp;&nbsp;}
&nbsp;&nbsp;&nbsp;&nbsp;}
}

$stu&nbsp;=&nbsp;new&nbsp;Person();
$stu-&gt;set(&quot;啦啦啦&quot;,&nbsp;12);
$stu-&gt;say();

$reflect&nbsp;=&nbsp;new&nbsp;ReflectionObject($stu);
$props&nbsp;=&nbsp;$reflect-&gt;getProperties();
var_dump($reflect);
foreach&nbsp;($props&nbsp;as&nbsp;$key&nbsp;=&gt;&nbsp;$value)&nbsp;{
&nbsp;&nbsp;&nbsp;&nbsp;var_dump($value-&gt;getName());
}

$method&nbsp;=&nbsp;$reflect-&gt;getMEthods();
var_dump($method);</pre><p><br/></p>',
  'c_id' => '23,php',
  't_id' => '',
  'userId' => '1',
)
[ info ] [ DB ] INIT mysql
[ info ] [ RUN ] app\index\controller\Article->add[ C:\wamp64\www\blog\application\index\controller\Article.php ]
[ info ] [ LOG ] INIT File
[ sql ] [ DB ] CONNECT:[ UseTime:0.000765s ] mysql:host=127.0.0.1;dbname=blog;charset=utf8
[ sql ] [ SQL ] SHOW COLUMNS FROM `b_article` [ RunTime:0.001063s ]
[ sql ] [ SQL ] INSERT INTO `b_article` (`title` , `content` , `c_time` , `u_id` , `u_name` , `hit` , `c_id` , `c_title` , `t_id`) VALUES ('php反射' , '<p>反射：在运行状态中，可以获取这个类所有的属性和方法，对于任意一个对象，都能调用它的任意一个类和方法。作用，个人比较菜，还不知道。</p><p>看代码</p><pre class=\"brush:php;toolbar:false\">&lt;?php\nclass&nbsp;Person{\n&nbsp;&nbsp;&nbsp;&nbsp;protected&nbsp;$name;\n&nbsp;&nbsp;&nbsp;&nbsp;protected&nbsp;$age;\n\n&nbsp;&nbsp;&nbsp;&nbsp;public&nbsp;function&nbsp;say(){\n&nbsp;&nbsp;&nbsp;&nbsp;&nbsp;&nbsp;&nbsp;&nbsp;echo&nbsp;$this-&gt;name.&#39;&nbsp;&nbsp;&#39;.&nbsp;$this-&gt;age.&#39;&lt;hr/&gt;&#39;;\n&nbsp;&nbsp;&nbsp;&nbsp;}\n\n&nbsp;&nbsp;&nbsp;&nbsp;public&nbsp;function&nbsp;set(string&nbsp;$name,&nbsp;int&nbsp;$age){\n&nbsp;&nbsp;&nbsp;&nbsp;&nbsp;&nbsp;&nbsp;&nbsp;$this-&gt;name&nbsp;=&nbsp;$name;\n&nbsp;&nbsp;&nbsp;&nbsp;&nbsp;&nbsp;&nbsp;&nbsp;$this-&gt;age&nbsp;=&nbsp;$age;\n&nbsp;&nbsp;&nbsp;&nbsp;}\n&nbsp;&nbsp;&nbsp;&nbsp;\n&nbsp;&nbsp;&nbsp;&nbsp;public&nbsp;function&nbsp;get($name){\n&nbsp;&nbsp;&nbsp;&nbsp;&nbsp;&nbsp;&nbsp;&nbsp;if(isset($this-&gt;name)){\n&nbsp;&nbsp;&nbsp;&nbsp;&nbsp;&nbsp;&nbsp;&nbsp;&nbsp;&nbsp;&nbsp;&nbsp;echo&nbsp;$this-&gt;name;\n&nbsp;&nbsp;&nbsp;&nbsp;&nbsp;&nbsp;&nbsp;&nbsp;}else{\n&nbsp;&nbsp;&nbsp;&nbsp;&nbsp;&nbsp;&nbsp;&nbsp;&nbsp;&nbsp;&nbsp;&nbsp;echo&nbsp;&quot;请设置姓名&quot;;\n&nbsp;&nbsp;&nbsp;&nbsp;&nbsp;&nbsp;&nbsp;&nbsp;}\n&nbsp;&nbsp;&nbsp;&nbsp;}\n}\n\n$stu&nbsp;=&nbsp;new&nbsp;Person();\n$stu-&gt;set(&quot;啦啦啦&quot;,&nbsp;12);\n$stu-&gt;say();\n\n$reflect&nbsp;=&nbsp;new&nbsp;ReflectionObject($stu);\n$props&nbsp;=&nbsp;$reflect-&gt;getProperties();\nvar_dump($reflect);\nforeach&nbsp;($props&nbsp;as&nbsp;$key&nbsp;=&gt;&nbsp;$value)&nbsp;{\n&nbsp;&nbsp;&nbsp;&nbsp;var_dump($value-&gt;getName());\n}\n\n$method&nbsp;=&nbsp;$reflect-&gt;getMEthods();\nvar_dump($method);</pre><p><br/></p>' , '1558950354' , 1 , 'xk' , 0 , '23' , 'php' , '') [ RunTime:0.000683s ]
---------------------------------------------------------------
[ 2019-05-27T17:45:55+08:00 ] 59.52.207.225 POST blog_api.xukai.ink/article/list
[运行时间：0.008140s] [吞吐率：122.85req/s] [内存消耗：398.22kb] [文件加载：35]
[ info ] [ LANG ] C:\wamp64\www\blog\thinkphp\lang\zh-cn.php
[ info ] [ ROUTE ] array (
  'type' => 'module',
  'module' => 
  array (
    0 => 'index',
    1 => 'article',
    2 => 'list',
  ),
  'convert' => false,
)
[ info ] [ HEADER ] array (
  'host' => 'blog_api.xukai.ink',
  'connection' => 'keep-alive',
  'content-length' => '0',
  'accept' => '*/*',
  'origin' => 'http://blog.xukai.ink',
  'user-agent' => 'Mozilla/5.0 (Windows NT 10.0; Win64; x64) AppleWebKit/537.36 (KHTML, like Gecko) Chrome/74.0.3729.169 Safari/537.36',
  'referer' => 'http://blog.xukai.ink/admin/article.html',
  'accept-encoding' => 'gzip, deflate',
  'accept-language' => 'en-US,en;q=0.9,zh-CN;q=0.8,zh;q=0.7',
)
[ info ] [ PARAM ] array (
)
[ info ] [ DB ] INIT mysql
[ info ] [ RUN ] app\index\controller\Article->list[ C:\wamp64\www\blog\application\index\controller\Article.php ]
[ info ] [ LOG ] INIT File
[ sql ] [ DB ] CONNECT:[ UseTime:0.000915s ] mysql:host=127.0.0.1;dbname=blog;charset=utf8
[ sql ] [ SQL ] SHOW COLUMNS FROM `b_article` [ RunTime:0.001028s ]
[ sql ] [ SQL ] SELECT `id`,`title`,`c_title`,`c_time`,`hit` FROM `b_article` WHERE  `status` = 1 [ RunTime:0.000602s ]
---------------------------------------------------------------
[ 2019-05-27T17:45:56+08:00 ] 59.52.207.225 POST blog_api.xukai.ink/cate/get_d
[运行时间：0.008468s] [吞吐率：118.09req/s] [内存消耗：460.29kb] [文件加载：35]
[ info ] [ LANG ] C:\wamp64\www\blog\thinkphp\lang\zh-cn.php
[ info ] [ ROUTE ] array (
  'type' => 'module',
  'module' => 
  array (
    0 => 'index',
    1 => 'category',
    2 => 'getCategory_d',
  ),
  'convert' => false,
)
[ info ] [ HEADER ] array (
  'host' => 'blog_api.xukai.ink',
  'connection' => 'keep-alive',
  'content-length' => '0',
  'accept' => '*/*',
  'origin' => 'http://blog.xukai.ink',
  'user-agent' => 'Mozilla/5.0 (Windows NT 10.0; Win64; x64) AppleWebKit/537.36 (KHTML, like Gecko) Chrome/74.0.3729.169 Safari/537.36',
  'referer' => 'http://blog.xukai.ink/admin/article_add.html',
  'accept-encoding' => 'gzip, deflate',
  'accept-language' => 'en-US,en;q=0.9,zh-CN;q=0.8,zh;q=0.7',
)
[ info ] [ PARAM ] array (
)
[ info ] [ DB ] INIT mysql
[ info ] [ RUN ] app\index\controller\Category->getCategory_d[ C:\wamp64\www\blog\application\index\controller\Category.php ]
[ info ] [ LOG ] INIT File
[ sql ] [ DB ] CONNECT:[ UseTime:0.000877s ] mysql:host=127.0.0.1;dbname=blog;charset=utf8
[ sql ] [ SQL ] SHOW COLUMNS FROM `b_category` [ RunTime:0.000982s ]
[ sql ] [ SQL ] SELECT * FROM `b_category` WHERE  `pid` > 0 [ RunTime:0.000540s ]
---------------------------------------------------------------
[ 2019-05-27T17:45:56+08:00 ] 59.52.207.225 GET blog_api.xukai.ink/tag/get
[运行时间：0.013771s] [吞吐率：72.62req/s] [内存消耗：390.10kb] [文件加载：35]
[ info ] [ LANG ] C:\wamp64\www\blog\thinkphp\lang\zh-cn.php
[ info ] [ ROUTE ] array (
  'type' => 'module',
  'module' => 
  array (
    0 => 'index',
    1 => 'Tag',
    2 => 'get',
  ),
  'convert' => false,
)
[ info ] [ HEADER ] array (
  'host' => 'blog_api.xukai.ink',
  'connection' => 'keep-alive',
  'accept' => '*/*',
  'origin' => 'http://blog.xukai.ink',
  'user-agent' => 'Mozilla/5.0 (Windows NT 10.0; Win64; x64) AppleWebKit/537.36 (KHTML, like Gecko) Chrome/74.0.3729.169 Safari/537.36',
  'referer' => 'http://blog.xukai.ink/admin/article_add.html',
  'accept-encoding' => 'gzip, deflate',
  'accept-language' => 'en-US,en;q=0.9,zh-CN;q=0.8,zh;q=0.7',
)
[ info ] [ PARAM ] array (
)
[ info ] [ DB ] INIT mysql
[ info ] [ RUN ] app\index\controller\Tag->get[ C:\wamp64\www\blog\application\index\controller\Tag.php ]
[ info ] [ LOG ] INIT File
[ sql ] [ DB ] CONNECT:[ UseTime:0.001001s ] mysql:host=127.0.0.1;dbname=blog;charset=utf8
[ sql ] [ SQL ] SHOW COLUMNS FROM `b_tag` [ RunTime:0.001163s ]
[ sql ] [ SQL ] SELECT * FROM `b_tag` WHERE  (  id>=1 ) [ RunTime:0.001856s ]
---------------------------------------------------------------
[ 2019-05-27T17:45:58+08:00 ] 59.52.207.225 POST blog_api.xukai.ink/cate/get_cs
[运行时间：0.011204s] [吞吐率：89.25req/s] [内存消耗：461.61kb] [文件加载：35]
[ info ] [ LANG ] C:\wamp64\www\blog\thinkphp\lang\zh-cn.php
[ info ] [ ROUTE ] array (
  'type' => 'module',
  'module' => 
  array (
    0 => 'index',
    1 => 'category',
    2 => 'getCategory_s',
  ),
  'convert' => false,
)
[ info ] [ HEADER ] array (
  'host' => 'blog_api.xukai.ink',
  'connection' => 'keep-alive',
  'content-length' => '0',
  'accept' => '*/*',
  'origin' => 'http://blog.xukai.ink',
  'user-agent' => 'Mozilla/5.0 (Windows NT 10.0; Win64; x64) AppleWebKit/537.36 (KHTML, like Gecko) Chrome/74.0.3729.169 Safari/537.36',
  'referer' => 'http://blog.xukai.ink/',
  'accept-encoding' => 'gzip, deflate',
  'accept-language' => 'en-US,en;q=0.9,zh-CN;q=0.8,zh;q=0.7',
)
[ info ] [ PARAM ] array (
)
[ info ] [ DB ] INIT mysql
[ info ] [ RUN ] app\index\controller\Category->getCategory_s[ C:\wamp64\www\blog\application\index\controller\Category.php ]
[ info ] [ LOG ] INIT File
[ sql ] [ DB ] CONNECT:[ UseTime:0.001001s ] mysql:host=127.0.0.1;dbname=blog;charset=utf8
[ sql ] [ SQL ] SHOW COLUMNS FROM `b_category` [ RunTime:0.001081s ]
[ sql ] [ SQL ] SELECT * FROM `b_category` WHERE  `pid` = 0 [ RunTime:0.000584s ]
[ sql ] [ SQL ] SELECT * FROM `b_category` WHERE  `pid` > 0 [ RunTime:0.000549s ]
---------------------------------------------------------------
[ 2019-05-27T17:45:58+08:00 ] 59.52.207.225 POST blog_api.xukai.ink/article/get_list
[运行时间：0.012840s] [吞吐率：77.88req/s] [内存消耗：419.62kb] [文件加载：38]
[ info ] [ LANG ] C:\wamp64\www\blog\thinkphp\lang\zh-cn.php
[ info ] [ ROUTE ] array (
  'type' => 'module',
  'module' => 
  array (
    0 => 'index',
    1 => 'article',
    2 => 'get_list',
  ),
  'convert' => false,
)
[ info ] [ HEADER ] array (
  'host' => 'blog_api.xukai.ink',
  'connection' => 'keep-alive',
  'content-length' => '0',
  'accept' => '*/*',
  'origin' => 'http://blog.xukai.ink',
  'user-agent' => 'Mozilla/5.0 (Windows NT 10.0; Win64; x64) AppleWebKit/537.36 (KHTML, like Gecko) Chrome/74.0.3729.169 Safari/537.36',
  'referer' => 'http://blog.xukai.ink/',
  'accept-encoding' => 'gzip, deflate',
  'accept-language' => 'en-US,en;q=0.9,zh-CN;q=0.8,zh;q=0.7',
)
[ info ] [ PARAM ] array (
)
[ info ] [ DB ] INIT mysql
[ info ] [ RUN ] app\index\controller\Article->get_list[ C:\wamp64\www\blog\application\index\controller\Article.php ]
[ info ] [ LOG ] INIT File
[ sql ] [ DB ] CONNECT:[ UseTime:0.001001s ] mysql:host=127.0.0.1;dbname=blog;charset=utf8
[ sql ] [ SQL ] SHOW COLUMNS FROM `b_tag` [ RunTime:0.000937s ]
[ sql ] [ SQL ] SELECT * FROM `b_tag` WHERE  (  id>=1 ) [ RunTime:0.000586s ]
[ sql ] [ SQL ] SHOW COLUMNS FROM `common` [ RunTime:0.000844s ]
[ sql ] [ SQL ] SELECT article_id, count(article_id) as num FROM `common` GROUP BY `article_id` [ RunTime:0.000474s ]
[ sql ] [ SQL ] SHOW COLUMNS FROM `b_article` [ RunTime:0.000886s ]
[ sql ] [ SQL ] SELECT `id`,`title`,`u_name`,`hit`,`c_id`,`c_title`,`t_id`,`c_time` FROM `b_article` WHERE  `status` = 1 ORDER BY `c_time` DESC [ RunTime:0.000835s ]
---------------------------------------------------------------
[ 2019-05-27T17:45:58+08:00 ] 59.52.207.225 POST blog_api.xukai.ink/user/isLogin
[运行时间：0.008679s] [吞吐率：115.22req/s] [内存消耗：184.50kb] [文件加载：24]
[ info ] [ LANG ] C:\wamp64\www\blog\thinkphp\lang\zh-cn.php
[ info ] [ ROUTE ] array (
  'type' => 'module',
  'module' => 
  array (
    0 => 'index',
    1 => 'user',
    2 => 'isLogin',
  ),
  'convert' => false,
)
[ info ] [ HEADER ] array (
  'host' => 'blog_api.xukai.ink',
  'connection' => 'keep-alive',
  'content-length' => '8',
  'accept' => '*/*',
  'origin' => 'http://blog.xukai.ink',
  'user-agent' => 'Mozilla/5.0 (Windows NT 10.0; Win64; x64) AppleWebKit/537.36 (KHTML, like Gecko) Chrome/74.0.3729.169 Safari/537.36',
  'content-type' => 'application/x-www-form-urlencoded; charset=UTF-8',
  'referer' => 'http://blog.xukai.ink/',
  'accept-encoding' => 'gzip, deflate',
  'accept-language' => 'en-US,en;q=0.9,zh-CN;q=0.8,zh;q=0.7',
)
[ info ] [ PARAM ] array (
  'userId' => '1',
)
[ info ] [ RUN ] app\index\controller\User->isLogin[ C:\wamp64\www\blog\application\index\controller\User.php ]
[ info ] [ LOG ] INIT File
---------------------------------------------------------------
[ 2019-05-27T17:45:59+08:00 ] 59.52.207.225 POST blog_api.xukai.ink/cate/get_cs
[运行时间：0.025142s] [吞吐率：39.77req/s] [内存消耗：461.61kb] [文件加载：35]
[ info ] [ LANG ] C:\wamp64\www\blog\thinkphp\lang\zh-cn.php
[ info ] [ ROUTE ] array (
  'type' => 'module',
  'module' => 
  array (
    0 => 'index',
    1 => 'category',
    2 => 'getCategory_s',
  ),
  'convert' => false,
)
[ info ] [ HEADER ] array (
  'host' => 'blog_api.xukai.ink',
  'connection' => 'keep-alive',
  'content-length' => '0',
  'accept' => '*/*',
  'origin' => 'http://blog.xukai.ink',
  'user-agent' => 'Mozilla/5.0 (Windows NT 10.0; Win64; x64) AppleWebKit/537.36 (KHTML, like Gecko) Chrome/74.0.3729.169 Safari/537.36',
  'referer' => 'http://blog.xukai.ink/',
  'accept-encoding' => 'gzip, deflate',
  'accept-language' => 'en-US,en;q=0.9,zh-CN;q=0.8,zh;q=0.7',
)
[ info ] [ PARAM ] array (
)
[ info ] [ DB ] INIT mysql
[ info ] [ RUN ] app\index\controller\Category->getCategory_s[ C:\wamp64\www\blog\application\index\controller\Category.php ]
[ info ] [ LOG ] INIT File
[ sql ] [ DB ] CONNECT:[ UseTime:0.015144s ] mysql:host=127.0.0.1;dbname=blog;charset=utf8
[ sql ] [ SQL ] SHOW COLUMNS FROM `b_category` [ RunTime:0.001038s ]
[ sql ] [ SQL ] SELECT * FROM `b_category` WHERE  `pid` = 0 [ RunTime:0.000560s ]
[ sql ] [ SQL ] SELECT * FROM `b_category` WHERE  `pid` > 0 [ RunTime:0.000548s ]
---------------------------------------------------------------
[ 2019-05-27T17:45:59+08:00 ] 59.52.207.225 POST blog_api.xukai.ink/article/get_list
[运行时间：0.025819s] [吞吐率：38.73req/s] [内存消耗：419.62kb] [文件加载：38]
[ info ] [ LANG ] C:\wamp64\www\blog\thinkphp\lang\zh-cn.php
[ info ] [ ROUTE ] array (
  'type' => 'module',
  'module' => 
  array (
    0 => 'index',
    1 => 'article',
    2 => 'get_list',
  ),
  'convert' => false,
)
[ info ] [ HEADER ] array (
  'host' => 'blog_api.xukai.ink',
  'connection' => 'keep-alive',
  'content-length' => '0',
  'accept' => '*/*',
  'origin' => 'http://blog.xukai.ink',
  'user-agent' => 'Mozilla/5.0 (Windows NT 10.0; Win64; x64) AppleWebKit/537.36 (KHTML, like Gecko) Chrome/74.0.3729.169 Safari/537.36',
  'referer' => 'http://blog.xukai.ink/',
  'accept-encoding' => 'gzip, deflate',
  'accept-language' => 'en-US,en;q=0.9,zh-CN;q=0.8,zh;q=0.7',
)
[ info ] [ PARAM ] array (
)
[ info ] [ DB ] INIT mysql
[ info ] [ RUN ] app\index\controller\Article->get_list[ C:\wamp64\www\blog\application\index\controller\Article.php ]
[ info ] [ LOG ] INIT File
[ sql ] [ DB ] CONNECT:[ UseTime:0.013656s ] mysql:host=127.0.0.1;dbname=blog;charset=utf8
[ sql ] [ SQL ] SHOW COLUMNS FROM `b_tag` [ RunTime:0.000836s ]
[ sql ] [ SQL ] SELECT * FROM `b_tag` WHERE  (  id>=1 ) [ RunTime:0.000434s ]
[ sql ] [ SQL ] SHOW COLUMNS FROM `common` [ RunTime:0.000866s ]
[ sql ] [ SQL ] SELECT article_id, count(article_id) as num FROM `common` GROUP BY `article_id` [ RunTime:0.000616s ]
[ sql ] [ SQL ] SHOW COLUMNS FROM `b_article` [ RunTime:0.001181s ]
[ sql ] [ SQL ] SELECT `id`,`title`,`u_name`,`hit`,`c_id`,`c_title`,`t_id`,`c_time` FROM `b_article` WHERE  `status` = 1 ORDER BY `c_time` DESC [ RunTime:0.001176s ]
---------------------------------------------------------------
[ 2019-05-27T17:45:59+08:00 ] 59.52.207.225 POST blog_api.xukai.ink/user/isLogin
[运行时间：0.020393s] [吞吐率：49.04req/s] [内存消耗：184.50kb] [文件加载：24]
[ info ] [ LANG ] C:\wamp64\www\blog\thinkphp\lang\zh-cn.php
[ info ] [ ROUTE ] array (
  'type' => 'module',
  'module' => 
  array (
    0 => 'index',
    1 => 'user',
    2 => 'isLogin',
  ),
  'convert' => false,
)
[ info ] [ HEADER ] array (
  'host' => 'blog_api.xukai.ink',
  'connection' => 'keep-alive',
  'content-length' => '8',
  'accept' => '*/*',
  'origin' => 'http://blog.xukai.ink',
  'user-agent' => 'Mozilla/5.0 (Windows NT 10.0; Win64; x64) AppleWebKit/537.36 (KHTML, like Gecko) Chrome/74.0.3729.169 Safari/537.36',
  'content-type' => 'application/x-www-form-urlencoded; charset=UTF-8',
  'referer' => 'http://blog.xukai.ink/',
  'accept-encoding' => 'gzip, deflate',
  'accept-language' => 'en-US,en;q=0.9,zh-CN;q=0.8,zh;q=0.7',
)
[ info ] [ PARAM ] array (
  'userId' => '1',
)
[ info ] [ RUN ] app\index\controller\User->isLogin[ C:\wamp64\www\blog\application\index\controller\User.php ]
[ info ] [ LOG ] INIT File
---------------------------------------------------------------
[ 2019-05-27T17:48:22+08:00 ] 59.52.207.225 POST blog_api.xukai.ink/cate/get_cs
[运行时间：0.028282s] [吞吐率：35.36req/s] [内存消耗：461.61kb] [文件加载：35]
[ info ] [ LANG ] C:\wamp64\www\blog\thinkphp\lang\zh-cn.php
[ info ] [ ROUTE ] array (
  'type' => 'module',
  'module' => 
  array (
    0 => 'index',
    1 => 'category',
    2 => 'getCategory_s',
  ),
  'convert' => false,
)
[ info ] [ HEADER ] array (
  'host' => 'blog_api.xukai.ink',
  'connection' => 'keep-alive',
  'content-length' => '0',
  'accept' => '*/*',
  'origin' => 'http://blog.xukai.ink',
  'user-agent' => 'Mozilla/5.0 (Windows NT 10.0; Win64; x64) AppleWebKit/537.36 (KHTML, like Gecko) Chrome/74.0.3729.169 Safari/537.36',
  'referer' => 'http://blog.xukai.ink/',
  'accept-encoding' => 'gzip, deflate',
  'accept-language' => 'en-US,en;q=0.9,zh-CN;q=0.8,zh;q=0.7',
)
[ info ] [ PARAM ] array (
)
[ info ] [ DB ] INIT mysql
[ info ] [ RUN ] app\index\controller\Category->getCategory_s[ C:\wamp64\www\blog\application\index\controller\Category.php ]
[ info ] [ LOG ] INIT File
[ sql ] [ DB ] CONNECT:[ UseTime:0.014141s ] mysql:host=127.0.0.1;dbname=blog;charset=utf8
[ sql ] [ SQL ] SHOW COLUMNS FROM `b_category` [ RunTime:0.001070s ]
[ sql ] [ SQL ] SELECT * FROM `b_category` WHERE  `pid` = 0 [ RunTime:0.000498s ]
[ sql ] [ SQL ] SELECT * FROM `b_category` WHERE  `pid` > 0 [ RunTime:0.000483s ]
---------------------------------------------------------------
[ 2019-05-27T17:48:22+08:00 ] 59.52.207.225 POST blog_api.xukai.ink/article/get_list
[运行时间：0.024694s] [吞吐率：40.50req/s] [内存消耗：419.62kb] [文件加载：38]
[ info ] [ LANG ] C:\wamp64\www\blog\thinkphp\lang\zh-cn.php
[ info ] [ ROUTE ] array (
  'type' => 'module',
  'module' => 
  array (
    0 => 'index',
    1 => 'article',
    2 => 'get_list',
  ),
  'convert' => false,
)
[ info ] [ HEADER ] array (
  'host' => 'blog_api.xukai.ink',
  'connection' => 'keep-alive',
  'content-length' => '0',
  'accept' => '*/*',
  'origin' => 'http://blog.xukai.ink',
  'user-agent' => 'Mozilla/5.0 (Windows NT 10.0; Win64; x64) AppleWebKit/537.36 (KHTML, like Gecko) Chrome/74.0.3729.169 Safari/537.36',
  'referer' => 'http://blog.xukai.ink/',
  'accept-encoding' => 'gzip, deflate',
  'accept-language' => 'en-US,en;q=0.9,zh-CN;q=0.8,zh;q=0.7',
)
[ info ] [ PARAM ] array (
)
[ info ] [ DB ] INIT mysql
[ info ] [ RUN ] app\index\controller\Article->get_list[ C:\wamp64\www\blog\application\index\controller\Article.php ]
[ info ] [ LOG ] INIT File
[ sql ] [ DB ] CONNECT:[ UseTime:0.007031s ] mysql:host=127.0.0.1;dbname=blog;charset=utf8
[ sql ] [ SQL ] SHOW COLUMNS FROM `b_tag` [ RunTime:0.000795s ]
[ sql ] [ SQL ] SELECT * FROM `b_tag` WHERE  (  id>=1 ) [ RunTime:0.000449s ]
[ sql ] [ SQL ] SHOW COLUMNS FROM `common` [ RunTime:0.000799s ]
[ sql ] [ SQL ] SELECT article_id, count(article_id) as num FROM `common` GROUP BY `article_id` [ RunTime:0.000548s ]
[ sql ] [ SQL ] SHOW COLUMNS FROM `b_article` [ RunTime:0.000892s ]
[ sql ] [ SQL ] SELECT `id`,`title`,`u_name`,`hit`,`c_id`,`c_title`,`t_id`,`c_time` FROM `b_article` WHERE  `status` = 1 ORDER BY `c_time` DESC [ RunTime:0.000817s ]
---------------------------------------------------------------
[ 2019-05-27T17:48:22+08:00 ] 59.52.207.225 POST blog_api.xukai.ink/user/isLogin
[运行时间：0.006513s] [吞吐率：153.54req/s] [内存消耗：184.50kb] [文件加载：24]
[ info ] [ LANG ] C:\wamp64\www\blog\thinkphp\lang\zh-cn.php
[ info ] [ ROUTE ] array (
  'type' => 'module',
  'module' => 
  array (
    0 => 'index',
    1 => 'user',
    2 => 'isLogin',
  ),
  'convert' => false,
)
[ info ] [ HEADER ] array (
  'host' => 'blog_api.xukai.ink',
  'connection' => 'keep-alive',
  'content-length' => '8',
  'accept' => '*/*',
  'origin' => 'http://blog.xukai.ink',
  'user-agent' => 'Mozilla/5.0 (Windows NT 10.0; Win64; x64) AppleWebKit/537.36 (KHTML, like Gecko) Chrome/74.0.3729.169 Safari/537.36',
  'content-type' => 'application/x-www-form-urlencoded; charset=UTF-8',
  'referer' => 'http://blog.xukai.ink/',
  'accept-encoding' => 'gzip, deflate',
  'accept-language' => 'en-US,en;q=0.9,zh-CN;q=0.8,zh;q=0.7',
)
[ info ] [ PARAM ] array (
  'userId' => '1',
)
[ info ] [ RUN ] app\index\controller\User->isLogin[ C:\wamp64\www\blog\application\index\controller\User.php ]
[ info ] [ LOG ] INIT File
