---------------------------------------------------------------
[ 2019-03-19T19:42:35+08:00 ] 192.168.238.1 GET 192.168.238.144/blog/public/?model_id+trans_3=2&keywords=very
[运行时间：0.009843s] [吞吐率：101.59req/s] [内存消耗：143.16kb] [文件加载：34]
[ info ] [ LANG ] /usr/share/nginx/html/blog/thinkphp/lang/zh-cn.php
[ info ] [ ROUTE ] array (
  'type' => 'module',
  'module' => 
  array (
    0 => '',
    1 => NULL,
    2 => NULL,
  ),
)
[ info ] [ HEADER ] array (
  'cookie' => 'thinkphp_show_page_trace=0|4',
  'accept-language' => 'zh-CN,zh;q=0.9',
  'accept-encoding' => 'gzip, deflate',
  'referer' => 'http://192.168.238.144/blog/public/',
  'accept' => 'text/html,application/xhtml+xml,application/xml;q=0.9,image/webp,image/apng,*/*;q=0.8,application/signed-exchange;v=b3',
  'user-agent' => 'Mozilla/5.0 (Windows NT 10.0; Win64; x64) AppleWebKit/537.36 (KHTML, like Gecko) Chrome/73.0.3683.75 Safari/537.36',
  'upgrade-insecure-requests' => '1',
  'cache-control' => 'max-age=0',
  'connection' => 'keep-alive',
  'host' => '192.168.238.144',
  'content-type' => '',
  'content-length' => '',
)
[ info ] [ PARAM ] array (
  'model_id_trans_3' => '2',
  'keywords' => 'very',
)
[ info ] [ LOG ] INIT File
[ error ] [0]语法解析错误: syntax error, unexpected '}'[/usr/share/nginx/html/blog/application/home/controller/Index.php:33]
---------------------------------------------------------------
[ 2019-03-19T19:42:51+08:00 ] 192.168.238.1 GET 192.168.238.144/blog/public/?model_id+trans_3=2&keywords=very
[运行时间：0.560110s] [吞吐率：1.79req/s] [内存消耗：493.45kb] [文件加载：50]
[ info ] [ LANG ] /usr/share/nginx/html/blog/thinkphp/lang/zh-cn.php
[ info ] [ ROUTE ] array (
  'type' => 'module',
  'module' => 
  array (
    0 => '',
    1 => NULL,
    2 => NULL,
  ),
)
[ info ] [ HEADER ] array (
  'cookie' => 'thinkphp_show_page_trace=0|4',
  'accept-language' => 'zh-CN,zh;q=0.9',
  'accept-encoding' => 'gzip, deflate',
  'referer' => 'http://192.168.238.144/blog/public/',
  'accept' => 'text/html,application/xhtml+xml,application/xml;q=0.9,image/webp,image/apng,*/*;q=0.8,application/signed-exchange;v=b3',
  'user-agent' => 'Mozilla/5.0 (Windows NT 10.0; Win64; x64) AppleWebKit/537.36 (KHTML, like Gecko) Chrome/73.0.3683.75 Safari/537.36',
  'upgrade-insecure-requests' => '1',
  'cache-control' => 'max-age=0',
  'connection' => 'keep-alive',
  'host' => '192.168.238.144',
  'content-type' => '',
  'content-length' => '',
)
[ info ] [ PARAM ] array (
  'model_id_trans_3' => '2',
  'keywords' => 'very',
)
[ info ] [ RUN ] app\home\controller\index->index[ /usr/share/nginx/html/blog/application/home/controller/Index.php ]
[ info ] [ DB ] INIT mysql
[ info ] [ VIEW ] /usr/share/nginx/html/blog/public/../application/home/view/index/index.html [ array (
  0 => 'nav',
) ]
[ info ] [ LOG ] INIT File
[ sql ] [ DB ] CONNECT:[ UseTime:0.126455s ] mysql:host=39.106.158.118;dbname=blog;charset=utf8
[ sql ] [ SQL ] SHOW COLUMNS FROM `b_category` [ RunTime:0.203295s ]
[ sql ] [ SQL ] SELECT * FROM `b_category` [ RunTime:0.209022s ]
---------------------------------------------------------------
[ 2019-03-19T19:45:47+08:00 ] 192.168.238.1 GET 192.168.238.144/blog/public/?model_id+trans_3=2&keywords=very
[运行时间：0.460205s] [吞吐率：2.17req/s] [内存消耗：494.10kb] [文件加载：51]
[ info ] [ LANG ] /usr/share/nginx/html/blog/thinkphp/lang/zh-cn.php
[ info ] [ ROUTE ] array (
  'type' => 'module',
  'module' => 
  array (
    0 => '',
    1 => NULL,
    2 => NULL,
  ),
)
[ info ] [ HEADER ] array (
  'cookie' => 'thinkphp_show_page_trace=0|4',
  'accept-language' => 'zh-CN,zh;q=0.9',
  'accept-encoding' => 'gzip, deflate',
  'referer' => 'http://192.168.238.144/blog/public/',
  'accept' => 'text/html,application/xhtml+xml,application/xml;q=0.9,image/webp,image/apng,*/*;q=0.8,application/signed-exchange;v=b3',
  'user-agent' => 'Mozilla/5.0 (Windows NT 10.0; Win64; x64) AppleWebKit/537.36 (KHTML, like Gecko) Chrome/73.0.3683.75 Safari/537.36',
  'upgrade-insecure-requests' => '1',
  'cache-control' => 'max-age=0',
  'connection' => 'keep-alive',
  'host' => '192.168.238.144',
  'content-type' => '',
  'content-length' => '',
)
[ info ] [ PARAM ] array (
  'model_id_trans_3' => '2',
  'keywords' => 'very',
)
[ info ] [ RUN ] app\home\controller\index->index[ /usr/share/nginx/html/blog/application/home/controller/Index.php ]
[ info ] [ DB ] INIT mysql
[ info ] [ VIEW ] /usr/share/nginx/html/blog/public/../application/home/view/index/index.html [ array (
  0 => 'nav',
) ]
[ info ] [ LOG ] INIT File
[ sql ] [ DB ] CONNECT:[ UseTime:0.178270s ] mysql:host=39.106.158.118;dbname=blog;charset=utf8
[ sql ] [ SQL ] SHOW COLUMNS FROM `b_category` [ RunTime:0.101625s ]
[ sql ] [ SQL ] SELECT * FROM `b_category` [ RunTime:0.142059s ]
---------------------------------------------------------------
[ 2019-03-19T19:45:54+08:00 ] 192.168.238.1 GET 192.168.238.144/blog/public/?model_id+trans_3=2&keywords=very
[运行时间：0.482754s] [吞吐率：2.07req/s] [内存消耗：465.88kb] [文件加载：49]
[ info ] [ LANG ] /usr/share/nginx/html/blog/thinkphp/lang/zh-cn.php
[ info ] [ ROUTE ] array (
  'type' => 'module',
  'module' => 
  array (
    0 => '',
    1 => NULL,
    2 => NULL,
  ),
)
[ info ] [ HEADER ] array (
  'cookie' => 'thinkphp_show_page_trace=0|4',
  'accept-language' => 'zh-CN,zh;q=0.9',
  'accept-encoding' => 'gzip, deflate',
  'referer' => 'http://192.168.238.144/blog/public/',
  'accept' => 'text/html,application/xhtml+xml,application/xml;q=0.9,image/webp,image/apng,*/*;q=0.8,application/signed-exchange;v=b3',
  'user-agent' => 'Mozilla/5.0 (Windows NT 10.0; Win64; x64) AppleWebKit/537.36 (KHTML, like Gecko) Chrome/73.0.3683.75 Safari/537.36',
  'upgrade-insecure-requests' => '1',
  'cache-control' => 'max-age=0',
  'connection' => 'keep-alive',
  'host' => '192.168.238.144',
  'content-type' => '',
  'content-length' => '',
)
[ info ] [ PARAM ] array (
  'model_id_trans_3' => '2',
  'keywords' => 'very',
)
[ info ] [ RUN ] app\home\controller\index->index[ /usr/share/nginx/html/blog/application/home/controller/Index.php ]
[ info ] [ DB ] INIT mysql
[ info ] [ VIEW ] /usr/share/nginx/html/blog/public/../application/home/view/index/index.html [ array (
  0 => 'nav',
) ]
[ info ] [ LOG ] INIT File
[ sql ] [ DB ] CONNECT:[ UseTime:0.168578s ] mysql:host=39.106.158.118;dbname=blog;charset=utf8
[ sql ] [ SQL ] SHOW COLUMNS FROM `b_category` [ RunTime:0.100917s ]
[ sql ] [ SQL ] SELECT * FROM `b_category` [ RunTime:0.202907s ]
---------------------------------------------------------------
[ 2019-03-19T19:46:11+08:00 ] 192.168.238.1 GET 192.168.238.144/blog/public/
[运行时间：0.477291s] [吞吐率：2.10req/s] [内存消耗：464.02kb] [文件加载：49]
[ info ] [ LANG ] /usr/share/nginx/html/blog/thinkphp/lang/zh-cn.php
[ info ] [ ROUTE ] array (
  'type' => 'module',
  'module' => 
  array (
    0 => '',
    1 => NULL,
    2 => NULL,
  ),
)
[ info ] [ HEADER ] array (
  'cookie' => 'thinkphp_show_page_trace=0|4',
  'accept-language' => 'zh-CN,zh;q=0.9',
  'accept-encoding' => 'gzip, deflate',
  'accept' => 'text/html,application/xhtml+xml,application/xml;q=0.9,image/webp,image/apng,*/*;q=0.8,application/signed-exchange;v=b3',
  'user-agent' => 'Mozilla/5.0 (Windows NT 10.0; Win64; x64) AppleWebKit/537.36 (KHTML, like Gecko) Chrome/73.0.3683.75 Safari/537.36',
  'upgrade-insecure-requests' => '1',
  'connection' => 'keep-alive',
  'host' => '192.168.238.144',
  'content-type' => '',
  'content-length' => '',
)
[ info ] [ PARAM ] array (
)
[ info ] [ RUN ] app\home\controller\index->index[ /usr/share/nginx/html/blog/application/home/controller/Index.php ]
[ info ] [ DB ] INIT mysql
[ info ] [ VIEW ] /usr/share/nginx/html/blog/public/../application/home/view/index/index.html [ array (
  0 => 'nav',
) ]
[ info ] [ LOG ] INIT File
[ sql ] [ DB ] CONNECT:[ UseTime:0.164730s ] mysql:host=39.106.158.118;dbname=blog;charset=utf8
[ sql ] [ SQL ] SHOW COLUMNS FROM `b_category` [ RunTime:0.102872s ]
[ sql ] [ SQL ] SELECT * FROM `b_category` [ RunTime:0.202844s ]
---------------------------------------------------------------
[ 2019-03-19T19:56:11+08:00 ] 192.168.238.1 GET 192.168.238.144/blog/public/
[运行时间：0.467061s] [吞吐率：2.14req/s] [内存消耗：493.30kb] [文件加载：51]
[ info ] [ LANG ] /usr/share/nginx/html/blog/thinkphp/lang/zh-cn.php
[ info ] [ ROUTE ] array (
  'type' => 'module',
  'module' => 
  array (
    0 => '',
    1 => NULL,
    2 => NULL,
  ),
)
[ info ] [ HEADER ] array (
  'cookie' => 'thinkphp_show_page_trace=0|4',
  'accept-language' => 'zh-CN,zh;q=0.9',
  'accept-encoding' => 'gzip, deflate',
  'accept' => 'text/html,application/xhtml+xml,application/xml;q=0.9,image/webp,image/apng,*/*;q=0.8,application/signed-exchange;v=b3',
  'user-agent' => 'Mozilla/5.0 (Windows NT 10.0; Win64; x64) AppleWebKit/537.36 (KHTML, like Gecko) Chrome/73.0.3683.75 Safari/537.36',
  'upgrade-insecure-requests' => '1',
  'cache-control' => 'max-age=0',
  'connection' => 'keep-alive',
  'host' => '192.168.238.144',
  'content-type' => '',
  'content-length' => '',
)
[ info ] [ PARAM ] array (
)
[ info ] [ RUN ] app\home\controller\index->index[ /usr/share/nginx/html/blog/application/home/controller/Index.php ]
[ info ] [ DB ] INIT mysql
[ info ] [ VIEW ] /usr/share/nginx/html/blog/public/../application/home/view/index/index.html [ array (
  0 => 'nav',
) ]
[ info ] [ LOG ] INIT File
[ sql ] [ DB ] CONNECT:[ UseTime:0.125319s ] mysql:host=39.106.158.118;dbname=blog;charset=utf8
[ sql ] [ SQL ] SHOW COLUMNS FROM `b_category` [ RunTime:0.097688s ]
[ sql ] [ SQL ] SELECT * FROM `b_category` [ RunTime:0.201131s ]
---------------------------------------------------------------
[ 2019-03-19T20:00:35+08:00 ] 192.168.238.1 GET 192.168.238.144/blog/public/
[运行时间：0.519591s] [吞吐率：1.92req/s] [内存消耗：465.23kb] [文件加载：49]
[ info ] [ LANG ] /usr/share/nginx/html/blog/thinkphp/lang/zh-cn.php
[ info ] [ ROUTE ] array (
  'type' => 'module',
  'module' => 
  array (
    0 => '',
    1 => NULL,
    2 => NULL,
  ),
)
[ info ] [ HEADER ] array (
  'cookie' => 'thinkphp_show_page_trace=0|4',
  'accept-language' => 'zh-CN,zh;q=0.9',
  'accept-encoding' => 'gzip, deflate',
  'accept' => 'text/html,application/xhtml+xml,application/xml;q=0.9,image/webp,image/apng,*/*;q=0.8,application/signed-exchange;v=b3',
  'user-agent' => 'Mozilla/5.0 (Windows NT 10.0; Win64; x64) AppleWebKit/537.36 (KHTML, like Gecko) Chrome/73.0.3683.75 Safari/537.36',
  'upgrade-insecure-requests' => '1',
  'connection' => 'keep-alive',
  'host' => '192.168.238.144',
  'content-type' => '',
  'content-length' => '',
)
[ info ] [ PARAM ] array (
)
[ info ] [ RUN ] app\home\controller\index->index[ /usr/share/nginx/html/blog/application/home/controller/Index.php ]
[ info ] [ DB ] INIT mysql
[ info ] [ VIEW ] /usr/share/nginx/html/blog/public/../application/home/view/index/index.html [ array (
  0 => 'nav',
) ]
[ info ] [ LOG ] INIT File
[ sql ] [ DB ] CONNECT:[ UseTime:0.187769s ] mysql:host=39.106.158.118;dbname=blog;charset=utf8
[ sql ] [ SQL ] SHOW COLUMNS FROM `b_category` [ RunTime:0.103377s ]
[ sql ] [ SQL ] SELECT * FROM `b_category` [ RunTime:0.202937s ]
---------------------------------------------------------------
[ 2019-03-19T20:03:56+08:00 ] 192.168.238.1 GET 192.168.238.144/blog/public/
[运行时间：0.459319s] [吞吐率：2.18req/s] [内存消耗：464.02kb] [文件加载：49]
[ info ] [ LANG ] /usr/share/nginx/html/blog/thinkphp/lang/zh-cn.php
[ info ] [ ROUTE ] array (
  'type' => 'module',
  'module' => 
  array (
    0 => '',
    1 => NULL,
    2 => NULL,
  ),
)
[ info ] [ HEADER ] array (
  'cookie' => 'thinkphp_show_page_trace=0|4',
  'accept-language' => 'zh-CN,zh;q=0.9',
  'accept-encoding' => 'gzip, deflate',
  'accept' => 'text/html,application/xhtml+xml,application/xml;q=0.9,image/webp,image/apng,*/*;q=0.8,application/signed-exchange;v=b3',
  'user-agent' => 'Mozilla/5.0 (Windows NT 10.0; Win64; x64) AppleWebKit/537.36 (KHTML, like Gecko) Chrome/73.0.3683.75 Safari/537.36',
  'upgrade-insecure-requests' => '1',
  'connection' => 'keep-alive',
  'host' => '192.168.238.144',
  'content-type' => '',
  'content-length' => '',
)
[ info ] [ PARAM ] array (
)
[ info ] [ RUN ] app\home\controller\index->index[ /usr/share/nginx/html/blog/application/home/controller/Index.php ]
[ info ] [ DB ] INIT mysql
[ info ] [ VIEW ] /usr/share/nginx/html/blog/public/../application/home/view/index/index.html [ array (
  0 => 'nav',
) ]
[ info ] [ LOG ] INIT File
[ sql ] [ DB ] CONNECT:[ UseTime:0.142220s ] mysql:host=39.106.158.118;dbname=blog;charset=utf8
[ sql ] [ SQL ] SHOW COLUMNS FROM `b_category` [ RunTime:0.103266s ]
[ sql ] [ SQL ] SELECT * FROM `b_category` [ RunTime:0.203788s ]
---------------------------------------------------------------
[ 2019-03-19T20:14:03+08:00 ] 192.168.238.1 GET 192.168.238.144/blog/public/
[运行时间：0.509213s] [吞吐率：1.96req/s] [内存消耗：464.02kb] [文件加载：49]
[ info ] [ LANG ] /usr/share/nginx/html/blog/thinkphp/lang/zh-cn.php
[ info ] [ ROUTE ] array (
  'type' => 'module',
  'module' => 
  array (
    0 => '',
    1 => NULL,
    2 => NULL,
  ),
)
[ info ] [ HEADER ] array (
  'cookie' => 'thinkphp_show_page_trace=0|4',
  'accept-language' => 'zh-CN,zh;q=0.9',
  'accept-encoding' => 'gzip, deflate',
  'accept' => 'text/html,application/xhtml+xml,application/xml;q=0.9,image/webp,image/apng,*/*;q=0.8,application/signed-exchange;v=b3',
  'user-agent' => 'Mozilla/5.0 (Windows NT 10.0; Win64; x64) AppleWebKit/537.36 (KHTML, like Gecko) Chrome/73.0.3683.75 Safari/537.36',
  'upgrade-insecure-requests' => '1',
  'connection' => 'keep-alive',
  'host' => '192.168.238.144',
  'content-type' => '',
  'content-length' => '',
)
[ info ] [ PARAM ] array (
)
[ info ] [ RUN ] app\home\controller\index->index[ /usr/share/nginx/html/blog/application/home/controller/Index.php ]
[ info ] [ DB ] INIT mysql
[ info ] [ VIEW ] /usr/share/nginx/html/blog/public/../application/home/view/index/index.html [ array (
  0 => 'nav',
) ]
[ info ] [ LOG ] INIT File
[ sql ] [ DB ] CONNECT:[ UseTime:0.192940s ] mysql:host=39.106.158.118;dbname=blog;charset=utf8
[ sql ] [ SQL ] SHOW COLUMNS FROM `b_category` [ RunTime:0.101679s ]
[ sql ] [ SQL ] SELECT * FROM `b_category` [ RunTime:0.204492s ]
---------------------------------------------------------------
[ 2019-03-19T20:14:32+08:00 ] 192.168.238.1 GET 192.168.238.144/blog/public/
[运行时间：0.476540s] [吞吐率：2.10req/s] [内存消耗：464.02kb] [文件加载：49]
[ info ] [ LANG ] /usr/share/nginx/html/blog/thinkphp/lang/zh-cn.php
[ info ] [ ROUTE ] array (
  'type' => 'module',
  'module' => 
  array (
    0 => '',
    1 => NULL,
    2 => NULL,
  ),
)
[ info ] [ HEADER ] array (
  'cookie' => 'thinkphp_show_page_trace=0|4',
  'accept-language' => 'zh-CN,zh;q=0.9',
  'accept-encoding' => 'gzip, deflate',
  'accept' => 'text/html,application/xhtml+xml,application/xml;q=0.9,image/webp,image/apng,*/*;q=0.8,application/signed-exchange;v=b3',
  'user-agent' => 'Mozilla/5.0 (Windows NT 10.0; Win64; x64) AppleWebKit/537.36 (KHTML, like Gecko) Chrome/73.0.3683.75 Safari/537.36',
  'upgrade-insecure-requests' => '1',
  'connection' => 'keep-alive',
  'host' => '192.168.238.144',
  'content-type' => '',
  'content-length' => '',
)
[ info ] [ PARAM ] array (
)
[ info ] [ RUN ] app\home\controller\index->index[ /usr/share/nginx/html/blog/application/home/controller/Index.php ]
[ info ] [ DB ] INIT mysql
[ info ] [ VIEW ] /usr/share/nginx/html/blog/public/../application/home/view/index/index.html [ array (
  0 => 'nav',
) ]
[ info ] [ LOG ] INIT File
[ sql ] [ DB ] CONNECT:[ UseTime:0.159410s ] mysql:host=39.106.158.118;dbname=blog;charset=utf8
[ sql ] [ SQL ] SHOW COLUMNS FROM `b_category` [ RunTime:0.104941s ]
[ sql ] [ SQL ] SELECT * FROM `b_category` [ RunTime:0.201459s ]
---------------------------------------------------------------
[ 2019-03-19T20:15:02+08:00 ] 192.168.238.1 GET 192.168.238.144/blog/public/
[运行时间：0.452434s] [吞吐率：2.21req/s] [内存消耗：552.47kb] [文件加载：48]
[ info ] [ LANG ] /usr/share/nginx/html/blog/thinkphp/lang/zh-cn.php
[ info ] [ ROUTE ] array (
  'type' => 'module',
  'module' => 
  array (
    0 => '',
    1 => NULL,
    2 => NULL,
  ),
)
[ info ] [ HEADER ] array (
  'cookie' => 'thinkphp_show_page_trace=0|4',
  'accept-language' => 'zh-CN,zh;q=0.9',
  'accept-encoding' => 'gzip, deflate',
  'accept' => 'text/html,application/xhtml+xml,application/xml;q=0.9,image/webp,image/apng,*/*;q=0.8,application/signed-exchange;v=b3',
  'user-agent' => 'Mozilla/5.0 (Windows NT 10.0; Win64; x64) AppleWebKit/537.36 (KHTML, like Gecko) Chrome/73.0.3683.75 Safari/537.36',
  'upgrade-insecure-requests' => '1',
  'cache-control' => 'max-age=0',
  'connection' => 'keep-alive',
  'host' => '192.168.238.144',
  'content-type' => '',
  'content-length' => '',
)
[ info ] [ PARAM ] array (
)
[ info ] [ RUN ] app\home\controller\index->index[ /usr/share/nginx/html/blog/application/home/controller/Index.php ]
[ info ] [ DB ] INIT mysql
[ info ] [ VIEW ] /usr/share/nginx/html/blog/public/../application/home/view/index/index.html [ array (
  0 => 'nav',
) ]
[ info ] [ LOG ] INIT File
[ sql ] [ DB ] CONNECT:[ UseTime:0.136414s ] mysql:host=39.106.158.118;dbname=blog;charset=utf8
[ sql ] [ SQL ] SHOW COLUMNS FROM `b_category` [ RunTime:0.102768s ]
[ sql ] [ SQL ] SELECT * FROM `b_category` [ RunTime:0.205836s ]
---------------------------------------------------------------
[ 2019-03-19T20:15:03+08:00 ] 192.168.238.1 GET 192.168.238.144/blog/public/
[运行时间：0.426610s] [吞吐率：2.34req/s] [内存消耗：464.06kb] [文件加载：49]
[ info ] [ LANG ] /usr/share/nginx/html/blog/thinkphp/lang/zh-cn.php
[ info ] [ ROUTE ] array (
  'type' => 'module',
  'module' => 
  array (
    0 => '',
    1 => NULL,
    2 => NULL,
  ),
)
[ info ] [ HEADER ] array (
  'cookie' => 'thinkphp_show_page_trace=0|4',
  'accept-language' => 'zh-CN,zh;q=0.9',
  'accept-encoding' => 'gzip, deflate',
  'accept' => 'text/html,application/xhtml+xml,application/xml;q=0.9,image/webp,image/apng,*/*;q=0.8,application/signed-exchange;v=b3',
  'user-agent' => 'Mozilla/5.0 (Windows NT 10.0; Win64; x64) AppleWebKit/537.36 (KHTML, like Gecko) Chrome/73.0.3683.75 Safari/537.36',
  'upgrade-insecure-requests' => '1',
  'cache-control' => 'max-age=0',
  'connection' => 'keep-alive',
  'host' => '192.168.238.144',
  'content-type' => '',
  'content-length' => '',
)
[ info ] [ PARAM ] array (
)
[ info ] [ RUN ] app\home\controller\index->index[ /usr/share/nginx/html/blog/application/home/controller/Index.php ]
[ info ] [ DB ] INIT mysql
[ info ] [ VIEW ] /usr/share/nginx/html/blog/public/../application/home/view/index/index.html [ array (
  0 => 'nav',
) ]
[ info ] [ LOG ] INIT File
[ sql ] [ DB ] CONNECT:[ UseTime:0.175185s ] mysql:host=39.106.158.118;dbname=blog;charset=utf8
[ sql ] [ SQL ] SHOW COLUMNS FROM `b_category` [ RunTime:0.102618s ]
[ sql ] [ SQL ] SELECT * FROM `b_category` [ RunTime:0.138427s ]
---------------------------------------------------------------
[ 2019-03-19T20:48:07+08:00 ] 192.168.238.1 GET 192.168.238.144/blog/public/
[运行时间：0.808642s] [吞吐率：1.24req/s] [内存消耗：598.10kb] [文件加载：49]
[ info ] [ LANG ] /usr/share/nginx/html/blog/thinkphp/lang/zh-cn.php
[ info ] [ ROUTE ] array (
  'type' => 'module',
  'module' => 
  array (
    0 => '',
    1 => NULL,
    2 => NULL,
  ),
)
[ info ] [ HEADER ] array (
  'cookie' => 'thinkphp_show_page_trace=0|4',
  'accept-language' => 'zh-CN,zh;q=0.9',
  'accept-encoding' => 'gzip, deflate',
  'accept' => 'text/html,application/xhtml+xml,application/xml;q=0.9,image/webp,image/apng,*/*;q=0.8,application/signed-exchange;v=b3',
  'user-agent' => 'Mozilla/5.0 (Windows NT 10.0; Win64; x64) AppleWebKit/537.36 (KHTML, like Gecko) Chrome/73.0.3683.75 Safari/537.36',
  'upgrade-insecure-requests' => '1',
  'connection' => 'keep-alive',
  'host' => '192.168.238.144',
  'content-type' => '',
  'content-length' => '',
)
[ info ] [ PARAM ] array (
)
[ info ] [ RUN ] app\home\controller\index->index[ /usr/share/nginx/html/blog/application/home/controller/Index.php ]
[ info ] [ DB ] INIT mysql
[ info ] [ VIEW ] /usr/share/nginx/html/blog/public/../application/home/view/index/index.html [ array (
  0 => 'nav',
) ]
[ info ] [ LOG ] INIT File
[ sql ] [ DB ] CONNECT:[ UseTime:0.165847s ] mysql:host=39.106.158.118;dbname=blog;charset=utf8
[ sql ] [ SQL ] SHOW COLUMNS FROM `b_category` [ RunTime:0.100883s ]
[ sql ] [ SQL ] SELECT * FROM `b_category` [ RunTime:0.136978s ]
---------------------------------------------------------------
[ 2019-03-19T20:48:31+08:00 ] 192.168.238.1 GET 192.168.238.144/blog/public/
[运行时间：0.449941s] [吞吐率：2.22req/s] [内存消耗：464.02kb] [文件加载：49]
[ info ] [ LANG ] /usr/share/nginx/html/blog/thinkphp/lang/zh-cn.php
[ info ] [ ROUTE ] array (
  'type' => 'module',
  'module' => 
  array (
    0 => '',
    1 => NULL,
    2 => NULL,
  ),
)
[ info ] [ HEADER ] array (
  'cookie' => 'thinkphp_show_page_trace=0|4',
  'accept-language' => 'zh-CN,zh;q=0.9',
  'accept-encoding' => 'gzip, deflate',
  'accept' => 'text/html,application/xhtml+xml,application/xml;q=0.9,image/webp,image/apng,*/*;q=0.8,application/signed-exchange;v=b3',
  'user-agent' => 'Mozilla/5.0 (Windows NT 10.0; Win64; x64) AppleWebKit/537.36 (KHTML, like Gecko) Chrome/73.0.3683.75 Safari/537.36',
  'upgrade-insecure-requests' => '1',
  'connection' => 'keep-alive',
  'host' => '192.168.238.144',
  'content-type' => '',
  'content-length' => '',
)
[ info ] [ PARAM ] array (
)
[ info ] [ RUN ] app\home\controller\index->index[ /usr/share/nginx/html/blog/application/home/controller/Index.php ]
[ info ] [ DB ] INIT mysql
[ info ] [ VIEW ] /usr/share/nginx/html/blog/public/../application/home/view/index/index.html [ array (
  0 => 'nav',
) ]
[ info ] [ LOG ] INIT File
[ sql ] [ DB ] CONNECT:[ UseTime:0.121970s ] mysql:host=39.106.158.118;dbname=blog;charset=utf8
[ sql ] [ SQL ] SHOW COLUMNS FROM `b_category` [ RunTime:0.105305s ]
[ sql ] [ SQL ] SELECT * FROM `b_category` [ RunTime:0.201409s ]
---------------------------------------------------------------
[ 2019-03-19T20:49:17+08:00 ] 192.168.238.1 GET 192.168.238.144/blog/public/
[运行时间：0.503421s] [吞吐率：1.99req/s] [内存消耗：464.06kb] [文件加载：49]
[ info ] [ LANG ] /usr/share/nginx/html/blog/thinkphp/lang/zh-cn.php
[ info ] [ ROUTE ] array (
  'type' => 'module',
  'module' => 
  array (
    0 => '',
    1 => NULL,
    2 => NULL,
  ),
)
[ info ] [ HEADER ] array (
  'cookie' => 'thinkphp_show_page_trace=0|4',
  'accept-language' => 'zh-CN,zh;q=0.9',
  'accept-encoding' => 'gzip, deflate',
  'accept' => 'text/html,application/xhtml+xml,application/xml;q=0.9,image/webp,image/apng,*/*;q=0.8,application/signed-exchange;v=b3',
  'user-agent' => 'Mozilla/5.0 (Windows NT 10.0; Win64; x64) AppleWebKit/537.36 (KHTML, like Gecko) Chrome/73.0.3683.75 Safari/537.36',
  'upgrade-insecure-requests' => '1',
  'cache-control' => 'max-age=0',
  'connection' => 'keep-alive',
  'host' => '192.168.238.144',
  'content-type' => '',
  'content-length' => '',
)
[ info ] [ PARAM ] array (
)
[ info ] [ RUN ] app\home\controller\index->index[ /usr/share/nginx/html/blog/application/home/controller/Index.php ]
[ info ] [ DB ] INIT mysql
[ info ] [ VIEW ] /usr/share/nginx/html/blog/public/../application/home/view/index/index.html [ array (
  0 => 'nav',
) ]
[ info ] [ LOG ] INIT File
[ sql ] [ DB ] CONNECT:[ UseTime:0.171887s ] mysql:host=39.106.158.118;dbname=blog;charset=utf8
[ sql ] [ SQL ] SHOW COLUMNS FROM `b_category` [ RunTime:0.105563s ]
[ sql ] [ SQL ] SELECT * FROM `b_category` [ RunTime:0.203689s ]
---------------------------------------------------------------
[ 2019-03-19T20:57:59+08:00 ] 192.168.238.1 GET 192.168.238.144/blog/public/
[运行时间：0.495273s] [吞吐率：2.02req/s] [内存消耗：464.06kb] [文件加载：49]
[ info ] [ LANG ] /usr/share/nginx/html/blog/thinkphp/lang/zh-cn.php
[ info ] [ ROUTE ] array (
  'type' => 'module',
  'module' => 
  array (
    0 => '',
    1 => NULL,
    2 => NULL,
  ),
)
[ info ] [ HEADER ] array (
  'cookie' => 'thinkphp_show_page_trace=0|4',
  'accept-language' => 'zh-CN,zh;q=0.9',
  'accept-encoding' => 'gzip, deflate',
  'accept' => 'text/html,application/xhtml+xml,application/xml;q=0.9,image/webp,image/apng,*/*;q=0.8,application/signed-exchange;v=b3',
  'user-agent' => 'Mozilla/5.0 (Windows NT 10.0; Win64; x64) AppleWebKit/537.36 (KHTML, like Gecko) Chrome/73.0.3683.75 Safari/537.36',
  'upgrade-insecure-requests' => '1',
  'cache-control' => 'max-age=0',
  'connection' => 'keep-alive',
  'host' => '192.168.238.144',
  'content-type' => '',
  'content-length' => '',
)
[ info ] [ PARAM ] array (
)
[ info ] [ RUN ] app\home\controller\index->index[ /usr/share/nginx/html/blog/application/home/controller/Index.php ]
[ info ] [ DB ] INIT mysql
[ info ] [ VIEW ] /usr/share/nginx/html/blog/public/../application/home/view/index/index.html [ array (
  0 => 'nav',
) ]
[ info ] [ LOG ] INIT File
[ sql ] [ DB ] CONNECT:[ UseTime:0.178305s ] mysql:host=39.106.158.118;dbname=blog;charset=utf8
[ sql ] [ SQL ] SHOW COLUMNS FROM `b_category` [ RunTime:0.100756s ]
[ sql ] [ SQL ] SELECT * FROM `b_category` [ RunTime:0.203063s ]
